2020-09-28 14:32:23,632 [Worker-2: Loading available Gradle versions] INFO  o.e.b.c.i.u.g.PublishedGradleVersions - Gradle version information cache is up-to-date. Trying to read.
2020-09-29 10:07:04,542 [Worker-0: Loading available Gradle versions] INFO  o.e.b.c.i.u.g.PublishedGradleVersions - Gradle version information cache is out-of-date. Trying to update.
2020-09-29 14:31:40,598 [Worker-0: Loading available Gradle versions] INFO  o.e.b.c.i.u.g.PublishedGradleVersions - Gradle version information cache is up-to-date. Trying to read.
2020-09-29 16:52:10,973 [Worker-55: Updating Maven Dependencies] INFO  o.e.m.c.i.l.LifecycleMappingFactory - Using org.eclipse.m2e.jdt.JarLifecycleMapping lifecycle mapping for MavenProject: com.revature.eval.java:core:1.0 @ C:\Users\enocho\Desktop\Revature Project\Question Homeworks\2009sep28react-enochcho\pom.xml.
2020-09-29 16:52:10,972 [Worker-59: Building] INFO  o.e.m.c.i.l.LifecycleMappingFactory - Using org.eclipse.m2e.jdt.JarLifecycleMapping lifecycle mapping for MavenProject: com.revature.eval.java:core:1.0 @ C:\Users\enocho\Desktop\Revature Project\Question Homeworks\2009sep28react-enochcho\pom.xml.
2020-09-29 16:52:16,277 [Worker-59: Building] INFO  o.e.m.c.i.embedder.EclipseLogger - Using 'UTF-8' encoding to copy filtered resources.
2020-09-29 16:52:16,278 [Worker-59: Building] INFO  o.e.m.c.i.embedder.EclipseLogger - skip non existing resourceDirectory C:\Users\enocho\Desktop\Revature Project\Question Homeworks\2009sep28react-enochcho\src\main\resources
2020-09-29 16:52:16,281 [Worker-59: Building] INFO  o.e.m.c.i.embedder.EclipseLogger - Using 'UTF-8' encoding to copy filtered resources.
2020-09-29 16:52:16,282 [Worker-59: Building] INFO  o.e.m.c.i.embedder.EclipseLogger - skip non existing resourceDirectory C:\Users\enocho\Desktop\Revature Project\Question Homeworks\2009sep28react-enochcho\src\test\resources
2020-09-29 16:52:18,826 [Worker-56: Updating Maven Dependencies] INFO  o.e.m.c.i.l.LifecycleMappingFactory - Using org.eclipse.m2e.jdt.JarLifecycleMapping lifecycle mapping for MavenProject: com.revature.eval.java:core:1.0 @ C:\Users\enocho\Desktop\Revature Project\Question Homeworks\2009sep28react-enochcho\pom.xml.
2020-09-29 16:52:20,440 [Worker-57: Building] INFO  o.e.m.c.i.embedder.EclipseLogger - Using 'UTF-8' encoding to copy filtered resources.
2020-09-29 16:52:20,440 [Worker-57: Building] INFO  o.e.m.c.i.embedder.EclipseLogger - skip non existing resourceDirectory C:\Users\enocho\Desktop\Revature Project\Question Homeworks\2009sep28react-enochcho\src\main\resources
2020-09-29 16:52:20,443 [Worker-57: Building] INFO  o.e.m.c.i.embedder.EclipseLogger - Using 'UTF-8' encoding to copy filtered resources.
2020-09-29 16:52:20,444 [Worker-57: Building] INFO  o.e.m.c.i.embedder.EclipseLogger - skip non existing resourceDirectory C:\Users\enocho\Desktop\Revature Project\Question Homeworks\2009sep28react-enochcho\src\test\resources
2020-09-29 16:54:18,472 [Worker-59: Building] INFO  o.e.m.c.i.embedder.EclipseLogger - Using 'UTF-8' encoding to copy filtered resources.
2020-09-29 16:54:18,472 [Worker-59: Building] INFO  o.e.m.c.i.embedder.EclipseLogger - skip non existing resourceDirectory C:\Users\enocho\Desktop\Revature Project\Question Homeworks\2009sep28react-enochcho\src\main\resources
2020-09-29 16:54:18,473 [Worker-59: Building] INFO  o.e.m.c.i.embedder.EclipseLogger - Using 'UTF-8' encoding to copy filtered resources.
2020-09-29 16:54:18,474 [Worker-59: Building] INFO  o.e.m.c.i.embedder.EclipseLogger - skip non existing resourceDirectory C:\Users\enocho\Desktop\Revature Project\Question Homeworks\2009sep28react-enochcho\src\test\resources
2020-09-29 19:34:10,635 [Worker-81: Launching testing] INFO  o.e.m.c.i.embedder.EclipseLogger - Using 'UTF-8' encoding to copy filtered resources.
2020-09-29 19:34:10,637 [Worker-81: Launching testing] INFO  o.e.m.c.i.embedder.EclipseLogger - skip non existing resourceDirectory C:\Users\enocho\Desktop\Revature Project\Question Homeworks\2009sep28react-enochcho\src\main\resources
2020-09-29 19:34:10,639 [Worker-81: Launching testing] INFO  o.e.m.c.i.embedder.EclipseLogger - Using 'UTF-8' encoding to copy filtered resources.
2020-09-29 19:34:10,639 [Worker-81: Launching testing] INFO  o.e.m.c.i.embedder.EclipseLogger - skip non existing resourceDirectory C:\Users\enocho\Desktop\Revature Project\Question Homeworks\2009sep28react-enochcho\src\test\resources
2020-09-29 19:39:34,917 [Worker-84: Building] INFO  o.e.m.c.i.embedder.EclipseLogger - Using 'UTF-8' encoding to copy filtered resources.
2020-09-29 19:39:34,917 [Worker-84: Building] INFO  o.e.m.c.i.embedder.EclipseLogger - skip non existing resourceDirectory C:\Users\enocho\Desktop\Revature Project\Question Homeworks\2009sep28react-enochcho\src\main\resources
2020-09-29 19:39:34,919 [Worker-84: Building] INFO  o.e.m.c.i.embedder.EclipseLogger - Using 'UTF-8' encoding to copy filtered resources.
2020-09-29 19:39:34,920 [Worker-84: Building] INFO  o.e.m.c.i.embedder.EclipseLogger - skip non existing resourceDirectory C:\Users\enocho\Desktop\Revature Project\Question Homeworks\2009sep28react-enochcho\src\test\resources
2020-09-29 19:41:33,238 [Worker-85: Launching EvaluationServiceTest.findsAValueInAnArrayOfOddLength] INFO  o.e.m.c.i.embedder.EclipseLogger - Using 'UTF-8' encoding to copy filtered resources.
2020-09-29 19:41:33,239 [Worker-85: Launching EvaluationServiceTest.findsAValueInAnArrayOfOddLength] INFO  o.e.m.c.i.embedder.EclipseLogger - skip non existing resourceDirectory C:\Users\enocho\Desktop\Revature Project\Question Homeworks\2009sep28react-enochcho\src\main\resources
2020-09-29 19:41:33,241 [Worker-85: Launching EvaluationServiceTest.findsAValueInAnArrayOfOddLength] INFO  o.e.m.c.i.embedder.EclipseLogger - Using 'UTF-8' encoding to copy filtered resources.
2020-09-29 19:41:33,241 [Worker-85: Launching EvaluationServiceTest.findsAValueInAnArrayOfOddLength] INFO  o.e.m.c.i.embedder.EclipseLogger - skip non existing resourceDirectory C:\Users\enocho\Desktop\Revature Project\Question Homeworks\2009sep28react-enochcho\src\test\resources
2020-09-29 20:27:20,370 [Worker-95: Building] INFO  o.e.m.c.i.embedder.EclipseLogger - Using 'UTF-8' encoding to copy filtered resources.
2020-09-29 20:27:20,370 [Worker-95: Building] INFO  o.e.m.c.i.embedder.EclipseLogger - skip non existing resourceDirectory C:\Users\enocho\Desktop\Revature Project\Question Homeworks\2009sep28react-enochcho\src\main\resources
2020-09-29 20:27:20,372 [Worker-95: Building] INFO  o.e.m.c.i.embedder.EclipseLogger - Using 'UTF-8' encoding to copy filtered resources.
2020-09-29 20:27:20,372 [Worker-95: Building] INFO  o.e.m.c.i.embedder.EclipseLogger - skip non existing resourceDirectory C:\Users\enocho\Desktop\Revature Project\Question Homeworks\2009sep28react-enochcho\src\test\resources
2020-09-29 20:30:42,560 [Worker-95: Launching testing] INFO  o.e.m.c.i.embedder.EclipseLogger - Using 'UTF-8' encoding to copy filtered resources.
2020-09-29 20:30:42,561 [Worker-95: Launching testing] INFO  o.e.m.c.i.embedder.EclipseLogger - skip non existing resourceDirectory C:\Users\enocho\Desktop\Revature Project\Question Homeworks\2009sep28react-enochcho\src\main\resources
2020-09-29 20:30:42,565 [Worker-95: Launching testing] INFO  o.e.m.c.i.embedder.EclipseLogger - Using 'UTF-8' encoding to copy filtered resources.
2020-09-29 20:30:42,565 [Worker-95: Launching testing] INFO  o.e.m.c.i.embedder.EclipseLogger - skip non existing resourceDirectory C:\Users\enocho\Desktop\Revature Project\Question Homeworks\2009sep28react-enochcho\src\test\resources
2020-09-29 20:31:42,886 [Worker-96: Building] INFO  o.e.m.c.i.embedder.EclipseLogger - Using 'UTF-8' encoding to copy filtered resources.
2020-09-29 20:31:42,887 [Worker-96: Building] INFO  o.e.m.c.i.embedder.EclipseLogger - skip non existing resourceDirectory C:\Users\enocho\Desktop\Revature Project\Question Homeworks\2009sep28react-enochcho\src\main\resources
2020-09-29 20:31:42,890 [Worker-96: Building] INFO  o.e.m.c.i.embedder.EclipseLogger - Using 'UTF-8' encoding to copy filtered resources.
2020-09-29 20:31:42,890 [Worker-96: Building] INFO  o.e.m.c.i.embedder.EclipseLogger - skip non existing resourceDirectory C:\Users\enocho\Desktop\Revature Project\Question Homeworks\2009sep28react-enochcho\src\test\resources
2020-09-29 20:35:49,741 [Worker-93: Building] INFO  o.e.m.c.i.embedder.EclipseLogger - Using 'UTF-8' encoding to copy filtered resources.
2020-09-29 20:35:49,742 [Worker-93: Building] INFO  o.e.m.c.i.embedder.EclipseLogger - skip non existing resourceDirectory C:\Users\enocho\Desktop\Revature Project\Question Homeworks\2009sep28react-enochcho\src\main\resources
2020-09-29 20:35:49,744 [Worker-93: Building] INFO  o.e.m.c.i.embedder.EclipseLogger - Using 'UTF-8' encoding to copy filtered resources.
2020-09-29 20:35:49,744 [Worker-93: Building] INFO  o.e.m.c.i.embedder.EclipseLogger - skip non existing resourceDirectory C:\Users\enocho\Desktop\Revature Project\Question Homeworks\2009sep28react-enochcho\src\test\resources
2020-09-29 20:36:31,519 [Worker-106: Building] INFO  o.e.m.c.i.embedder.EclipseLogger - Using 'UTF-8' encoding to copy filtered resources.
2020-09-29 20:36:31,520 [Worker-106: Building] INFO  o.e.m.c.i.embedder.EclipseLogger - skip non existing resourceDirectory C:\Users\enocho\Desktop\Revature Project\Question Homeworks\2009sep28react-enochcho\src\main\resources
2020-09-29 20:36:31,521 [Worker-106: Building] INFO  o.e.m.c.i.embedder.EclipseLogger - Using 'UTF-8' encoding to copy filtered resources.
2020-09-29 20:36:31,522 [Worker-106: Building] INFO  o.e.m.c.i.embedder.EclipseLogger - skip non existing resourceDirectory C:\Users\enocho\Desktop\Revature Project\Question Homeworks\2009sep28react-enochcho\src\test\resources
2020-09-29 20:37:13,308 [Worker-101: Launching testing] INFO  o.e.m.c.i.embedder.EclipseLogger - Using 'UTF-8' encoding to copy filtered resources.
2020-09-29 20:37:13,308 [Worker-101: Launching testing] INFO  o.e.m.c.i.embedder.EclipseLogger - skip non existing resourceDirectory C:\Users\enocho\Desktop\Revature Project\Question Homeworks\2009sep28react-enochcho\src\main\resources
2020-09-29 20:37:13,309 [Worker-101: Launching testing] INFO  o.e.m.c.i.embedder.EclipseLogger - Using 'UTF-8' encoding to copy filtered resources.
2020-09-29 20:37:13,309 [Worker-101: Launching testing] INFO  o.e.m.c.i.embedder.EclipseLogger - skip non existing resourceDirectory C:\Users\enocho\Desktop\Revature Project\Question Homeworks\2009sep28react-enochcho\src\test\resources
2020-09-29 20:39:04,066 [Worker-109: Building] INFO  o.e.m.c.i.embedder.EclipseLogger - Using 'UTF-8' encoding to copy filtered resources.
2020-09-29 20:39:04,067 [Worker-109: Building] INFO  o.e.m.c.i.embedder.EclipseLogger - skip non existing resourceDirectory C:\Users\enocho\Desktop\Revature Project\Question Homeworks\2009sep28react-enochcho\src\main\resources
2020-09-29 20:39:04,068 [Worker-109: Building] INFO  o.e.m.c.i.embedder.EclipseLogger - Using 'UTF-8' encoding to copy filtered resources.
2020-09-29 20:39:04,069 [Worker-109: Building] INFO  o.e.m.c.i.embedder.EclipseLogger - skip non existing resourceDirectory C:\Users\enocho\Desktop\Revature Project\Question Homeworks\2009sep28react-enochcho\src\test\resources
2020-09-29 20:39:10,025 [Worker-110: Building] INFO  o.e.m.c.i.embedder.EclipseLogger - Using 'UTF-8' encoding to copy filtered resources.
2020-09-29 20:39:10,026 [Worker-110: Building] INFO  o.e.m.c.i.embedder.EclipseLogger - skip non existing resourceDirectory C:\Users\enocho\Desktop\Revature Project\Question Homeworks\2009sep28react-enochcho\src\main\resources
2020-09-29 20:39:10,027 [Worker-110: Building] INFO  o.e.m.c.i.embedder.EclipseLogger - Using 'UTF-8' encoding to copy filtered resources.
2020-09-29 20:39:10,028 [Worker-110: Building] INFO  o.e.m.c.i.embedder.EclipseLogger - skip non existing resourceDirectory C:\Users\enocho\Desktop\Revature Project\Question Homeworks\2009sep28react-enochcho\src\test\resources
2020-09-29 21:12:09,317 [Worker-121: Building] INFO  o.e.m.c.i.embedder.EclipseLogger - Using 'UTF-8' encoding to copy filtered resources.
2020-09-29 21:12:09,318 [Worker-121: Building] INFO  o.e.m.c.i.embedder.EclipseLogger - skip non existing resourceDirectory C:\Users\enocho\Desktop\Revature Project\Question Homeworks\2009sep28react-enochcho\src\main\resources
2020-09-29 21:12:09,319 [Worker-121: Building] INFO  o.e.m.c.i.embedder.EclipseLogger - Using 'UTF-8' encoding to copy filtered resources.
2020-09-29 21:12:09,319 [Worker-121: Building] INFO  o.e.m.c.i.embedder.EclipseLogger - skip non existing resourceDirectory C:\Users\enocho\Desktop\Revature Project\Question Homeworks\2009sep28react-enochcho\src\test\resources
2020-09-29 21:13:07,260 [Worker-121: Launching EvaluationServiceTest.fourDigitNumberIsArmstrongNumber] INFO  o.e.m.c.i.embedder.EclipseLogger - Using 'UTF-8' encoding to copy filtered resources.
2020-09-29 21:13:07,261 [Worker-121: Launching EvaluationServiceTest.fourDigitNumberIsArmstrongNumber] INFO  o.e.m.c.i.embedder.EclipseLogger - skip non existing resourceDirectory C:\Users\enocho\Desktop\Revature Project\Question Homeworks\2009sep28react-enochcho\src\main\resources
2020-09-29 21:13:07,263 [Worker-121: Launching EvaluationServiceTest.fourDigitNumberIsArmstrongNumber] INFO  o.e.m.c.i.embedder.EclipseLogger - Using 'UTF-8' encoding to copy filtered resources.
2020-09-29 21:13:07,263 [Worker-121: Launching EvaluationServiceTest.fourDigitNumberIsArmstrongNumber] INFO  o.e.m.c.i.embedder.EclipseLogger - skip non existing resourceDirectory C:\Users\enocho\Desktop\Revature Project\Question Homeworks\2009sep28react-enochcho\src\test\resources
2020-09-29 21:14:24,365 [Worker-123: Building] INFO  o.e.m.c.i.embedder.EclipseLogger - Using 'UTF-8' encoding to copy filtered resources.
2020-09-29 21:14:24,365 [Worker-123: Building] INFO  o.e.m.c.i.embedder.EclipseLogger - skip non existing resourceDirectory C:\Users\enocho\Desktop\Revature Project\Question Homeworks\2009sep28react-enochcho\src\main\resources
2020-09-29 21:14:24,369 [Worker-123: Building] INFO  o.e.m.c.i.embedder.EclipseLogger - Using 'UTF-8' encoding to copy filtered resources.
2020-09-29 21:14:24,369 [Worker-123: Building] INFO  o.e.m.c.i.embedder.EclipseLogger - skip non existing resourceDirectory C:\Users\enocho\Desktop\Revature Project\Question Homeworks\2009sep28react-enochcho\src\test\resources
2020-09-29 21:17:17,884 [Worker-119: Building] INFO  o.e.m.c.i.embedder.EclipseLogger - Using 'UTF-8' encoding to copy filtered resources.
2020-09-29 21:17:17,884 [Worker-119: Building] INFO  o.e.m.c.i.embedder.EclipseLogger - skip non existing resourceDirectory C:\Users\enocho\Desktop\Revature Project\Question Homeworks\2009sep28react-enochcho\src\main\resources
2020-09-29 21:17:17,886 [Worker-119: Building] INFO  o.e.m.c.i.embedder.EclipseLogger - Using 'UTF-8' encoding to copy filtered resources.
2020-09-29 21:17:17,886 [Worker-119: Building] INFO  o.e.m.c.i.embedder.EclipseLogger - skip non existing resourceDirectory C:\Users\enocho\Desktop\Revature Project\Question Homeworks\2009sep28react-enochcho\src\test\resources
2020-09-29 21:18:42,616 [Worker-117: Launching testing] INFO  o.e.m.c.i.embedder.EclipseLogger - Using 'UTF-8' encoding to copy filtered resources.
2020-09-29 21:18:42,617 [Worker-117: Launching testing] INFO  o.e.m.c.i.embedder.EclipseLogger - skip non existing resourceDirectory C:\Users\enocho\Desktop\Revature Project\Question Homeworks\2009sep28react-enochcho\src\main\resources
2020-09-29 21:18:42,619 [Worker-117: Launching testing] INFO  o.e.m.c.i.embedder.EclipseLogger - Using 'UTF-8' encoding to copy filtered resources.
2020-09-29 21:18:42,619 [Worker-117: Launching testing] INFO  o.e.m.c.i.embedder.EclipseLogger - skip non existing resourceDirectory C:\Users\enocho\Desktop\Revature Project\Question Homeworks\2009sep28react-enochcho\src\test\resources
2020-09-29 21:19:00,110 [Worker-120: Launching testing] INFO  o.e.m.c.i.embedder.EclipseLogger - Using 'UTF-8' encoding to copy filtered resources.
2020-09-29 21:19:00,111 [Worker-120: Launching testing] INFO  o.e.m.c.i.embedder.EclipseLogger - skip non existing resourceDirectory C:\Users\enocho\Desktop\Revature Project\Question Homeworks\2009sep28react-enochcho\src\main\resources
2020-09-29 21:19:00,112 [Worker-120: Launching testing] INFO  o.e.m.c.i.embedder.EclipseLogger - Using 'UTF-8' encoding to copy filtered resources.
2020-09-29 21:19:00,113 [Worker-120: Launching testing] INFO  o.e.m.c.i.embedder.EclipseLogger - skip non existing resourceDirectory C:\Users\enocho\Desktop\Revature Project\Question Homeworks\2009sep28react-enochcho\src\test\resources
2020-09-29 21:20:10,390 [Worker-124: Building] INFO  o.e.m.c.i.embedder.EclipseLogger - Using 'UTF-8' encoding to copy filtered resources.
2020-09-29 21:20:10,391 [Worker-124: Building] INFO  o.e.m.c.i.embedder.EclipseLogger - skip non existing resourceDirectory C:\Users\enocho\Desktop\Revature Project\Question Homeworks\2009sep28react-enochcho\src\main\resources
2020-09-29 21:20:10,393 [Worker-124: Building] INFO  o.e.m.c.i.embedder.EclipseLogger - Using 'UTF-8' encoding to copy filtered resources.
2020-09-29 21:20:10,393 [Worker-124: Building] INFO  o.e.m.c.i.embedder.EclipseLogger - skip non existing resourceDirectory C:\Users\enocho\Desktop\Revature Project\Question Homeworks\2009sep28react-enochcho\src\test\resources
2020-09-29 21:21:43,103 [Worker-121: Building] INFO  o.e.m.c.i.embedder.EclipseLogger - Using 'UTF-8' encoding to copy filtered resources.
2020-09-29 21:21:43,104 [Worker-121: Building] INFO  o.e.m.c.i.embedder.EclipseLogger - skip non existing resourceDirectory C:\Users\enocho\Desktop\Revature Project\Question Homeworks\2009sep28react-enochcho\src\main\resources
2020-09-29 21:21:43,106 [Worker-121: Building] INFO  o.e.m.c.i.embedder.EclipseLogger - Using 'UTF-8' encoding to copy filtered resources.
2020-09-29 21:21:43,106 [Worker-121: Building] INFO  o.e.m.c.i.embedder.EclipseLogger - skip non existing resourceDirectory C:\Users\enocho\Desktop\Revature Project\Question Homeworks\2009sep28react-enochcho\src\test\resources
2020-09-29 21:22:16,894 [Worker-125: Launching testing] INFO  o.e.m.c.i.embedder.EclipseLogger - Using 'UTF-8' encoding to copy filtered resources.
2020-09-29 21:22:16,894 [Worker-125: Launching testing] INFO  o.e.m.c.i.embedder.EclipseLogger - skip non existing resourceDirectory C:\Users\enocho\Desktop\Revature Project\Question Homeworks\2009sep28react-enochcho\src\main\resources
2020-09-29 21:22:16,896 [Worker-125: Launching testing] INFO  o.e.m.c.i.embedder.EclipseLogger - Using 'UTF-8' encoding to copy filtered resources.
2020-09-29 21:22:16,896 [Worker-125: Launching testing] INFO  o.e.m.c.i.embedder.EclipseLogger - skip non existing resourceDirectory C:\Users\enocho\Desktop\Revature Project\Question Homeworks\2009sep28react-enochcho\src\test\resources
2020-09-29 21:23:04,848 [Worker-122: Launching testing] INFO  o.e.m.c.i.embedder.EclipseLogger - Using 'UTF-8' encoding to copy filtered resources.
2020-09-29 21:23:04,848 [Worker-122: Launching testing] INFO  o.e.m.c.i.embedder.EclipseLogger - skip non existing resourceDirectory C:\Users\enocho\Desktop\Revature Project\Question Homeworks\2009sep28react-enochcho\src\main\resources
2020-09-29 21:23:04,850 [Worker-122: Launching testing] INFO  o.e.m.c.i.embedder.EclipseLogger - Using 'UTF-8' encoding to copy filtered resources.
2020-09-29 21:23:04,850 [Worker-122: Launching testing] INFO  o.e.m.c.i.embedder.EclipseLogger - skip non existing resourceDirectory C:\Users\enocho\Desktop\Revature Project\Question Homeworks\2009sep28react-enochcho\src\test\resources
2020-09-29 21:23:15,432 [Worker-120: Launching testing] INFO  o.e.m.c.i.embedder.EclipseLogger - Using 'UTF-8' encoding to copy filtered resources.
2020-09-29 21:23:15,433 [Worker-120: Launching testing] INFO  o.e.m.c.i.embedder.EclipseLogger - skip non existing resourceDirectory C:\Users\enocho\Desktop\Revature Project\Question Homeworks\2009sep28react-enochcho\src\main\resources
2020-09-29 21:23:15,434 [Worker-120: Launching testing] INFO  o.e.m.c.i.embedder.EclipseLogger - Using 'UTF-8' encoding to copy filtered resources.
2020-09-29 21:23:15,435 [Worker-120: Launching testing] INFO  o.e.m.c.i.embedder.EclipseLogger - skip non existing resourceDirectory C:\Users\enocho\Desktop\Revature Project\Question Homeworks\2009sep28react-enochcho\src\test\resources
2020-09-29 21:27:45,140 [Worker-131: Launching testing] INFO  o.e.m.c.i.embedder.EclipseLogger - Using 'UTF-8' encoding to copy filtered resources.
2020-09-29 21:27:45,141 [Worker-131: Launching testing] INFO  o.e.m.c.i.embedder.EclipseLogger - skip non existing resourceDirectory C:\Users\enocho\Desktop\Revature Project\Question Homeworks\2009sep28react-enochcho\src\main\resources
2020-09-29 21:27:45,143 [Worker-131: Launching testing] INFO  o.e.m.c.i.embedder.EclipseLogger - Using 'UTF-8' encoding to copy filtered resources.
2020-09-29 21:27:45,143 [Worker-131: Launching testing] INFO  o.e.m.c.i.embedder.EclipseLogger - skip non existing resourceDirectory C:\Users\enocho\Desktop\Revature Project\Question Homeworks\2009sep28react-enochcho\src\test\resources
2020-09-29 21:29:55,925 [Worker-131: Launching testing] INFO  o.e.m.c.i.embedder.EclipseLogger - Using 'UTF-8' encoding to copy filtered resources.
2020-09-29 21:29:55,926 [Worker-131: Launching testing] INFO  o.e.m.c.i.embedder.EclipseLogger - skip non existing resourceDirectory C:\Users\enocho\Desktop\Revature Project\Question Homeworks\2009sep28react-enochcho\src\main\resources
2020-09-29 21:29:55,927 [Worker-131: Launching testing] INFO  o.e.m.c.i.embedder.EclipseLogger - Using 'UTF-8' encoding to copy filtered resources.
2020-09-29 21:29:55,928 [Worker-131: Launching testing] INFO  o.e.m.c.i.embedder.EclipseLogger - skip non existing resourceDirectory C:\Users\enocho\Desktop\Revature Project\Question Homeworks\2009sep28react-enochcho\src\test\resources
2020-09-29 21:35:17,218 [Worker-139: Launching testing] INFO  o.e.m.c.i.embedder.EclipseLogger - Using 'UTF-8' encoding to copy filtered resources.
2020-09-29 21:35:17,219 [Worker-139: Launching testing] INFO  o.e.m.c.i.embedder.EclipseLogger - skip non existing resourceDirectory C:\Users\enocho\Desktop\Revature Project\Question Homeworks\2009sep28react-enochcho\src\main\resources
2020-09-29 21:35:17,221 [Worker-139: Launching testing] INFO  o.e.m.c.i.embedder.EclipseLogger - Using 'UTF-8' encoding to copy filtered resources.
2020-09-29 21:35:17,221 [Worker-139: Launching testing] INFO  o.e.m.c.i.embedder.EclipseLogger - skip non existing resourceDirectory C:\Users\enocho\Desktop\Revature Project\Question Homeworks\2009sep28react-enochcho\src\test\resources
2020-09-29 21:36:36,008 [Worker-132: Building] INFO  o.e.m.c.i.embedder.EclipseLogger - Using 'UTF-8' encoding to copy filtered resources.
2020-09-29 21:36:36,008 [Worker-132: Building] INFO  o.e.m.c.i.embedder.EclipseLogger - skip non existing resourceDirectory C:\Users\enocho\Desktop\Revature Project\Question Homeworks\2009sep28react-enochcho\src\main\resources
2020-09-29 21:36:36,010 [Worker-132: Building] INFO  o.e.m.c.i.embedder.EclipseLogger - Using 'UTF-8' encoding to copy filtered resources.
2020-09-29 21:36:36,010 [Worker-132: Building] INFO  o.e.m.c.i.embedder.EclipseLogger - skip non existing resourceDirectory C:\Users\enocho\Desktop\Revature Project\Question Homeworks\2009sep28react-enochcho\src\test\resources
2020-09-29 21:37:03,553 [Worker-139: Launching testing] INFO  o.e.m.c.i.embedder.EclipseLogger - Using 'UTF-8' encoding to copy filtered resources.
2020-09-29 21:37:03,553 [Worker-139: Launching testing] INFO  o.e.m.c.i.embedder.EclipseLogger - skip non existing resourceDirectory C:\Users\enocho\Desktop\Revature Project\Question Homeworks\2009sep28react-enochcho\src\main\resources
2020-09-29 21:37:03,555 [Worker-139: Launching testing] INFO  o.e.m.c.i.embedder.EclipseLogger - Using 'UTF-8' encoding to copy filtered resources.
2020-09-29 21:37:03,555 [Worker-139: Launching testing] INFO  o.e.m.c.i.embedder.EclipseLogger - skip non existing resourceDirectory C:\Users\enocho\Desktop\Revature Project\Question Homeworks\2009sep28react-enochcho\src\test\resources
2020-09-29 21:46:36,485 [Worker-141: Launching testing] INFO  o.e.m.c.i.embedder.EclipseLogger - Using 'UTF-8' encoding to copy filtered resources.
2020-09-29 21:46:36,486 [Worker-141: Launching testing] INFO  o.e.m.c.i.embedder.EclipseLogger - skip non existing resourceDirectory C:\Users\enocho\Desktop\Revature Project\Question Homeworks\2009sep28react-enochcho\src\main\resources
2020-09-29 21:46:36,487 [Worker-141: Launching testing] INFO  o.e.m.c.i.embedder.EclipseLogger - Using 'UTF-8' encoding to copy filtered resources.
2020-09-29 21:46:36,487 [Worker-141: Launching testing] INFO  o.e.m.c.i.embedder.EclipseLogger - skip non existing resourceDirectory C:\Users\enocho\Desktop\Revature Project\Question Homeworks\2009sep28react-enochcho\src\test\resources
2020-09-29 21:47:25,966 [Worker-131: Launching testing] INFO  o.e.m.c.i.embedder.EclipseLogger - Using 'UTF-8' encoding to copy filtered resources.
2020-09-29 21:47:25,967 [Worker-131: Launching testing] INFO  o.e.m.c.i.embedder.EclipseLogger - skip non existing resourceDirectory C:\Users\enocho\Desktop\Revature Project\Question Homeworks\2009sep28react-enochcho\src\main\resources
2020-09-29 21:47:25,969 [Worker-131: Launching testing] INFO  o.e.m.c.i.embedder.EclipseLogger - Using 'UTF-8' encoding to copy filtered resources.
2020-09-29 21:47:25,969 [Worker-131: Launching testing] INFO  o.e.m.c.i.embedder.EclipseLogger - skip non existing resourceDirectory C:\Users\enocho\Desktop\Revature Project\Question Homeworks\2009sep28react-enochcho\src\test\resources
2020-09-29 21:48:57,236 [Worker-142: Launching EvaluationServiceTest.testProductOfPrimesAndNonPrimes] INFO  o.e.m.c.i.embedder.EclipseLogger - Using 'UTF-8' encoding to copy filtered resources.
2020-09-29 21:48:57,236 [Worker-142: Launching EvaluationServiceTest.testProductOfPrimesAndNonPrimes] INFO  o.e.m.c.i.embedder.EclipseLogger - skip non existing resourceDirectory C:\Users\enocho\Desktop\Revature Project\Question Homeworks\2009sep28react-enochcho\src\main\resources
2020-09-29 21:48:57,238 [Worker-142: Launching EvaluationServiceTest.testProductOfPrimesAndNonPrimes] INFO  o.e.m.c.i.embedder.EclipseLogger - Using 'UTF-8' encoding to copy filtered resources.
2020-09-29 21:48:57,238 [Worker-142: Launching EvaluationServiceTest.testProductOfPrimesAndNonPrimes] INFO  o.e.m.c.i.embedder.EclipseLogger - skip non existing resourceDirectory C:\Users\enocho\Desktop\Revature Project\Question Homeworks\2009sep28react-enochcho\src\test\resources
2020-09-29 21:49:43,463 [Worker-131: Building] INFO  o.e.m.c.i.embedder.EclipseLogger - Using 'UTF-8' encoding to copy filtered resources.
2020-09-29 21:49:43,463 [Worker-131: Building] INFO  o.e.m.c.i.embedder.EclipseLogger - skip non existing resourceDirectory C:\Users\enocho\Desktop\Revature Project\Question Homeworks\2009sep28react-enochcho\src\main\resources
2020-09-29 21:49:43,465 [Worker-131: Building] INFO  o.e.m.c.i.embedder.EclipseLogger - Using 'UTF-8' encoding to copy filtered resources.
2020-09-29 21:49:43,465 [Worker-131: Building] INFO  o.e.m.c.i.embedder.EclipseLogger - skip non existing resourceDirectory C:\Users\enocho\Desktop\Revature Project\Question Homeworks\2009sep28react-enochcho\src\test\resources
2020-09-29 21:52:28,208 [Worker-130: Launching testing] INFO  o.e.m.c.i.embedder.EclipseLogger - Using 'UTF-8' encoding to copy filtered resources.
2020-09-29 21:52:28,208 [Worker-130: Launching testing] INFO  o.e.m.c.i.embedder.EclipseLogger - skip non existing resourceDirectory C:\Users\enocho\Desktop\Revature Project\Question Homeworks\2009sep28react-enochcho\src\main\resources
2020-09-29 21:52:28,210 [Worker-130: Launching testing] INFO  o.e.m.c.i.embedder.EclipseLogger - Using 'UTF-8' encoding to copy filtered resources.
2020-09-29 21:52:28,210 [Worker-130: Launching testing] INFO  o.e.m.c.i.embedder.EclipseLogger - skip non existing resourceDirectory C:\Users\enocho\Desktop\Revature Project\Question Homeworks\2009sep28react-enochcho\src\test\resources
2020-09-29 21:57:51,371 [Worker-130: Launching EvaluationServiceTest.findsAValueInTheMiddleOfAnArray] INFO  o.e.m.c.i.embedder.EclipseLogger - Using 'UTF-8' encoding to copy filtered resources.
2020-09-29 21:57:51,372 [Worker-130: Launching EvaluationServiceTest.findsAValueInTheMiddleOfAnArray] INFO  o.e.m.c.i.embedder.EclipseLogger - skip non existing resourceDirectory C:\Users\enocho\Desktop\Revature Project\Question Homeworks\2009sep28react-enochcho\src\main\resources
2020-09-29 21:57:51,375 [Worker-130: Launching EvaluationServiceTest.findsAValueInTheMiddleOfAnArray] INFO  o.e.m.c.i.embedder.EclipseLogger - Using 'UTF-8' encoding to copy filtered resources.
2020-09-29 21:57:51,376 [Worker-130: Launching EvaluationServiceTest.findsAValueInTheMiddleOfAnArray] INFO  o.e.m.c.i.embedder.EclipseLogger - skip non existing resourceDirectory C:\Users\enocho\Desktop\Revature Project\Question Homeworks\2009sep28react-enochcho\src\test\resources
2020-09-29 21:58:21,837 [Worker-148: Building] INFO  o.e.m.c.i.embedder.EclipseLogger - Using 'UTF-8' encoding to copy filtered resources.
2020-09-29 21:58:21,837 [Worker-148: Building] INFO  o.e.m.c.i.embedder.EclipseLogger - skip non existing resourceDirectory C:\Users\enocho\Desktop\Revature Project\Question Homeworks\2009sep28react-enochcho\src\main\resources
2020-09-29 21:58:21,839 [Worker-148: Building] INFO  o.e.m.c.i.embedder.EclipseLogger - Using 'UTF-8' encoding to copy filtered resources.
2020-09-29 21:58:21,839 [Worker-148: Building] INFO  o.e.m.c.i.embedder.EclipseLogger - skip non existing resourceDirectory C:\Users\enocho\Desktop\Revature Project\Question Homeworks\2009sep28react-enochcho\src\test\resources
2020-09-29 21:59:41,280 [Worker-147: Launching EvaluationServiceTest.findsAValueInTheMiddleOfAnArray] INFO  o.e.m.c.i.embedder.EclipseLogger - Using 'UTF-8' encoding to copy filtered resources.
2020-09-29 21:59:41,281 [Worker-147: Launching EvaluationServiceTest.findsAValueInTheMiddleOfAnArray] INFO  o.e.m.c.i.embedder.EclipseLogger - skip non existing resourceDirectory C:\Users\enocho\Desktop\Revature Project\Question Homeworks\2009sep28react-enochcho\src\main\resources
2020-09-29 21:59:41,282 [Worker-147: Launching EvaluationServiceTest.findsAValueInTheMiddleOfAnArray] INFO  o.e.m.c.i.embedder.EclipseLogger - Using 'UTF-8' encoding to copy filtered resources.
2020-09-29 21:59:41,283 [Worker-147: Launching EvaluationServiceTest.findsAValueInTheMiddleOfAnArray] INFO  o.e.m.c.i.embedder.EclipseLogger - skip non existing resourceDirectory C:\Users\enocho\Desktop\Revature Project\Question Homeworks\2009sep28react-enochcho\src\test\resources
2020-09-29 22:05:12,801 [Worker-143: Launching testing] INFO  o.e.m.c.i.embedder.EclipseLogger - Using 'UTF-8' encoding to copy filtered resources.
2020-09-29 22:05:12,801 [Worker-143: Launching testing] INFO  o.e.m.c.i.embedder.EclipseLogger - skip non existing resourceDirectory C:\Users\enocho\Desktop\Revature Project\Question Homeworks\2009sep28react-enochcho\src\main\resources
2020-09-29 22:05:12,803 [Worker-143: Launching testing] INFO  o.e.m.c.i.embedder.EclipseLogger - Using 'UTF-8' encoding to copy filtered resources.
2020-09-29 22:05:12,803 [Worker-143: Launching testing] INFO  o.e.m.c.i.embedder.EclipseLogger - skip non existing resourceDirectory C:\Users\enocho\Desktop\Revature Project\Question Homeworks\2009sep28react-enochcho\src\test\resources
2020-09-29 22:08:49,878 [Worker-149: Launching testing] INFO  o.e.m.c.i.embedder.EclipseLogger - Using 'UTF-8' encoding to copy filtered resources.
2020-09-29 22:08:49,879 [Worker-149: Launching testing] INFO  o.e.m.c.i.embedder.EclipseLogger - skip non existing resourceDirectory C:\Users\enocho\Desktop\Revature Project\Question Homeworks\2009sep28react-enochcho\src\main\resources
2020-09-29 22:08:49,880 [Worker-149: Launching testing] INFO  o.e.m.c.i.embedder.EclipseLogger - Using 'UTF-8' encoding to copy filtered resources.
2020-09-29 22:08:49,881 [Worker-149: Launching testing] INFO  o.e.m.c.i.embedder.EclipseLogger - skip non existing resourceDirectory C:\Users\enocho\Desktop\Revature Project\Question Homeworks\2009sep28react-enochcho\src\test\resources
2020-09-29 22:13:40,492 [Worker-157: Launching testing] INFO  o.e.m.c.i.embedder.EclipseLogger - Using 'UTF-8' encoding to copy filtered resources.
2020-09-29 22:13:40,492 [Worker-157: Launching testing] INFO  o.e.m.c.i.embedder.EclipseLogger - skip non existing resourceDirectory C:\Users\enocho\Desktop\Revature Project\Question Homeworks\2009sep28react-enochcho\src\main\resources
2020-09-29 22:13:40,494 [Worker-157: Launching testing] INFO  o.e.m.c.i.embedder.EclipseLogger - Using 'UTF-8' encoding to copy filtered resources.
2020-09-29 22:13:40,494 [Worker-157: Launching testing] INFO  o.e.m.c.i.embedder.EclipseLogger - skip non existing resourceDirectory C:\Users\enocho\Desktop\Revature Project\Question Homeworks\2009sep28react-enochcho\src\test\resources
2020-09-29 22:15:01,305 [Worker-157: Launching testing] INFO  o.e.m.c.i.embedder.EclipseLogger - Using 'UTF-8' encoding to copy filtered resources.
2020-09-29 22:15:01,306 [Worker-157: Launching testing] INFO  o.e.m.c.i.embedder.EclipseLogger - skip non existing resourceDirectory C:\Users\enocho\Desktop\Revature Project\Question Homeworks\2009sep28react-enochcho\src\main\resources
2020-09-29 22:15:01,307 [Worker-157: Launching testing] INFO  o.e.m.c.i.embedder.EclipseLogger - Using 'UTF-8' encoding to copy filtered resources.
2020-09-29 22:15:01,308 [Worker-157: Launching testing] INFO  o.e.m.c.i.embedder.EclipseLogger - skip non existing resourceDirectory C:\Users\enocho\Desktop\Revature Project\Question Homeworks\2009sep28react-enochcho\src\test\resources
2020-09-29 22:20:22,685 [Worker-163: Launching testing] INFO  o.e.m.c.i.embedder.EclipseLogger - Using 'UTF-8' encoding to copy filtered resources.
2020-09-29 22:20:22,686 [Worker-163: Launching testing] INFO  o.e.m.c.i.embedder.EclipseLogger - skip non existing resourceDirectory C:\Users\enocho\Desktop\Revature Project\Question Homeworks\2009sep28react-enochcho\src\main\resources
2020-09-29 22:20:22,687 [Worker-163: Launching testing] INFO  o.e.m.c.i.embedder.EclipseLogger - Using 'UTF-8' encoding to copy filtered resources.
2020-09-29 22:20:22,687 [Worker-163: Launching testing] INFO  o.e.m.c.i.embedder.EclipseLogger - skip non existing resourceDirectory C:\Users\enocho\Desktop\Revature Project\Question Homeworks\2009sep28react-enochcho\src\test\resources
2020-09-29 22:20:28,528 [Worker-162: Launching testing] INFO  o.e.m.c.i.embedder.EclipseLogger - Using 'UTF-8' encoding to copy filtered resources.
2020-09-29 22:20:28,528 [Worker-162: Launching testing] INFO  o.e.m.c.i.embedder.EclipseLogger - skip non existing resourceDirectory C:\Users\enocho\Desktop\Revature Project\Question Homeworks\2009sep28react-enochcho\src\main\resources
2020-09-29 22:20:28,530 [Worker-162: Launching testing] INFO  o.e.m.c.i.embedder.EclipseLogger - Using 'UTF-8' encoding to copy filtered resources.
2020-09-29 22:20:28,530 [Worker-162: Launching testing] INFO  o.e.m.c.i.embedder.EclipseLogger - skip non existing resourceDirectory C:\Users\enocho\Desktop\Revature Project\Question Homeworks\2009sep28react-enochcho\src\test\resources
2020-09-29 22:31:31,451 [Worker-170: Launching testing] INFO  o.e.m.c.i.embedder.EclipseLogger - Using 'UTF-8' encoding to copy filtered resources.
2020-09-29 22:31:31,452 [Worker-170: Launching testing] INFO  o.e.m.c.i.embedder.EclipseLogger - skip non existing resourceDirectory C:\Users\enocho\Desktop\Revature Project\Question Homeworks\2009sep28react-enochcho\src\main\resources
2020-09-29 22:31:31,453 [Worker-170: Launching testing] INFO  o.e.m.c.i.embedder.EclipseLogger - Using 'UTF-8' encoding to copy filtered resources.
2020-09-29 22:31:31,454 [Worker-170: Launching testing] INFO  o.e.m.c.i.embedder.EclipseLogger - skip non existing resourceDirectory C:\Users\enocho\Desktop\Revature Project\Question Homeworks\2009sep28react-enochcho\src\test\resources
2020-09-29 22:34:40,475 [Worker-171: Launching testing] INFO  o.e.m.c.i.embedder.EclipseLogger - Using 'UTF-8' encoding to copy filtered resources.
2020-09-29 22:34:40,475 [Worker-171: Launching testing] INFO  o.e.m.c.i.embedder.EclipseLogger - skip non existing resourceDirectory C:\Users\enocho\Desktop\Revature Project\Question Homeworks\2009sep28react-enochcho\src\main\resources
2020-09-29 22:34:40,476 [Worker-171: Launching testing] INFO  o.e.m.c.i.embedder.EclipseLogger - Using 'UTF-8' encoding to copy filtered resources.
2020-09-29 22:34:40,477 [Worker-171: Launching testing] INFO  o.e.m.c.i.embedder.EclipseLogger - skip non existing resourceDirectory C:\Users\enocho\Desktop\Revature Project\Question Homeworks\2009sep28react-enochcho\src\test\resources
2020-09-29 22:34:58,492 [Worker-171: Launching testing] INFO  o.e.m.c.i.embedder.EclipseLogger - Using 'UTF-8' encoding to copy filtered resources.
2020-09-29 22:34:58,493 [Worker-171: Launching testing] INFO  o.e.m.c.i.embedder.EclipseLogger - skip non existing resourceDirectory C:\Users\enocho\Desktop\Revature Project\Question Homeworks\2009sep28react-enochcho\src\main\resources
2020-09-29 22:34:58,494 [Worker-171: Launching testing] INFO  o.e.m.c.i.embedder.EclipseLogger - Using 'UTF-8' encoding to copy filtered resources.
2020-09-29 22:34:58,495 [Worker-171: Launching testing] INFO  o.e.m.c.i.embedder.EclipseLogger - skip non existing resourceDirectory C:\Users\enocho\Desktop\Revature Project\Question Homeworks\2009sep28react-enochcho\src\test\resources
2020-09-29 22:40:41,464 [Worker-168: Launching testing] INFO  o.e.m.c.i.embedder.EclipseLogger - Using 'UTF-8' encoding to copy filtered resources.
2020-09-29 22:40:41,465 [Worker-168: Launching testing] INFO  o.e.m.c.i.embedder.EclipseLogger - skip non existing resourceDirectory C:\Users\enocho\Desktop\Revature Project\Question Homeworks\2009sep28react-enochcho\src\main\resources
2020-09-29 22:40:41,466 [Worker-168: Launching testing] INFO  o.e.m.c.i.embedder.EclipseLogger - Using 'UTF-8' encoding to copy filtered resources.
2020-09-29 22:40:41,467 [Worker-168: Launching testing] INFO  o.e.m.c.i.embedder.EclipseLogger - skip non existing resourceDirectory C:\Users\enocho\Desktop\Revature Project\Question Homeworks\2009sep28react-enochcho\src\test\resources
2020-09-29 22:41:44,238 [Worker-168: Launching testing] INFO  o.e.m.c.i.embedder.EclipseLogger - Using 'UTF-8' encoding to copy filtered resources.
2020-09-29 22:41:44,239 [Worker-168: Launching testing] INFO  o.e.m.c.i.embedder.EclipseLogger - skip non existing resourceDirectory C:\Users\enocho\Desktop\Revature Project\Question Homeworks\2009sep28react-enochcho\src\main\resources
2020-09-29 22:41:44,241 [Worker-168: Launching testing] INFO  o.e.m.c.i.embedder.EclipseLogger - Using 'UTF-8' encoding to copy filtered resources.
2020-09-29 22:41:44,241 [Worker-168: Launching testing] INFO  o.e.m.c.i.embedder.EclipseLogger - skip non existing resourceDirectory C:\Users\enocho\Desktop\Revature Project\Question Homeworks\2009sep28react-enochcho\src\test\resources
2020-09-29 22:42:26,781 [Worker-174: Launching testing] INFO  o.e.m.c.i.embedder.EclipseLogger - Using 'UTF-8' encoding to copy filtered resources.
2020-09-29 22:42:26,781 [Worker-174: Launching testing] INFO  o.e.m.c.i.embedder.EclipseLogger - skip non existing resourceDirectory C:\Users\enocho\Desktop\Revature Project\Question Homeworks\2009sep28react-enochcho\src\main\resources
2020-09-29 22:42:26,782 [Worker-174: Launching testing] INFO  o.e.m.c.i.embedder.EclipseLogger - Using 'UTF-8' encoding to copy filtered resources.
2020-09-29 22:42:26,783 [Worker-174: Launching testing] INFO  o.e.m.c.i.embedder.EclipseLogger - skip non existing resourceDirectory C:\Users\enocho\Desktop\Revature Project\Question Homeworks\2009sep28react-enochcho\src\test\resources
2020-09-29 22:44:12,671 [Worker-177: Launching testing] INFO  o.e.m.c.i.embedder.EclipseLogger - Using 'UTF-8' encoding to copy filtered resources.
2020-09-29 22:44:12,672 [Worker-177: Launching testing] INFO  o.e.m.c.i.embedder.EclipseLogger - skip non existing resourceDirectory C:\Users\enocho\Desktop\Revature Project\Question Homeworks\2009sep28react-enochcho\src\main\resources
2020-09-29 22:44:12,674 [Worker-177: Launching testing] INFO  o.e.m.c.i.embedder.EclipseLogger - Using 'UTF-8' encoding to copy filtered resources.
2020-09-29 22:44:12,674 [Worker-177: Launching testing] INFO  o.e.m.c.i.embedder.EclipseLogger - skip non existing resourceDirectory C:\Users\enocho\Desktop\Revature Project\Question Homeworks\2009sep28react-enochcho\src\test\resources
2020-09-29 22:56:41,116 [Worker-180: Launching testing] INFO  o.e.m.c.i.embedder.EclipseLogger - Using 'UTF-8' encoding to copy filtered resources.
2020-09-29 22:56:41,116 [Worker-180: Launching testing] INFO  o.e.m.c.i.embedder.EclipseLogger - skip non existing resourceDirectory C:\Users\enocho\Desktop\Revature Project\Question Homeworks\2009sep28react-enochcho\src\main\resources
2020-09-29 22:56:41,118 [Worker-180: Launching testing] INFO  o.e.m.c.i.embedder.EclipseLogger - Using 'UTF-8' encoding to copy filtered resources.
2020-09-29 22:56:41,118 [Worker-180: Launching testing] INFO  o.e.m.c.i.embedder.EclipseLogger - skip non existing resourceDirectory C:\Users\enocho\Desktop\Revature Project\Question Homeworks\2009sep28react-enochcho\src\test\resources
2020-09-29 23:02:26,029 [Worker-180: Launching EvaluationServiceTest.rotateSingleCharacterWithWrapAround] INFO  o.e.m.c.i.embedder.EclipseLogger - Using 'UTF-8' encoding to copy filtered resources.
2020-09-29 23:02:26,029 [Worker-180: Launching EvaluationServiceTest.rotateSingleCharacterWithWrapAround] INFO  o.e.m.c.i.embedder.EclipseLogger - skip non existing resourceDirectory C:\Users\enocho\Desktop\Revature Project\Question Homeworks\2009sep28react-enochcho\src\main\resources
2020-09-29 23:02:26,030 [Worker-180: Launching EvaluationServiceTest.rotateSingleCharacterWithWrapAround] INFO  o.e.m.c.i.embedder.EclipseLogger - Using 'UTF-8' encoding to copy filtered resources.
2020-09-29 23:02:26,030 [Worker-180: Launching EvaluationServiceTest.rotateSingleCharacterWithWrapAround] INFO  o.e.m.c.i.embedder.EclipseLogger - skip non existing resourceDirectory C:\Users\enocho\Desktop\Revature Project\Question Homeworks\2009sep28react-enochcho\src\test\resources
2020-09-29 23:02:58,757 [Worker-182: Launching EvaluationServiceTest.rotateSingleCharacterWithWrapAround] INFO  o.e.m.c.i.embedder.EclipseLogger - Using 'UTF-8' encoding to copy filtered resources.
2020-09-29 23:02:58,757 [Worker-182: Launching EvaluationServiceTest.rotateSingleCharacterWithWrapAround] INFO  o.e.m.c.i.embedder.EclipseLogger - skip non existing resourceDirectory C:\Users\enocho\Desktop\Revature Project\Question Homeworks\2009sep28react-enochcho\src\main\resources
2020-09-29 23:02:58,759 [Worker-182: Launching EvaluationServiceTest.rotateSingleCharacterWithWrapAround] INFO  o.e.m.c.i.embedder.EclipseLogger - Using 'UTF-8' encoding to copy filtered resources.
2020-09-29 23:02:58,760 [Worker-182: Launching EvaluationServiceTest.rotateSingleCharacterWithWrapAround] INFO  o.e.m.c.i.embedder.EclipseLogger - skip non existing resourceDirectory C:\Users\enocho\Desktop\Revature Project\Question Homeworks\2009sep28react-enochcho\src\test\resources
2020-09-29 23:03:13,709 [Worker-185: Launching EvaluationServiceTest] INFO  o.e.m.c.i.embedder.EclipseLogger - Using 'UTF-8' encoding to copy filtered resources.
2020-09-29 23:03:13,709 [Worker-185: Launching EvaluationServiceTest] INFO  o.e.m.c.i.embedder.EclipseLogger - skip non existing resourceDirectory C:\Users\enocho\Desktop\Revature Project\Question Homeworks\2009sep28react-enochcho\src\main\resources
2020-09-29 23:03:13,710 [Worker-185: Launching EvaluationServiceTest] INFO  o.e.m.c.i.embedder.EclipseLogger - Using 'UTF-8' encoding to copy filtered resources.
2020-09-29 23:03:13,710 [Worker-185: Launching EvaluationServiceTest] INFO  o.e.m.c.i.embedder.EclipseLogger - skip non existing resourceDirectory C:\Users\enocho\Desktop\Revature Project\Question Homeworks\2009sep28react-enochcho\src\test\resources
2020-09-29 23:05:10,289 [Worker-187: Launching testing] INFO  o.e.m.c.i.embedder.EclipseLogger - Using 'UTF-8' encoding to copy filtered resources.
2020-09-29 23:05:10,290 [Worker-187: Launching testing] INFO  o.e.m.c.i.embedder.EclipseLogger - skip non existing resourceDirectory C:\Users\enocho\Desktop\Revature Project\Question Homeworks\2009sep28react-enochcho\src\main\resources
2020-09-29 23:05:10,291 [Worker-187: Launching testing] INFO  o.e.m.c.i.embedder.EclipseLogger - Using 'UTF-8' encoding to copy filtered resources.
2020-09-29 23:05:10,291 [Worker-187: Launching testing] INFO  o.e.m.c.i.embedder.EclipseLogger - skip non existing resourceDirectory C:\Users\enocho\Desktop\Revature Project\Question Homeworks\2009sep28react-enochcho\src\test\resources
2020-09-29 23:07:25,701 [Worker-186: Launching testing] INFO  o.e.m.c.i.embedder.EclipseLogger - Using 'UTF-8' encoding to copy filtered resources.
2020-09-29 23:07:25,701 [Worker-186: Launching testing] INFO  o.e.m.c.i.embedder.EclipseLogger - skip non existing resourceDirectory C:\Users\enocho\Desktop\Revature Project\Question Homeworks\2009sep28react-enochcho\src\main\resources
2020-09-29 23:07:25,703 [Worker-186: Launching testing] INFO  o.e.m.c.i.embedder.EclipseLogger - Using 'UTF-8' encoding to copy filtered resources.
2020-09-29 23:07:25,703 [Worker-186: Launching testing] INFO  o.e.m.c.i.embedder.EclipseLogger - skip non existing resourceDirectory C:\Users\enocho\Desktop\Revature Project\Question Homeworks\2009sep28react-enochcho\src\test\resources
2020-09-29 23:08:02,202 [Worker-186: Launching EvaluationServiceTest.rotateSingleCharacterWithWrapAround] INFO  o.e.m.c.i.embedder.EclipseLogger - Using 'UTF-8' encoding to copy filtered resources.
2020-09-29 23:08:02,202 [Worker-186: Launching EvaluationServiceTest.rotateSingleCharacterWithWrapAround] INFO  o.e.m.c.i.embedder.EclipseLogger - skip non existing resourceDirectory C:\Users\enocho\Desktop\Revature Project\Question Homeworks\2009sep28react-enochcho\src\main\resources
2020-09-29 23:08:02,204 [Worker-186: Launching EvaluationServiceTest.rotateSingleCharacterWithWrapAround] INFO  o.e.m.c.i.embedder.EclipseLogger - Using 'UTF-8' encoding to copy filtered resources.
2020-09-29 23:08:02,204 [Worker-186: Launching EvaluationServiceTest.rotateSingleCharacterWithWrapAround] INFO  o.e.m.c.i.embedder.EclipseLogger - skip non existing resourceDirectory C:\Users\enocho\Desktop\Revature Project\Question Homeworks\2009sep28react-enochcho\src\test\resources
2020-09-29 23:08:23,870 [Worker-182: Launching testing] INFO  o.e.m.c.i.embedder.EclipseLogger - Using 'UTF-8' encoding to copy filtered resources.
2020-09-29 23:08:23,871 [Worker-182: Launching testing] INFO  o.e.m.c.i.embedder.EclipseLogger - skip non existing resourceDirectory C:\Users\enocho\Desktop\Revature Project\Question Homeworks\2009sep28react-enochcho\src\main\resources
2020-09-29 23:08:23,872 [Worker-182: Launching testing] INFO  o.e.m.c.i.embedder.EclipseLogger - Using 'UTF-8' encoding to copy filtered resources.
2020-09-29 23:08:23,872 [Worker-182: Launching testing] INFO  o.e.m.c.i.embedder.EclipseLogger - skip non existing resourceDirectory C:\Users\enocho\Desktop\Revature Project\Question Homeworks\2009sep28react-enochcho\src\test\resources
2020-09-29 23:09:17,275 [Worker-180: Launching testing] INFO  o.e.m.c.i.embedder.EclipseLogger - Using 'UTF-8' encoding to copy filtered resources.
2020-09-29 23:09:17,276 [Worker-180: Launching testing] INFO  o.e.m.c.i.embedder.EclipseLogger - skip non existing resourceDirectory C:\Users\enocho\Desktop\Revature Project\Question Homeworks\2009sep28react-enochcho\src\main\resources
2020-09-29 23:09:17,277 [Worker-180: Launching testing] INFO  o.e.m.c.i.embedder.EclipseLogger - Using 'UTF-8' encoding to copy filtered resources.
2020-09-29 23:09:17,277 [Worker-180: Launching testing] INFO  o.e.m.c.i.embedder.EclipseLogger - skip non existing resourceDirectory C:\Users\enocho\Desktop\Revature Project\Question Homeworks\2009sep28react-enochcho\src\test\resources
2020-09-29 23:09:22,237 [Worker-185: Launching testing] INFO  o.e.m.c.i.embedder.EclipseLogger - Using 'UTF-8' encoding to copy filtered resources.
2020-09-29 23:09:22,238 [Worker-185: Launching testing] INFO  o.e.m.c.i.embedder.EclipseLogger - skip non existing resourceDirectory C:\Users\enocho\Desktop\Revature Project\Question Homeworks\2009sep28react-enochcho\src\main\resources
2020-09-29 23:09:22,239 [Worker-185: Launching testing] INFO  o.e.m.c.i.embedder.EclipseLogger - Using 'UTF-8' encoding to copy filtered resources.
2020-09-29 23:09:22,240 [Worker-185: Launching testing] INFO  o.e.m.c.i.embedder.EclipseLogger - skip non existing resourceDirectory C:\Users\enocho\Desktop\Revature Project\Question Homeworks\2009sep28react-enochcho\src\test\resources
2020-09-29 23:09:30,276 [Worker-182: Launching testing] INFO  o.e.m.c.i.embedder.EclipseLogger - Using 'UTF-8' encoding to copy filtered resources.
2020-09-29 23:09:30,276 [Worker-182: Launching testing] INFO  o.e.m.c.i.embedder.EclipseLogger - skip non existing resourceDirectory C:\Users\enocho\Desktop\Revature Project\Question Homeworks\2009sep28react-enochcho\src\main\resources
2020-09-29 23:09:30,278 [Worker-182: Launching testing] INFO  o.e.m.c.i.embedder.EclipseLogger - Using 'UTF-8' encoding to copy filtered resources.
2020-09-29 23:09:30,278 [Worker-182: Launching testing] INFO  o.e.m.c.i.embedder.EclipseLogger - skip non existing resourceDirectory C:\Users\enocho\Desktop\Revature Project\Question Homeworks\2009sep28react-enochcho\src\test\resources
2020-09-29 23:09:34,649 [Worker-185: Launching testing] INFO  o.e.m.c.i.embedder.EclipseLogger - Using 'UTF-8' encoding to copy filtered resources.
2020-09-29 23:09:34,649 [Worker-185: Launching testing] INFO  o.e.m.c.i.embedder.EclipseLogger - skip non existing resourceDirectory C:\Users\enocho\Desktop\Revature Project\Question Homeworks\2009sep28react-enochcho\src\main\resources
2020-09-29 23:09:34,650 [Worker-185: Launching testing] INFO  o.e.m.c.i.embedder.EclipseLogger - Using 'UTF-8' encoding to copy filtered resources.
2020-09-29 23:09:34,651 [Worker-185: Launching testing] INFO  o.e.m.c.i.embedder.EclipseLogger - skip non existing resourceDirectory C:\Users\enocho\Desktop\Revature Project\Question Homeworks\2009sep28react-enochcho\src\test\resources
2020-09-29 23:09:39,413 [Worker-186: Launching testing] INFO  o.e.m.c.i.embedder.EclipseLogger - Using 'UTF-8' encoding to copy filtered resources.
2020-09-29 23:09:39,414 [Worker-186: Launching testing] INFO  o.e.m.c.i.embedder.EclipseLogger - skip non existing resourceDirectory C:\Users\enocho\Desktop\Revature Project\Question Homeworks\2009sep28react-enochcho\src\main\resources
2020-09-29 23:09:39,415 [Worker-186: Launching testing] INFO  o.e.m.c.i.embedder.EclipseLogger - Using 'UTF-8' encoding to copy filtered resources.
2020-09-29 23:09:39,415 [Worker-186: Launching testing] INFO  o.e.m.c.i.embedder.EclipseLogger - skip non existing resourceDirectory C:\Users\enocho\Desktop\Revature Project\Question Homeworks\2009sep28react-enochcho\src\test\resources
2020-09-29 23:12:14,420 [Worker-188: Launching testing] INFO  o.e.m.c.i.embedder.EclipseLogger - Using 'UTF-8' encoding to copy filtered resources.
2020-09-29 23:12:14,420 [Worker-188: Launching testing] INFO  o.e.m.c.i.embedder.EclipseLogger - skip non existing resourceDirectory C:\Users\enocho\Desktop\Revature Project\Question Homeworks\2009sep28react-enochcho\src\main\resources
2020-09-29 23:12:14,422 [Worker-188: Launching testing] INFO  o.e.m.c.i.embedder.EclipseLogger - Using 'UTF-8' encoding to copy filtered resources.
2020-09-29 23:12:14,422 [Worker-188: Launching testing] INFO  o.e.m.c.i.embedder.EclipseLogger - skip non existing resourceDirectory C:\Users\enocho\Desktop\Revature Project\Question Homeworks\2009sep28react-enochcho\src\test\resources
2020-09-29 23:16:02,380 [Worker-195: Building] INFO  o.e.m.c.i.embedder.EclipseLogger - Using 'UTF-8' encoding to copy filtered resources.
2020-09-29 23:16:02,381 [Worker-195: Building] INFO  o.e.m.c.i.embedder.EclipseLogger - skip non existing resourceDirectory C:\Users\enocho\Desktop\Revature Project\Question Homeworks\2009sep28react-enochcho\src\main\resources
2020-09-29 23:16:02,382 [Worker-195: Building] INFO  o.e.m.c.i.embedder.EclipseLogger - Using 'UTF-8' encoding to copy filtered resources.
2020-09-29 23:16:02,383 [Worker-195: Building] INFO  o.e.m.c.i.embedder.EclipseLogger - skip non existing resourceDirectory C:\Users\enocho\Desktop\Revature Project\Question Homeworks\2009sep28react-enochcho\src\test\resources
2020-09-29 23:17:28,630 [Worker-194: Building] INFO  o.e.m.c.i.embedder.EclipseLogger - Using 'UTF-8' encoding to copy filtered resources.
2020-09-29 23:17:28,631 [Worker-194: Building] INFO  o.e.m.c.i.embedder.EclipseLogger - skip non existing resourceDirectory C:\Users\enocho\Desktop\Revature Project\Question Homeworks\2009sep28react-enochcho\src\main\resources
2020-09-29 23:17:28,632 [Worker-194: Building] INFO  o.e.m.c.i.embedder.EclipseLogger - Using 'UTF-8' encoding to copy filtered resources.
2020-09-29 23:17:28,633 [Worker-194: Building] INFO  o.e.m.c.i.embedder.EclipseLogger - skip non existing resourceDirectory C:\Users\enocho\Desktop\Revature Project\Question Homeworks\2009sep28react-enochcho\src\test\resources
2020-09-29 23:18:30,036 [Worker-193: Building] INFO  o.e.m.c.i.embedder.EclipseLogger - Using 'UTF-8' encoding to copy filtered resources.
2020-09-29 23:18:30,036 [Worker-193: Building] INFO  o.e.m.c.i.embedder.EclipseLogger - skip non existing resourceDirectory C:\Users\enocho\Desktop\Revature Project\Question Homeworks\2009sep28react-enochcho\src\main\resources
2020-09-29 23:18:30,037 [Worker-193: Building] INFO  o.e.m.c.i.embedder.EclipseLogger - Using 'UTF-8' encoding to copy filtered resources.
2020-09-29 23:18:30,038 [Worker-193: Building] INFO  o.e.m.c.i.embedder.EclipseLogger - skip non existing resourceDirectory C:\Users\enocho\Desktop\Revature Project\Question Homeworks\2009sep28react-enochcho\src\test\resources
2020-09-29 23:18:46,757 [Worker-196: Building] INFO  o.e.m.c.i.embedder.EclipseLogger - Using 'UTF-8' encoding to copy filtered resources.
2020-09-29 23:18:46,758 [Worker-196: Building] INFO  o.e.m.c.i.embedder.EclipseLogger - skip non existing resourceDirectory C:\Users\enocho\Desktop\Revature Project\Question Homeworks\2009sep28react-enochcho\src\main\resources
2020-09-29 23:18:46,759 [Worker-196: Building] INFO  o.e.m.c.i.embedder.EclipseLogger - Using 'UTF-8' encoding to copy filtered resources.
2020-09-29 23:18:46,760 [Worker-196: Building] INFO  o.e.m.c.i.embedder.EclipseLogger - skip non existing resourceDirectory C:\Users\enocho\Desktop\Revature Project\Question Homeworks\2009sep28react-enochcho\src\test\resources
2020-09-29 23:20:58,029 [Worker-200: Launching testing] INFO  o.e.m.c.i.embedder.EclipseLogger - Using 'UTF-8' encoding to copy filtered resources.
2020-09-29 23:20:58,030 [Worker-200: Launching testing] INFO  o.e.m.c.i.embedder.EclipseLogger - skip non existing resourceDirectory C:\Users\enocho\Desktop\Revature Project\Question Homeworks\2009sep28react-enochcho\src\main\resources
2020-09-29 23:20:58,031 [Worker-200: Launching testing] INFO  o.e.m.c.i.embedder.EclipseLogger - Using 'UTF-8' encoding to copy filtered resources.
2020-09-29 23:20:58,031 [Worker-200: Launching testing] INFO  o.e.m.c.i.embedder.EclipseLogger - skip non existing resourceDirectory C:\Users\enocho\Desktop\Revature Project\Question Homeworks\2009sep28react-enochcho\src\test\resources
2020-09-29 23:24:19,927 [Worker-202: Building] INFO  o.e.m.c.i.embedder.EclipseLogger - Using 'UTF-8' encoding to copy filtered resources.
2020-09-29 23:24:19,927 [Worker-202: Building] INFO  o.e.m.c.i.embedder.EclipseLogger - skip non existing resourceDirectory C:\Users\enocho\Desktop\Revature Project\Question Homeworks\2009sep28react-enochcho\src\main\resources
2020-09-29 23:24:19,929 [Worker-202: Building] INFO  o.e.m.c.i.embedder.EclipseLogger - Using 'UTF-8' encoding to copy filtered resources.
2020-09-29 23:24:19,930 [Worker-202: Building] INFO  o.e.m.c.i.embedder.EclipseLogger - skip non existing resourceDirectory C:\Users\enocho\Desktop\Revature Project\Question Homeworks\2009sep28react-enochcho\src\test\resources
2020-09-29 23:27:45,202 [Worker-205: Launching testing] INFO  o.e.m.c.i.embedder.EclipseLogger - Using 'UTF-8' encoding to copy filtered resources.
2020-09-29 23:27:45,203 [Worker-205: Launching testing] INFO  o.e.m.c.i.embedder.EclipseLogger - skip non existing resourceDirectory C:\Users\enocho\Desktop\Revature Project\Question Homeworks\2009sep28react-enochcho\src\main\resources
2020-09-29 23:27:45,204 [Worker-205: Launching testing] INFO  o.e.m.c.i.embedder.EclipseLogger - Using 'UTF-8' encoding to copy filtered resources.
2020-09-29 23:27:45,204 [Worker-205: Launching testing] INFO  o.e.m.c.i.embedder.EclipseLogger - skip non existing resourceDirectory C:\Users\enocho\Desktop\Revature Project\Question Homeworks\2009sep28react-enochcho\src\test\resources
2020-09-29 23:28:14,469 [Worker-205: Building] INFO  o.e.m.c.i.embedder.EclipseLogger - Using 'UTF-8' encoding to copy filtered resources.
2020-09-29 23:28:14,469 [Worker-205: Building] INFO  o.e.m.c.i.embedder.EclipseLogger - skip non existing resourceDirectory C:\Users\enocho\Desktop\Revature Project\Question Homeworks\2009sep28react-enochcho\src\main\resources
2020-09-29 23:28:14,471 [Worker-205: Building] INFO  o.e.m.c.i.embedder.EclipseLogger - Using 'UTF-8' encoding to copy filtered resources.
2020-09-29 23:28:14,471 [Worker-205: Building] INFO  o.e.m.c.i.embedder.EclipseLogger - skip non existing resourceDirectory C:\Users\enocho\Desktop\Revature Project\Question Homeworks\2009sep28react-enochcho\src\test\resources
2020-09-29 23:29:54,970 [Worker-212: Building] INFO  o.e.m.c.i.embedder.EclipseLogger - Using 'UTF-8' encoding to copy filtered resources.
2020-09-29 23:29:54,970 [Worker-212: Building] INFO  o.e.m.c.i.embedder.EclipseLogger - skip non existing resourceDirectory C:\Users\enocho\Desktop\Revature Project\Question Homeworks\2009sep28react-enochcho\src\main\resources
2020-09-29 23:29:54,971 [Worker-212: Building] INFO  o.e.m.c.i.embedder.EclipseLogger - Using 'UTF-8' encoding to copy filtered resources.
2020-09-29 23:29:54,972 [Worker-212: Building] INFO  o.e.m.c.i.embedder.EclipseLogger - skip non existing resourceDirectory C:\Users\enocho\Desktop\Revature Project\Question Homeworks\2009sep28react-enochcho\src\test\resources
2020-09-29 23:30:08,309 [Worker-207: Building] INFO  o.e.m.c.i.embedder.EclipseLogger - Using 'UTF-8' encoding to copy filtered resources.
2020-09-29 23:30:08,310 [Worker-207: Building] INFO  o.e.m.c.i.embedder.EclipseLogger - skip non existing resourceDirectory C:\Users\enocho\Desktop\Revature Project\Question Homeworks\2009sep28react-enochcho\src\main\resources
2020-09-29 23:30:08,311 [Worker-207: Building] INFO  o.e.m.c.i.embedder.EclipseLogger - Using 'UTF-8' encoding to copy filtered resources.
2020-09-29 23:30:08,311 [Worker-207: Building] INFO  o.e.m.c.i.embedder.EclipseLogger - skip non existing resourceDirectory C:\Users\enocho\Desktop\Revature Project\Question Homeworks\2009sep28react-enochcho\src\test\resources
2020-09-29 23:30:45,952 [Worker-208: Building] INFO  o.e.m.c.i.embedder.EclipseLogger - Using 'UTF-8' encoding to copy filtered resources.
2020-09-29 23:30:45,952 [Worker-208: Building] INFO  o.e.m.c.i.embedder.EclipseLogger - skip non existing resourceDirectory C:\Users\enocho\Desktop\Revature Project\Question Homeworks\2009sep28react-enochcho\src\main\resources
2020-09-29 23:30:45,954 [Worker-208: Building] INFO  o.e.m.c.i.embedder.EclipseLogger - Using 'UTF-8' encoding to copy filtered resources.
2020-09-29 23:30:45,954 [Worker-208: Building] INFO  o.e.m.c.i.embedder.EclipseLogger - skip non existing resourceDirectory C:\Users\enocho\Desktop\Revature Project\Question Homeworks\2009sep28react-enochcho\src\test\resources
2020-09-29 23:31:42,694 [Worker-214: Building] INFO  o.e.m.c.i.embedder.EclipseLogger - Using 'UTF-8' encoding to copy filtered resources.
2020-09-29 23:31:42,695 [Worker-214: Building] INFO  o.e.m.c.i.embedder.EclipseLogger - skip non existing resourceDirectory C:\Users\enocho\Desktop\Revature Project\Question Homeworks\2009sep28react-enochcho\src\main\resources
2020-09-29 23:31:42,696 [Worker-214: Building] INFO  o.e.m.c.i.embedder.EclipseLogger - Using 'UTF-8' encoding to copy filtered resources.
2020-09-29 23:31:42,697 [Worker-214: Building] INFO  o.e.m.c.i.embedder.EclipseLogger - skip non existing resourceDirectory C:\Users\enocho\Desktop\Revature Project\Question Homeworks\2009sep28react-enochcho\src\test\resources
2020-09-29 23:32:03,160 [Worker-205: Building] INFO  o.e.m.c.i.embedder.EclipseLogger - Using 'UTF-8' encoding to copy filtered resources.
2020-09-29 23:32:03,160 [Worker-205: Building] INFO  o.e.m.c.i.embedder.EclipseLogger - skip non existing resourceDirectory C:\Users\enocho\Desktop\Revature Project\Question Homeworks\2009sep28react-enochcho\src\main\resources
2020-09-29 23:32:03,162 [Worker-205: Building] INFO  o.e.m.c.i.embedder.EclipseLogger - Using 'UTF-8' encoding to copy filtered resources.
2020-09-29 23:32:03,162 [Worker-205: Building] INFO  o.e.m.c.i.embedder.EclipseLogger - skip non existing resourceDirectory C:\Users\enocho\Desktop\Revature Project\Question Homeworks\2009sep28react-enochcho\src\test\resources
2020-09-29 23:32:22,035 [Worker-205: Building] INFO  o.e.m.c.i.embedder.EclipseLogger - Using 'UTF-8' encoding to copy filtered resources.
2020-09-29 23:32:22,036 [Worker-205: Building] INFO  o.e.m.c.i.embedder.EclipseLogger - skip non existing resourceDirectory C:\Users\enocho\Desktop\Revature Project\Question Homeworks\2009sep28react-enochcho\src\main\resources
2020-09-29 23:32:22,037 [Worker-205: Building] INFO  o.e.m.c.i.embedder.EclipseLogger - Using 'UTF-8' encoding to copy filtered resources.
2020-09-29 23:32:22,037 [Worker-205: Building] INFO  o.e.m.c.i.embedder.EclipseLogger - skip non existing resourceDirectory C:\Users\enocho\Desktop\Revature Project\Question Homeworks\2009sep28react-enochcho\src\test\resources
2020-09-29 23:32:52,823 [Worker-207: Building] INFO  o.e.m.c.i.embedder.EclipseLogger - Using 'UTF-8' encoding to copy filtered resources.
2020-09-29 23:32:52,823 [Worker-207: Building] INFO  o.e.m.c.i.embedder.EclipseLogger - skip non existing resourceDirectory C:\Users\enocho\Desktop\Revature Project\Question Homeworks\2009sep28react-enochcho\src\main\resources
2020-09-29 23:32:52,824 [Worker-207: Building] INFO  o.e.m.c.i.embedder.EclipseLogger - Using 'UTF-8' encoding to copy filtered resources.
2020-09-29 23:32:52,824 [Worker-207: Building] INFO  o.e.m.c.i.embedder.EclipseLogger - skip non existing resourceDirectory C:\Users\enocho\Desktop\Revature Project\Question Homeworks\2009sep28react-enochcho\src\test\resources
2020-09-29 23:33:13,799 [Worker-214: Building] INFO  o.e.m.c.i.embedder.EclipseLogger - Using 'UTF-8' encoding to copy filtered resources.
2020-09-29 23:33:13,800 [Worker-214: Building] INFO  o.e.m.c.i.embedder.EclipseLogger - skip non existing resourceDirectory C:\Users\enocho\Desktop\Revature Project\Question Homeworks\2009sep28react-enochcho\src\main\resources
2020-09-29 23:33:13,801 [Worker-214: Building] INFO  o.e.m.c.i.embedder.EclipseLogger - Using 'UTF-8' encoding to copy filtered resources.
2020-09-29 23:33:13,801 [Worker-214: Building] INFO  o.e.m.c.i.embedder.EclipseLogger - skip non existing resourceDirectory C:\Users\enocho\Desktop\Revature Project\Question Homeworks\2009sep28react-enochcho\src\test\resources
2020-09-29 23:33:51,842 [Worker-208: Launching testing] INFO  o.e.m.c.i.embedder.EclipseLogger - Using 'UTF-8' encoding to copy filtered resources.
2020-09-29 23:33:51,842 [Worker-208: Launching testing] INFO  o.e.m.c.i.embedder.EclipseLogger - skip non existing resourceDirectory C:\Users\enocho\Desktop\Revature Project\Question Homeworks\2009sep28react-enochcho\src\main\resources
2020-09-29 23:33:51,844 [Worker-208: Launching testing] INFO  o.e.m.c.i.embedder.EclipseLogger - Using 'UTF-8' encoding to copy filtered resources.
2020-09-29 23:33:51,844 [Worker-208: Launching testing] INFO  o.e.m.c.i.embedder.EclipseLogger - skip non existing resourceDirectory C:\Users\enocho\Desktop\Revature Project\Question Homeworks\2009sep28react-enochcho\src\test\resources
2020-09-29 23:34:30,282 [Worker-207: Launching testing] INFO  o.e.m.c.i.embedder.EclipseLogger - Using 'UTF-8' encoding to copy filtered resources.
2020-09-29 23:34:30,283 [Worker-207: Launching testing] INFO  o.e.m.c.i.embedder.EclipseLogger - skip non existing resourceDirectory C:\Users\enocho\Desktop\Revature Project\Question Homeworks\2009sep28react-enochcho\src\main\resources
2020-09-29 23:34:30,284 [Worker-207: Launching testing] INFO  o.e.m.c.i.embedder.EclipseLogger - Using 'UTF-8' encoding to copy filtered resources.
2020-09-29 23:34:30,284 [Worker-207: Launching testing] INFO  o.e.m.c.i.embedder.EclipseLogger - skip non existing resourceDirectory C:\Users\enocho\Desktop\Revature Project\Question Homeworks\2009sep28react-enochcho\src\test\resources
2020-09-29 23:34:50,629 [Worker-213: Launching testing] INFO  o.e.m.c.i.embedder.EclipseLogger - Using 'UTF-8' encoding to copy filtered resources.
2020-09-29 23:34:50,629 [Worker-213: Launching testing] INFO  o.e.m.c.i.embedder.EclipseLogger - skip non existing resourceDirectory C:\Users\enocho\Desktop\Revature Project\Question Homeworks\2009sep28react-enochcho\src\main\resources
2020-09-29 23:34:50,630 [Worker-213: Launching testing] INFO  o.e.m.c.i.embedder.EclipseLogger - Using 'UTF-8' encoding to copy filtered resources.
2020-09-29 23:34:50,631 [Worker-213: Launching testing] INFO  o.e.m.c.i.embedder.EclipseLogger - skip non existing resourceDirectory C:\Users\enocho\Desktop\Revature Project\Question Homeworks\2009sep28react-enochcho\src\test\resources
2020-09-29 23:36:38,759 [Worker-214: Building] INFO  o.e.m.c.i.embedder.EclipseLogger - Using 'UTF-8' encoding to copy filtered resources.
2020-09-29 23:36:38,760 [Worker-214: Building] INFO  o.e.m.c.i.embedder.EclipseLogger - skip non existing resourceDirectory C:\Users\enocho\Desktop\Revature Project\Question Homeworks\2009sep28react-enochcho\src\main\resources
2020-09-29 23:36:38,761 [Worker-214: Building] INFO  o.e.m.c.i.embedder.EclipseLogger - Using 'UTF-8' encoding to copy filtered resources.
2020-09-29 23:36:38,761 [Worker-214: Building] INFO  o.e.m.c.i.embedder.EclipseLogger - skip non existing resourceDirectory C:\Users\enocho\Desktop\Revature Project\Question Homeworks\2009sep28react-enochcho\src\test\resources
2020-09-29 23:36:40,472 [Worker-217: Building] INFO  o.e.m.c.i.embedder.EclipseLogger - Using 'UTF-8' encoding to copy filtered resources.
2020-09-29 23:36:40,472 [Worker-217: Building] INFO  o.e.m.c.i.embedder.EclipseLogger - skip non existing resourceDirectory C:\Users\enocho\Desktop\Revature Project\Question Homeworks\2009sep28react-enochcho\src\main\resources
2020-09-29 23:36:40,473 [Worker-217: Building] INFO  o.e.m.c.i.embedder.EclipseLogger - Using 'UTF-8' encoding to copy filtered resources.
2020-09-29 23:36:40,473 [Worker-217: Building] INFO  o.e.m.c.i.embedder.EclipseLogger - skip non existing resourceDirectory C:\Users\enocho\Desktop\Revature Project\Question Homeworks\2009sep28react-enochcho\src\test\resources
2020-09-29 23:37:00,772 [Worker-214: Building] INFO  o.e.m.c.i.embedder.EclipseLogger - Using 'UTF-8' encoding to copy filtered resources.
2020-09-29 23:37:00,772 [Worker-214: Building] INFO  o.e.m.c.i.embedder.EclipseLogger - skip non existing resourceDirectory C:\Users\enocho\Desktop\Revature Project\Question Homeworks\2009sep28react-enochcho\src\main\resources
2020-09-29 23:37:00,773 [Worker-214: Building] INFO  o.e.m.c.i.embedder.EclipseLogger - Using 'UTF-8' encoding to copy filtered resources.
2020-09-29 23:37:00,774 [Worker-214: Building] INFO  o.e.m.c.i.embedder.EclipseLogger - skip non existing resourceDirectory C:\Users\enocho\Desktop\Revature Project\Question Homeworks\2009sep28react-enochcho\src\test\resources
2020-09-29 23:50:30,109 [Worker-218: Building] INFO  o.e.m.c.i.embedder.EclipseLogger - Using 'UTF-8' encoding to copy filtered resources.
2020-09-29 23:50:30,110 [Worker-218: Building] INFO  o.e.m.c.i.embedder.EclipseLogger - skip non existing resourceDirectory C:\Users\enocho\Desktop\Revature Project\Question Homeworks\2009sep28react-enochcho\src\main\resources
2020-09-29 23:50:30,112 [Worker-218: Building] INFO  o.e.m.c.i.embedder.EclipseLogger - Using 'UTF-8' encoding to copy filtered resources.
2020-09-29 23:50:30,112 [Worker-218: Building] INFO  o.e.m.c.i.embedder.EclipseLogger - skip non existing resourceDirectory C:\Users\enocho\Desktop\Revature Project\Question Homeworks\2009sep28react-enochcho\src\test\resources
2020-09-29 23:52:20,806 [Worker-218: Launching EvaluationServiceTest] INFO  o.e.m.c.i.embedder.EclipseLogger - Using 'UTF-8' encoding to copy filtered resources.
2020-09-29 23:52:20,806 [Worker-218: Launching EvaluationServiceTest] INFO  o.e.m.c.i.embedder.EclipseLogger - skip non existing resourceDirectory C:\Users\enocho\Desktop\Revature Project\Question Homeworks\2009sep28react-enochcho\src\main\resources
2020-09-29 23:52:20,808 [Worker-218: Launching EvaluationServiceTest] INFO  o.e.m.c.i.embedder.EclipseLogger - Using 'UTF-8' encoding to copy filtered resources.
2020-09-29 23:52:20,808 [Worker-218: Launching EvaluationServiceTest] INFO  o.e.m.c.i.embedder.EclipseLogger - skip non existing resourceDirectory C:\Users\enocho\Desktop\Revature Project\Question Homeworks\2009sep28react-enochcho\src\test\resources
2020-09-29 23:54:04,166 [Worker-224: Building] INFO  o.e.m.c.i.embedder.EclipseLogger - Using 'UTF-8' encoding to copy filtered resources.
2020-09-29 23:54:04,167 [Worker-224: Building] INFO  o.e.m.c.i.embedder.EclipseLogger - skip non existing resourceDirectory C:\Users\enocho\Desktop\Revature Project\Question Homeworks\2009sep28react-enochcho\src\main\resources
2020-09-29 23:54:04,168 [Worker-224: Building] INFO  o.e.m.c.i.embedder.EclipseLogger - Using 'UTF-8' encoding to copy filtered resources.
2020-09-29 23:54:04,168 [Worker-224: Building] INFO  o.e.m.c.i.embedder.EclipseLogger - skip non existing resourceDirectory C:\Users\enocho\Desktop\Revature Project\Question Homeworks\2009sep28react-enochcho\src\test\resources
2020-09-29 23:58:01,602 [Worker-226: Building] INFO  o.e.m.c.i.embedder.EclipseLogger - Using 'UTF-8' encoding to copy filtered resources.
2020-09-29 23:58:01,602 [Worker-226: Building] INFO  o.e.m.c.i.embedder.EclipseLogger - skip non existing resourceDirectory C:\Users\enocho\Desktop\Revature Project\Question Homeworks\2009sep28react-enochcho\src\main\resources
2020-09-29 23:58:01,603 [Worker-226: Building] INFO  o.e.m.c.i.embedder.EclipseLogger - Using 'UTF-8' encoding to copy filtered resources.
2020-09-29 23:58:01,603 [Worker-226: Building] INFO  o.e.m.c.i.embedder.EclipseLogger - skip non existing resourceDirectory C:\Users\enocho\Desktop\Revature Project\Question Homeworks\2009sep28react-enochcho\src\test\resources
2020-09-30 00:12:08,703 [Worker-233: Building] INFO  o.e.m.c.i.embedder.EclipseLogger - Using 'UTF-8' encoding to copy filtered resources.
2020-09-30 00:12:08,703 [Worker-233: Building] INFO  o.e.m.c.i.embedder.EclipseLogger - skip non existing resourceDirectory C:\Users\enocho\Desktop\Revature Project\Question Homeworks\2009sep28react-enochcho\src\main\resources
2020-09-30 00:12:08,704 [Worker-233: Building] INFO  o.e.m.c.i.embedder.EclipseLogger - Using 'UTF-8' encoding to copy filtered resources.
2020-09-30 00:12:08,704 [Worker-233: Building] INFO  o.e.m.c.i.embedder.EclipseLogger - skip non existing resourceDirectory C:\Users\enocho\Desktop\Revature Project\Question Homeworks\2009sep28react-enochcho\src\test\resources
2020-09-30 00:12:16,771 [Worker-228: Building] INFO  o.e.m.c.i.embedder.EclipseLogger - Using 'UTF-8' encoding to copy filtered resources.
2020-09-30 00:12:16,771 [Worker-228: Building] INFO  o.e.m.c.i.embedder.EclipseLogger - skip non existing resourceDirectory C:\Users\enocho\Desktop\Revature Project\Question Homeworks\2009sep28react-enochcho\src\main\resources
2020-09-30 00:12:16,773 [Worker-228: Building] INFO  o.e.m.c.i.embedder.EclipseLogger - Using 'UTF-8' encoding to copy filtered resources.
2020-09-30 00:12:16,773 [Worker-228: Building] INFO  o.e.m.c.i.embedder.EclipseLogger - skip non existing resourceDirectory C:\Users\enocho\Desktop\Revature Project\Question Homeworks\2009sep28react-enochcho\src\test\resources
2020-09-30 00:32:33,191 [Worker-247: Building] INFO  o.e.m.c.i.embedder.EclipseLogger - Using 'UTF-8' encoding to copy filtered resources.
2020-09-30 00:32:33,191 [Worker-247: Building] INFO  o.e.m.c.i.embedder.EclipseLogger - skip non existing resourceDirectory C:\Users\enocho\Desktop\Revature Project\Question Homeworks\2009sep28react-enochcho\src\main\resources
2020-09-30 00:32:33,193 [Worker-247: Building] INFO  o.e.m.c.i.embedder.EclipseLogger - Using 'UTF-8' encoding to copy filtered resources.
2020-09-30 00:32:33,193 [Worker-247: Building] INFO  o.e.m.c.i.embedder.EclipseLogger - skip non existing resourceDirectory C:\Users\enocho\Desktop\Revature Project\Question Homeworks\2009sep28react-enochcho\src\test\resources
2020-09-30 00:33:17,413 [Worker-247: Building] INFO  o.e.m.c.i.embedder.EclipseLogger - Using 'UTF-8' encoding to copy filtered resources.
2020-09-30 00:33:17,414 [Worker-247: Building] INFO  o.e.m.c.i.embedder.EclipseLogger - skip non existing resourceDirectory C:\Users\enocho\Desktop\Revature Project\Question Homeworks\2009sep28react-enochcho\src\main\resources
2020-09-30 00:33:17,415 [Worker-247: Building] INFO  o.e.m.c.i.embedder.EclipseLogger - Using 'UTF-8' encoding to copy filtered resources.
2020-09-30 00:33:17,416 [Worker-247: Building] INFO  o.e.m.c.i.embedder.EclipseLogger - skip non existing resourceDirectory C:\Users\enocho\Desktop\Revature Project\Question Homeworks\2009sep28react-enochcho\src\test\resources
2020-09-30 00:36:12,493 [Worker-245: Building] INFO  o.e.m.c.i.embedder.EclipseLogger - Using 'UTF-8' encoding to copy filtered resources.
2020-09-30 00:36:12,494 [Worker-245: Building] INFO  o.e.m.c.i.embedder.EclipseLogger - skip non existing resourceDirectory C:\Users\enocho\Desktop\Revature Project\Question Homeworks\2009sep28react-enochcho\src\main\resources
2020-09-30 00:36:12,496 [Worker-245: Building] INFO  o.e.m.c.i.embedder.EclipseLogger - Using 'UTF-8' encoding to copy filtered resources.
2020-09-30 00:36:12,496 [Worker-245: Building] INFO  o.e.m.c.i.embedder.EclipseLogger - skip non existing resourceDirectory C:\Users\enocho\Desktop\Revature Project\Question Homeworks\2009sep28react-enochcho\src\test\resources
2020-09-30 00:38:25,659 [Worker-253: Building] INFO  o.e.m.c.i.embedder.EclipseLogger - Using 'UTF-8' encoding to copy filtered resources.
2020-09-30 00:38:25,659 [Worker-253: Building] INFO  o.e.m.c.i.embedder.EclipseLogger - skip non existing resourceDirectory C:\Users\enocho\Desktop\Revature Project\Question Homeworks\2009sep28react-enochcho\src\main\resources
2020-09-30 00:38:25,660 [Worker-253: Building] INFO  o.e.m.c.i.embedder.EclipseLogger - Using 'UTF-8' encoding to copy filtered resources.
2020-09-30 00:38:25,660 [Worker-253: Building] INFO  o.e.m.c.i.embedder.EclipseLogger - skip non existing resourceDirectory C:\Users\enocho\Desktop\Revature Project\Question Homeworks\2009sep28react-enochcho\src\test\resources
2020-09-30 00:41:16,768 [Worker-252: Building] INFO  o.e.m.c.i.embedder.EclipseLogger - Using 'UTF-8' encoding to copy filtered resources.
2020-09-30 00:41:16,769 [Worker-252: Building] INFO  o.e.m.c.i.embedder.EclipseLogger - skip non existing resourceDirectory C:\Users\enocho\Desktop\Revature Project\Question Homeworks\2009sep28react-enochcho\src\main\resources
2020-09-30 00:41:16,770 [Worker-252: Building] INFO  o.e.m.c.i.embedder.EclipseLogger - Using 'UTF-8' encoding to copy filtered resources.
2020-09-30 00:41:16,770 [Worker-252: Building] INFO  o.e.m.c.i.embedder.EclipseLogger - skip non existing resourceDirectory C:\Users\enocho\Desktop\Revature Project\Question Homeworks\2009sep28react-enochcho\src\test\resources
2020-09-30 00:44:33,082 [Worker-251: Building] INFO  o.e.m.c.i.embedder.EclipseLogger - Using 'UTF-8' encoding to copy filtered resources.
2020-09-30 00:44:33,083 [Worker-251: Building] INFO  o.e.m.c.i.embedder.EclipseLogger - skip non existing resourceDirectory C:\Users\enocho\Desktop\Revature Project\Question Homeworks\2009sep28react-enochcho\src\main\resources
2020-09-30 00:44:33,084 [Worker-251: Building] INFO  o.e.m.c.i.embedder.EclipseLogger - Using 'UTF-8' encoding to copy filtered resources.
2020-09-30 00:44:33,085 [Worker-251: Building] INFO  o.e.m.c.i.embedder.EclipseLogger - skip non existing resourceDirectory C:\Users\enocho\Desktop\Revature Project\Question Homeworks\2009sep28react-enochcho\src\test\resources
2020-09-30 00:52:39,939 [Worker-255: Building] INFO  o.e.m.c.i.embedder.EclipseLogger - Using 'UTF-8' encoding to copy filtered resources.
2020-09-30 00:52:39,940 [Worker-255: Building] INFO  o.e.m.c.i.embedder.EclipseLogger - skip non existing resourceDirectory C:\Users\enocho\Desktop\Revature Project\Question Homeworks\2009sep28react-enochcho\src\main\resources
2020-09-30 00:52:39,941 [Worker-255: Building] INFO  o.e.m.c.i.embedder.EclipseLogger - Using 'UTF-8' encoding to copy filtered resources.
2020-09-30 00:52:39,941 [Worker-255: Building] INFO  o.e.m.c.i.embedder.EclipseLogger - skip non existing resourceDirectory C:\Users\enocho\Desktop\Revature Project\Question Homeworks\2009sep28react-enochcho\src\test\resources
2020-09-30 00:59:53,156 [Worker-254: Building] INFO  o.e.m.c.i.embedder.EclipseLogger - Using 'UTF-8' encoding to copy filtered resources.
2020-09-30 00:59:53,157 [Worker-254: Building] INFO  o.e.m.c.i.embedder.EclipseLogger - skip non existing resourceDirectory C:\Users\enocho\Desktop\Revature Project\Question Homeworks\2009sep28react-enochcho\src\main\resources
2020-09-30 00:59:53,158 [Worker-254: Building] INFO  o.e.m.c.i.embedder.EclipseLogger - Using 'UTF-8' encoding to copy filtered resources.
2020-09-30 00:59:53,158 [Worker-254: Building] INFO  o.e.m.c.i.embedder.EclipseLogger - skip non existing resourceDirectory C:\Users\enocho\Desktop\Revature Project\Question Homeworks\2009sep28react-enochcho\src\test\resources
2020-09-30 01:00:47,009 [Worker-254: Building] INFO  o.e.m.c.i.embedder.EclipseLogger - Using 'UTF-8' encoding to copy filtered resources.
2020-09-30 01:00:47,009 [Worker-254: Building] INFO  o.e.m.c.i.embedder.EclipseLogger - skip non existing resourceDirectory C:\Users\enocho\Desktop\Revature Project\Question Homeworks\2009sep28react-enochcho\src\main\resources
2020-09-30 01:00:47,010 [Worker-254: Building] INFO  o.e.m.c.i.embedder.EclipseLogger - Using 'UTF-8' encoding to copy filtered resources.
2020-09-30 01:00:47,011 [Worker-254: Building] INFO  o.e.m.c.i.embedder.EclipseLogger - skip non existing resourceDirectory C:\Users\enocho\Desktop\Revature Project\Question Homeworks\2009sep28react-enochcho\src\test\resources
2020-09-30 01:03:17,219 [Worker-259: Building] INFO  o.e.m.c.i.embedder.EclipseLogger - Using 'UTF-8' encoding to copy filtered resources.
2020-09-30 01:03:17,220 [Worker-259: Building] INFO  o.e.m.c.i.embedder.EclipseLogger - skip non existing resourceDirectory C:\Users\enocho\Desktop\Revature Project\Question Homeworks\2009sep28react-enochcho\src\main\resources
2020-09-30 01:03:17,221 [Worker-259: Building] INFO  o.e.m.c.i.embedder.EclipseLogger - Using 'UTF-8' encoding to copy filtered resources.
2020-09-30 01:03:17,221 [Worker-259: Building] INFO  o.e.m.c.i.embedder.EclipseLogger - skip non existing resourceDirectory C:\Users\enocho\Desktop\Revature Project\Question Homeworks\2009sep28react-enochcho\src\test\resources
2020-09-30 01:04:48,200 [Worker-254: Building] INFO  o.e.m.c.i.embedder.EclipseLogger - Using 'UTF-8' encoding to copy filtered resources.
2020-09-30 01:04:48,200 [Worker-254: Building] INFO  o.e.m.c.i.embedder.EclipseLogger - skip non existing resourceDirectory C:\Users\enocho\Desktop\Revature Project\Question Homeworks\2009sep28react-enochcho\src\main\resources
2020-09-30 01:04:48,201 [Worker-254: Building] INFO  o.e.m.c.i.embedder.EclipseLogger - Using 'UTF-8' encoding to copy filtered resources.
2020-09-30 01:04:48,201 [Worker-254: Building] INFO  o.e.m.c.i.embedder.EclipseLogger - skip non existing resourceDirectory C:\Users\enocho\Desktop\Revature Project\Question Homeworks\2009sep28react-enochcho\src\test\resources
2020-09-30 01:06:15,340 [Worker-257: Building] INFO  o.e.m.c.i.embedder.EclipseLogger - Using 'UTF-8' encoding to copy filtered resources.
2020-09-30 01:06:15,340 [Worker-257: Building] INFO  o.e.m.c.i.embedder.EclipseLogger - skip non existing resourceDirectory C:\Users\enocho\Desktop\Revature Project\Question Homeworks\2009sep28react-enochcho\src\main\resources
2020-09-30 01:06:15,342 [Worker-257: Building] INFO  o.e.m.c.i.embedder.EclipseLogger - Using 'UTF-8' encoding to copy filtered resources.
2020-09-30 01:06:15,342 [Worker-257: Building] INFO  o.e.m.c.i.embedder.EclipseLogger - skip non existing resourceDirectory C:\Users\enocho\Desktop\Revature Project\Question Homeworks\2009sep28react-enochcho\src\test\resources
