2020-10-12 13:02:51 INFO  UserMenu:29 - Entering the user registration menu
2020-10-12 13:02:56 ERROR UserController:39 - Error creating user, likely duplicate
2020-10-12 14:04:55 INFO  UserMenu:29 - Entering the user registration menu
2020-10-12 14:11:57 ERROR UserDAO:81 - Error creating user, likely duplicate
2020-10-12 15:04:22 INFO  Driver:29 - User entered main menu.
2020-10-12 15:04:22 INFO  Driver:31 - Not loggin in.
2020-10-12 15:04:25 INFO  UserMenu:69 - Entering the login menu
2020-10-12 15:04:28 INFO  UserMenu:91 - Attempting to log in...
2020-10-12 15:04:29 INFO  UserMenu:69 - Entering the login menu
2020-10-12 15:04:31 INFO  UserMenu:91 - Attempting to log in...
2020-10-12 15:04:32 INFO  UserMenu:69 - Entering the login menu
2020-10-12 15:04:40 INFO  UserMenu:91 - Attempting to log in...
2020-10-12 15:04:40 INFO  UserMenu:95 - User successfully logged in
2020-10-12 15:04:40 INFO  Driver:29 - User entered main menu.
2020-10-12 15:04:40 INFO  Driver:33 - Logged in as user_type 1
2020-10-12 15:14:26 INFO  Driver:29 - User entered main menu.
2020-10-12 15:14:26 INFO  Driver:31 - Not loggin in.
2020-10-12 15:14:29 INFO  Driver:79 - Guest tried to access employee records.
2020-10-12 15:14:29 INFO  Driver:29 - User entered main menu.
2020-10-12 15:14:29 INFO  Driver:31 - Not loggin in.
2020-10-12 15:14:30 INFO  UserMenu:69 - Entering the login menu
2020-10-12 15:14:33 INFO  UserMenu:91 - Attempting to log in...
2020-10-12 15:14:34 INFO  UserMenu:95 - User successfully logged in
2020-10-12 15:14:34 INFO  Driver:29 - User entered main menu.
2020-10-12 15:14:34 INFO  Driver:33 - Logged in as user_type 1
2020-10-12 15:14:35 INFO  Driver:84 - User #1 (customer) tried to access employee records.
2020-10-12 15:14:35 INFO  Driver:29 - User entered main menu.
2020-10-12 15:14:35 INFO  Driver:33 - Logged in as user_type 1
2020-10-12 15:14:39 INFO  CarLotMenu:63 - Entering the car lot as a customer
2020-10-12 15:14:43 INFO  Driver:29 - User entered main menu.
2020-10-12 15:14:43 INFO  Driver:33 - Logged in as user_type 1
2020-10-12 15:19:41 INFO  Driver:22 - Application initialized. oooooooooooooooooooooooooooooooooooooooooooooooooooooooooo
2020-10-12 15:19:41 INFO  Driver:29 - User entered main menu.
2020-10-12 15:19:41 INFO  Driver:31 - Not logged in.
2020-10-12 15:19:45 INFO  UserMenu:69 - Entering the login menu
2020-10-12 15:19:46 INFO  UserMenu:91 - Attempting to log in...
2020-10-12 15:19:47 INFO  UserMenu:101 - Login failed.
2020-10-12 15:19:47 INFO  UserMenu:69 - Entering the login menu
2020-10-12 15:19:49 INFO  UserMenu:79 - User exitted at username entry
2020-10-12 15:19:49 INFO  Driver:29 - User entered main menu.
2020-10-12 15:19:49 INFO  Driver:31 - Not logged in.
2020-10-12 15:19:52 INFO  UserMenu:29 - Entering the user registration menu
2020-10-12 15:19:55 INFO  UserMenu:43 - User failed the simple email check.
2020-10-12 15:19:55 INFO  UserMenu:29 - Entering the user registration menu
2020-10-12 15:20:11 INFO  UserController:35 - User successfully created: drew
2020-10-12 15:20:11 INFO  Driver:29 - User entered main menu.
2020-10-12 15:20:11 INFO  Driver:31 - Not logged in.
2020-10-12 15:20:13 INFO  UserMenu:69 - Entering the login menu
2020-10-12 15:20:15 INFO  UserMenu:91 - Attempting to log in...
2020-10-12 15:20:15 INFO  UserMenu:95 - User successfully logged in
2020-10-12 15:20:15 INFO  Driver:29 - User entered main menu.
2020-10-12 15:20:15 INFO  Driver:33 - Logged in as user_type 1
2020-10-12 15:20:17 INFO  CarLotMenu:63 - Entering the car lot as a customer
2020-10-12 15:20:22 INFO  Driver:29 - User entered main menu.
2020-10-12 15:20:22 INFO  Driver:33 - Logged in as user_type 1
2020-10-12 15:20:24 INFO  Driver:91 - User closed application. xxxxxxxxxxxxxxxxxxxxxxxxxxxxxxxxxxxxxxxxxxxxxxxxxxxxxxxxxxxxxxxxxxxxxxxxxxxxxxxxxxx
2020-10-12 15:43:52 INFO  Driver:22 - Application initialized. oooooooooooooooooooooooooooooooooooooooooooooooooooooooooooooooooooooooooooooooo
2020-10-12 15:43:52 INFO  Driver:30 - Guest entered main menu
2020-10-12 15:43:54 INFO  Driver:90 - User closed application. xxxxxxxxxxxxxxxxxxxxxxxxxxxxxxxxxxxxxxxxxxxxxxxxxxxxxxxxxxxxxxxxxxxxxxxxxxxxxxxxxxx
2020-10-12 16:14:42 INFO  Driver:22 - Application initialized. oooooooooooooooooooooooooooooooooooooooooooooooooooooooooooooooooooooooooooooooo
2020-10-12 16:14:42 INFO  Driver:30 - Guest entered main menu
2020-10-12 16:14:45 INFO  Driver:93 - Invalid input in main menu.
2020-10-12 16:14:45 INFO  Driver:30 - Guest entered main menu
2020-10-12 16:14:47 INFO  Driver:93 - Invalid input in main menu.
2020-10-12 16:14:47 INFO  Driver:30 - Guest entered main menu
2020-10-12 17:35:56 INFO  Driver:22 - Application initialized. oooooooooooooooooooooooooooooooooooooooooooooooooooooooooooooooooooooooooooooooo
2020-10-12 17:35:56 INFO  Driver:30 - Guest entered main menu
2020-10-12 17:35:58 INFO  UserMenu:69 - Entering the login menu
2020-10-12 17:36:00 INFO  UserMenu:91 - Attempting to log in...
2020-10-12 17:36:00 INFO  UserMenu:95 - User successfully logged in
2020-10-12 17:36:01 INFO  Driver:32 - User_type 2 entered main menu
2020-10-12 17:36:03 INFO  CarLotMenu:102 - Entered the car lot as an employee
2020-10-12 17:36:08 INFO  CarLotMenu:102 - Entered the car lot as an employee
2020-10-12 17:37:08 INFO  Driver:22 - Application initialized. oooooooooooooooooooooooooooooooooooooooooooooooooooooooooooooooooooooooooooooooo
2020-10-12 17:37:08 INFO  Driver:30 - Guest entered main menu
2020-10-12 17:37:10 INFO  UserMenu:69 - Entering the login menu
2020-10-12 17:37:12 INFO  UserMenu:91 - Attempting to log in...
2020-10-12 17:37:12 INFO  UserMenu:95 - User successfully logged in
2020-10-12 17:37:12 INFO  Driver:32 - User_type 2 entered main menu
2020-10-12 17:37:17 INFO  CarLotMenu:102 - Entered the car lot as an employee
2020-10-12 17:37:27 INFO  CarLotMenu:102 - Entered the car lot as an employee
2020-10-12 17:38:02 INFO  CarLotMenu:102 - Entered the car lot as an employee
2020-10-12 17:44:56 INFO  Driver:22 - Application initialized. oooooooooooooooooooooooooooooooooooooooooooooooooooooooooooooooooooooooooooooooo
2020-10-12 17:44:56 INFO  Driver:30 - Guest entered main menu
2020-10-12 17:44:58 INFO  UserMenu:69 - Entering the login menu
2020-10-12 17:45:00 INFO  UserMenu:91 - Attempting to log in...
2020-10-12 17:45:00 INFO  UserMenu:95 - User successfully logged in
2020-10-12 17:45:01 INFO  Driver:32 - User_type 2 entered main menu
2020-10-12 17:45:02 INFO  CarLotMenu:102 - Entered the car lot as an employee
2020-10-12 17:45:09 INFO  CarLotMenu:146 - Employee is creating a car...
2020-10-12 17:45:13 INFO  CarLotMenu:102 - Entered the car lot as an employee
2020-10-12 17:45:15 INFO  CarLotMenu:146 - Employee is creating a car...
2020-10-12 17:47:05 INFO  Driver:22 - Application initialized. oooooooooooooooooooooooooooooooooooooooooooooooooooooooooooooooooooooooooooooooo
2020-10-12 17:47:05 INFO  Driver:30 - Guest entered main menu
2020-10-12 17:47:07 INFO  UserMenu:69 - Entering the login menu
2020-10-12 17:47:09 INFO  UserMenu:91 - Attempting to log in...
2020-10-12 17:47:10 INFO  UserMenu:95 - User successfully logged in
2020-10-12 17:47:10 INFO  Driver:32 - User_type 2 entered main menu
2020-10-12 17:47:11 INFO  CarLotMenu:102 - Entered the car lot as an employee
2020-10-12 17:47:12 INFO  CarLotMenu:146 - Employee is creating a car...
2020-10-12 17:47:14 INFO  CarLotMenu:165 - Employee entered a string in a number field
2020-10-12 17:47:14 INFO  CarLotMenu:102 - Entered the car lot as an employee
2020-10-12 17:54:31 INFO  CarLotMenu:136 - Invalid input at car lot
2020-10-12 17:54:31 INFO  CarLotMenu:102 - Entered the car lot as an employee
2020-10-12 17:54:31 INFO  CarLotMenu:136 - Invalid input at car lot
2020-10-12 17:54:31 INFO  CarLotMenu:102 - Entered the car lot as an employee
2020-10-12 17:54:32 INFO  CarLotMenu:136 - Invalid input at car lot
2020-10-12 17:54:32 INFO  CarLotMenu:102 - Entered the car lot as an employee
2020-10-12 17:54:32 INFO  CarLotMenu:136 - Invalid input at car lot
2020-10-12 17:54:32 INFO  CarLotMenu:102 - Entered the car lot as an employee
2020-10-12 17:54:32 INFO  CarLotMenu:136 - Invalid input at car lot
2020-10-12 17:54:33 INFO  CarLotMenu:102 - Entered the car lot as an employee
2020-10-12 17:54:33 INFO  CarLotMenu:136 - Invalid input at car lot
2020-10-12 17:54:33 INFO  CarLotMenu:102 - Entered the car lot as an employee
2020-10-12 17:54:33 INFO  CarLotMenu:136 - Invalid input at car lot
2020-10-12 17:54:33 INFO  CarLotMenu:102 - Entered the car lot as an employee
2020-10-12 17:54:33 INFO  CarLotMenu:136 - Invalid input at car lot
2020-10-12 17:54:34 INFO  CarLotMenu:102 - Entered the car lot as an employee
2020-10-12 17:54:34 INFO  CarLotMenu:136 - Invalid input at car lot
2020-10-12 17:54:34 INFO  CarLotMenu:102 - Entered the car lot as an employee
2020-10-12 17:54:34 INFO  CarLotMenu:136 - Invalid input at car lot
2020-10-12 17:54:34 INFO  CarLotMenu:102 - Entered the car lot as an employee
2020-10-12 17:54:35 INFO  CarLotMenu:136 - Invalid input at car lot
2020-10-12 17:54:35 INFO  CarLotMenu:102 - Entered the car lot as an employee
2020-10-12 17:54:42 INFO  CarLotMenu:136 - Invalid input at car lot
2020-10-12 17:54:42 INFO  CarLotMenu:102 - Entered the car lot as an employee
2020-10-12 17:54:44 INFO  CarLotMenu:133 - Employee left car lot
2020-10-12 17:54:44 INFO  Driver:32 - User_type 2 entered main menu
2020-10-12 17:54:45 INFO  Driver:90 - User closed application. xxxxxxxxxxxxxxxxxxxxxxxxxxxxxxxxxxxxxxxxxxxxxxxxxxxxxxxxxxxxxxxxxxxxxxxxxxxxxxxxxxx
2020-10-12 17:59:53 INFO  Driver:22 - Application initialized. oooooooooooooooooooooooooooooooooooooooooooooooooooooooooooooooooooooooooooooooo
2020-10-12 17:59:53 INFO  Driver:30 - Guest entered main menu
2020-10-12 17:59:55 INFO  UserMenu:68 - Entering the login menu
2020-10-12 17:59:58 INFO  UserMenu:90 - Attempting to log in...
2020-10-12 17:59:58 INFO  UserMenu:94 - User successfully logged in
2020-10-12 17:59:58 INFO  Driver:32 - User_type 3 entered main menu
2020-10-12 18:00:04 INFO  UserMenu:109 - User entered the manager menu.
2020-10-12 18:00:11 INFO  UserMenu:143 - Manager is making an employee account...
2020-10-12 18:00:15 INFO  UserMenu:157 - User failed the simple email check.
2020-10-12 18:00:16 INFO  UserMenu:28 - Entering the user registration menu
2020-10-12 18:00:21 INFO  UserMenu:42 - User failed the simple email check.
2020-10-12 18:00:21 INFO  UserMenu:28 - Entering the user registration menu
2020-10-12 18:00:31 INFO  UserController:35 - User successfully created: employee2
2020-10-12 18:00:31 INFO  UserMenu:109 - User entered the manager menu.
2020-10-12 18:00:34 INFO  UserMenu:143 - Manager is making an employee account...
2020-10-12 18:00:44 ERROR UserDAO:98 - Error creating employee, likely duplicate
2020-10-12 18:00:44 INFO  UserMenu:109 - User entered the manager menu.
2020-10-12 18:07:02 INFO  Driver:22 - Application initialized. oooooooooooooooooooooooooooooooooooooooooooooooooooooooooooooooooooooooooooooooo
2020-10-12 18:07:02 INFO  Driver:30 - Guest entered main menu
2020-10-12 18:07:03 INFO  UserMenu:68 - Entering the login menu
2020-10-12 18:07:44 INFO  UserMenu:78 - User exitted at username entry
2020-10-12 18:07:44 INFO  Driver:30 - Guest entered main menu
2020-10-12 18:07:45 INFO  UserMenu:68 - Entering the login menu
2020-10-12 18:07:48 INFO  UserMenu:90 - Attempting to log in...
2020-10-12 18:07:48 INFO  UserMenu:94 - User successfully logged in
2020-10-12 18:07:48 INFO  Driver:32 - User_type 3 entered main menu
2020-10-12 18:07:49 INFO  CarLotMenu:102 - Entered the car lot as an employee
2020-10-12 18:07:51 INFO  CarLotMenu:133 - Employee left car lot
2020-10-12 18:07:51 INFO  Driver:32 - User_type 3 entered main menu
2020-10-12 18:07:52 INFO  UserMenu:109 - User entered the manager menu.
2020-10-12 18:09:47 INFO  UserMenu:143 - Manager is making an employee account...
2020-10-12 18:09:50 ERROR UserDAO:98 - Error creating employee, likely duplicate
2020-10-12 18:09:51 INFO  UserMenu:109 - User entered the manager menu.
2020-10-12 18:10:10 INFO  UserMenu:143 - Manager is making an employee account...
2020-10-12 18:10:15 ERROR UserDAO:98 - Error creating employee, likely duplicate
2020-10-12 18:10:16 INFO  UserMenu:109 - User entered the manager menu.
2020-10-12 18:18:49 INFO  Driver:22 - Application initialized. oooooooooooooooooooooooooooooooooooooooooooooooooooooooooooooooooooooooooooooooo
2020-10-12 18:18:49 INFO  Driver:30 - Guest entered main menu
2020-10-12 18:18:51 INFO  UserMenu:68 - Entering the login menu
2020-10-12 18:18:52 INFO  UserMenu:90 - Attempting to log in...
2020-10-12 18:18:53 INFO  UserMenu:94 - User successfully logged in
2020-10-12 18:18:53 INFO  Driver:32 - User_type 3 entered main menu
2020-10-12 18:18:54 INFO  UserMenu:109 - User entered the manager menu.
2020-10-12 18:18:59 INFO  UserMenu:143 - Manager is making an employee account...
2020-10-12 18:19:06 ERROR UserDAO:98 - Error creating employee, likely duplicate
2020-10-12 18:19:06 INFO  UserMenu:109 - User entered the manager menu.
2020-10-12 18:20:27 INFO  UserMenu:143 - Manager is making an employee account...
2020-10-12 18:20:32 INFO  UserController:48 - Employee successfully created: employee3
2020-10-12 18:20:33 INFO  UserMenu:109 - User entered the manager menu.
2020-10-12 18:22:52 INFO  Driver:22 - Application initialized. oooooooooooooooooooooooooooooooooooooooooooooooooooooooooooooooooooooooooooooooo
2020-10-12 18:22:52 INFO  Driver:30 - Guest entered main menu
2020-10-12 18:24:45 INFO  UserMenu:68 - Entering the login menu
2020-10-12 18:24:48 INFO  UserMenu:90 - Attempting to log in...
2020-10-12 18:24:48 INFO  UserMenu:94 - User successfully logged in
2020-10-12 18:24:48 INFO  Driver:32 - User_type 3 entered main menu
2020-10-12 18:24:50 INFO  UserMenu:109 - User entered the manager menu.
2020-10-12 18:24:54 INFO  UserMenu:191 - User entered employee deletion menu.
2020-10-12 18:24:56 INFO  UserMenu:109 - User entered the manager menu.
2020-10-12 18:25:02 INFO  UserMenu:143 - Manager is making an employee account...
2020-10-12 18:25:13 INFO  UserController:48 - Employee successfully created: employee2
2020-10-12 18:25:13 INFO  UserMenu:181 - Employee was successfully created.
2020-10-12 18:25:13 INFO  UserMenu:109 - User entered the manager menu.
2020-10-12 18:25:15 INFO  UserMenu:143 - Manager is making an employee account...
2020-10-12 18:25:34 ERROR UserDAO:98 - Error creating employee, likely duplicate
2020-10-12 18:25:34 INFO  UserMenu:179 - Employee was not created.
2020-10-12 18:25:34 INFO  UserMenu:109 - User entered the manager menu.
2020-10-12 18:30:03 INFO  Driver:22 - Application initialized. oooooooooooooooooooooooooooooooooooooooooooooooooooooooooooooooooooooooooooooooo
2020-10-12 18:30:03 INFO  Driver:30 - Guest entered main menu
2020-10-12 18:30:24 INFO  Driver:22 - Application initialized. oooooooooooooooooooooooooooooooooooooooooooooooooooooooooooooooooooooooooooooooo
2020-10-12 18:30:24 INFO  Driver:30 - Guest entered main menu
2020-10-12 18:30:26 INFO  UserMenu:77 - Entering the login menu
2020-10-12 18:31:03 INFO  UserMenu:99 - Attempting to log in...
2020-10-12 18:31:03 INFO  UserMenu:109 - Login failed.
2020-10-12 18:31:04 INFO  UserMenu:77 - Entering the login menu
2020-10-12 18:31:06 INFO  UserMenu:87 - User exitted at username entry
2020-10-12 18:31:06 INFO  Driver:30 - Guest entered main menu
2020-10-12 18:31:08 INFO  UserMenu:28 - Entering the user registration menu
2020-10-12 18:31:38 INFO  UserController:35 - Customer successfully created: customer2
2020-10-12 18:31:39 INFO  UserMenu:66 - Customer was successfully created.
2020-10-12 18:31:40 INFO  Driver:30 - Guest entered main menu
2020-10-12 18:31:49 INFO  Driver:90 - User closed application. xxxxxxxxxxxxxxxxxxxxxxxxxxxxxxxxxxxxxxxxxxxxxxxxxxxxxxxxxxxxxxxxxxxxxxxxxxxxxxxxxxx
2020-10-12 18:33:28 INFO  Driver:22 - Application initialized. oooooooooooooooooooooooooooooooooooooooooooooooooooooooooooooooooooooooooooooooo
2020-10-12 18:33:28 INFO  Driver:30 - Guest entered main menu
2020-10-12 18:33:37 INFO  UserMenu:76 - Entering the login menu
2020-10-12 18:33:40 INFO  UserMenu:98 - Attempting to log in...
2020-10-12 18:33:40 INFO  UserMenu:102 - User successfully logged in
2020-10-12 18:33:41 INFO  Driver:32 - User_type 1 entered main menu
2020-10-12 18:33:43 INFO  CarLotMenu:63 - Entering the car lot as a customer
2020-10-12 18:40:57 INFO  Driver:22 - Application initialized. oooooooooooooooooooooooooooooooooooooooooooooooooooooooooooooooooooooooooooooooo
2020-10-12 18:40:57 INFO  Driver:30 - Guest entered main menu
2020-10-12 18:40:59 INFO  UserMenu:76 - Entering the login menu
2020-10-12 18:41:02 INFO  UserMenu:98 - Attempting to log in...
2020-10-12 18:41:04 INFO  UserMenu:102 - User successfully logged in
2020-10-12 18:41:04 INFO  Driver:32 - User_type 1 entered main menu
2020-10-12 18:41:56 INFO  Driver:22 - Application initialized. oooooooooooooooooooooooooooooooooooooooooooooooooooooooooooooooooooooooooooooooo
2020-10-12 18:41:56 INFO  Driver:30 - Guest entered main menu
2020-10-12 18:41:58 INFO  UserMenu:76 - Entering the login menu
2020-10-12 18:42:00 INFO  UserMenu:98 - Attempting to log in...
2020-10-12 18:42:02 INFO  UserMenu:102 - User successfully logged in
2020-10-12 18:42:02 INFO  Driver:32 - User_type 1 entered main menu
2020-10-12 18:42:53 INFO  Driver:22 - Application initialized. oooooooooooooooooooooooooooooooooooooooooooooooooooooooooooooooooooooooooooooooo
2020-10-12 18:42:53 INFO  Driver:30 - Guest entered main menu
2020-10-12 18:42:55 INFO  UserMenu:76 - Entering the login menu
2020-10-12 18:42:57 INFO  UserMenu:98 - Attempting to log in...
2020-10-12 18:42:59 INFO  UserMenu:102 - User successfully logged in
2020-10-12 18:42:59 INFO  Driver:32 - User_type 1 entered main menu
2020-10-12 18:43:36 INFO  Driver:22 - Application initialized. oooooooooooooooooooooooooooooooooooooooooooooooooooooooooooooooooooooooooooooooo
2020-10-12 18:43:36 INFO  Driver:30 - Guest entered main menu
2020-10-12 18:43:37 INFO  UserMenu:76 - Entering the login menu
2020-10-12 18:43:40 INFO  UserMenu:98 - Attempting to log in...
2020-10-12 18:43:41 INFO  UserMenu:102 - User successfully logged in
2020-10-12 18:43:42 INFO  Driver:32 - User_type 1 entered main menu
2020-10-12 18:44:44 INFO  Driver:22 - Application initialized. oooooooooooooooooooooooooooooooooooooooooooooooooooooooooooooooooooooooooooooooo
2020-10-12 18:44:44 INFO  Driver:30 - Guest entered main menu
2020-10-12 18:44:46 INFO  UserMenu:76 - Entering the login menu
2020-10-12 18:44:48 INFO  UserMenu:98 - Attempting to log in...
2020-10-12 18:44:50 INFO  UserMenu:102 - User successfully logged in
2020-10-12 18:44:51 INFO  Driver:32 - User_type 1 entered main menu
2020-10-12 18:44:55 INFO  UserMenu:76 - Entering the login menu
2020-10-12 18:44:56 INFO  UserMenu:98 - Attempting to log in...
2020-10-12 18:44:58 INFO  UserMenu:108 - Login failed.
2020-10-12 18:45:00 INFO  UserMenu:76 - Entering the login menu
2020-10-12 18:45:07 INFO  UserMenu:98 - Attempting to log in...
2020-10-12 18:45:08 INFO  UserMenu:108 - Login failed.
2020-10-12 18:45:10 INFO  UserMenu:76 - Entering the login menu
2020-10-12 18:45:15 INFO  UserMenu:86 - User exitted at username entry
2020-10-12 18:45:15 INFO  Driver:30 - Guest entered main menu
2020-10-12 18:45:22 INFO  UserMenu:28 - Entering the user registration menu
2020-10-12 18:45:37 INFO  UserController:36 - Customer successfully created: custoomer
2020-10-12 18:45:38 INFO  UserMenu:66 - Customer was successfully created.
2020-10-12 18:45:38 INFO  Driver:30 - Guest entered main menu
2020-10-12 18:48:16 INFO  Driver:22 - Application initialized. oooooooooooooooooooooooooooooooooooooooooooooooooooooooooooooooooooooooooooooooo
2020-10-12 18:48:16 INFO  Driver:30 - Guest entered main menu
2020-10-12 18:48:19 INFO  UserMenu:28 - Entering the user registration menu
2020-10-12 18:48:21 INFO  UserMenu:42 - User failed the simple email check.
2020-10-12 18:48:23 INFO  UserMenu:28 - Entering the user registration menu
2020-10-12 18:48:31 ERROR UserDAO:81 - Error creating user, likely duplicate
2020-10-12 18:48:33 INFO  UserMenu:64 - Customer was not created.
2020-10-12 18:48:33 INFO  Driver:30 - Guest entered main menu
2020-10-12 18:48:40 INFO  UserMenu:28 - Entering the user registration menu
2020-10-12 18:49:35 INFO  Driver:22 - Application initialized. oooooooooooooooooooooooooooooooooooooooooooooooooooooooooooooooooooooooooooooooo
2020-10-12 18:49:35 INFO  Driver:30 - Guest entered main menu
2020-10-12 18:49:37 INFO  UserMenu:28 - Entering the user registration menu
2020-10-12 18:49:40 INFO  UserMenu:42 - User failed the simple email check.
2020-10-12 18:49:41 INFO  UserMenu:28 - Entering the user registration menu
2020-10-12 18:53:57 ERROR UserDAO:81 - Error creating user, likely duplicate
2020-10-12 18:53:59 INFO  UserMenu:64 - Customer was not created.
2020-10-12 18:53:59 INFO  UserMenu:28 - Entering the user registration menu
2020-10-12 18:54:07 ERROR UserDAO:81 - Error creating user, likely duplicate
2020-10-12 18:54:09 INFO  UserMenu:64 - Customer was not created.
2020-10-12 18:54:09 INFO  UserMenu:28 - Entering the user registration menu
2020-10-12 18:54:12 INFO  UserController:36 - Customer successfully created: custooomer
2020-10-12 18:54:15 INFO  UserMenu:67 - Customer was successfully created.
2020-10-12 18:54:15 INFO  Driver:30 - Guest entered main menu
2020-10-12 18:54:18 INFO  UserMenu:76 - Entering the login menu
2020-10-12 18:54:34 INFO  UserMenu:98 - Attempting to log in...
2020-10-12 18:54:36 INFO  UserMenu:102 - User successfully logged in
2020-10-12 18:54:36 INFO  Driver:32 - User_type 1 entered main menu
2020-10-12 18:54:38 INFO  UserMenu:76 - Entering the login menu
2020-10-12 18:54:45 INFO  UserMenu:98 - Attempting to log in...
2020-10-12 18:54:47 INFO  UserMenu:108 - Login failed.
2020-10-12 18:54:48 INFO  UserMenu:76 - Entering the login menu
2020-10-12 18:58:15 INFO  Driver:22 - Application initialized. oooooooooooooooooooooooooooooooooooooooooooooooooooooooooooooooooooooooooooooooo
2020-10-12 18:58:15 INFO  Driver:30 - Guest entered main menu
2020-10-12 18:58:25 INFO  Driver:22 - Application initialized. oooooooooooooooooooooooooooooooooooooooooooooooooooooooooooooooooooooooooooooooo
2020-10-12 18:58:25 INFO  Driver:30 - Guest entered main menu
2020-10-12 18:58:28 INFO  UserMenu:76 - Entering the login menu
2020-10-12 18:59:20 INFO  Driver:22 - Application initialized. oooooooooooooooooooooooooooooooooooooooooooooooooooooooooooooooooooooooooooooooo
2020-10-12 18:59:20 INFO  Driver:30 - Guest entered main menu
2020-10-12 18:59:23 INFO  UserMenu:76 - Entering the login menu
2020-10-12 18:59:26 INFO  UserMenu:98 - Attempting to log in...
2020-10-12 18:59:27 INFO  UserMenu:102 - User successfully logged in
2020-10-12 18:59:28 INFO  Driver:32 - User_type 1 entered main menu
2020-10-12 18:59:30 INFO  UserMenu:76 - Entering the login menu
2020-10-12 18:59:32 INFO  UserMenu:98 - Attempting to log in...
2020-10-12 18:59:33 INFO  UserMenu:108 - Login failed.
2020-10-12 18:59:33 INFO  UserMenu:76 - Entering the login menu
2020-10-12 19:00:04 INFO  UserMenu:98 - Attempting to log in...
2020-10-12 19:00:05 INFO  UserMenu:102 - User successfully logged in
2020-10-12 19:00:06 INFO  Driver:32 - User_type 1 entered main menu
2020-10-12 19:00:34 INFO  Driver:90 - User closed application. xxxxxxxxxxxxxxxxxxxxxxxxxxxxxxxxxxxxxxxxxxxxxxxxxxxxxxxxxxxxxxxxxxxxxxxxxxxxxxxxxxx
2020-10-12 19:05:34 INFO  Driver:22 - Application initialized. oooooooooooooooooooooooooooooooooooooooooooooooooooooooooooooooooooooooooooooooo
2020-10-12 19:05:34 INFO  Driver:30 - Guest entered main menu
2020-10-12 19:05:37 INFO  UserMenu:76 - Entering the login menu
2020-10-12 19:05:41 INFO  UserMenu:98 - Attempting to log in...
2020-10-12 19:05:42 INFO  UserMenu:108 - Login failed.
2020-10-12 19:05:43 INFO  UserMenu:76 - Entering the login menu
2020-10-12 19:05:46 INFO  UserMenu:98 - Attempting to log in...
2020-10-12 19:05:47 INFO  UserMenu:102 - User successfully logged in
2020-10-12 19:05:47 INFO  Driver:32 - User_type 1 entered main menu
2020-10-12 19:05:51 INFO  UserMenu:76 - Entering the login menu
2020-10-12 19:05:53 INFO  UserMenu:98 - Attempting to log in...
2020-10-12 19:05:54 INFO  UserMenu:102 - User successfully logged in
2020-10-12 19:05:55 INFO  Driver:32 - User_type 2 entered main menu
2020-10-12 19:05:59 INFO  CarLotMenu:102 - Entered the car lot as an employee
2020-10-12 19:06:03 INFO  CarLotMenu:189 - Employee is deleting a car...
2020-10-12 19:06:05 ERROR CarDAO:124 - The only way you're seeing this is an error with the connection.
2020-10-12 19:06:05 INFO  CarLotMenu:210 - Employee tried to delete a car that does not exist!
2020-10-12 19:06:06 INFO  CarLotMenu:102 - Entered the car lot as an employee
2020-10-12 19:08:45 INFO  Driver:22 - Application initialized. oooooooooooooooooooooooooooooooooooooooooooooooooooooooooooooooooooooooooooooooo
2020-10-12 19:08:45 INFO  Driver:30 - Guest entered main menu
2020-10-12 19:08:47 INFO  UserMenu:76 - Entering the login menu
2020-10-12 19:08:49 INFO  UserMenu:98 - Attempting to log in...
2020-10-12 19:08:51 INFO  UserMenu:102 - User successfully logged in
2020-10-12 19:08:51 INFO  Driver:32 - User_type 2 entered main menu
2020-10-12 19:08:53 INFO  CarLotMenu:102 - Entered the car lot as an employee
2020-10-12 19:09:02 INFO  CarLotMenu:146 - Employee is creating a car...
2020-10-12 19:09:06 INFO  CarLotMenu:102 - Entered the car lot as an employee
2020-10-12 19:09:16 INFO  CarLotMenu:189 - Employee is deleting a car...
2020-10-12 19:09:19 INFO  CarLotMenu:206 - Employee deleted car with ID #15
2020-10-12 19:09:21 INFO  CarLotMenu:102 - Entered the car lot as an employee
2020-10-12 19:14:29 INFO  Driver:22 - Application initialized. oooooooooooooooooooooooooooooooooooooooooooooooooooooooooooooooooooooooooooooooo
2020-10-12 19:14:29 INFO  Driver:30 - Guest entered main menu
2020-10-12 19:14:31 INFO  UserMenu:76 - Entering the login menu
2020-10-12 19:14:33 INFO  UserMenu:98 - Attempting to log in...
2020-10-12 19:14:34 INFO  UserMenu:102 - User successfully logged in
2020-10-12 19:14:35 INFO  Driver:32 - User_type 3 entered main menu
2020-10-12 19:14:39 INFO  UserMenu:117 - User entered the manager menu.
2020-10-12 19:14:43 INFO  UserMenu:151 - Manager is making an employee account...
2020-10-12 19:14:51 INFO  UserController:50 - Employee successfully created: employee3
2020-10-12 19:14:54 INFO  UserMenu:189 - Employee was successfully created.
2020-10-12 19:14:55 INFO  UserMenu:117 - User entered the manager menu.
2020-10-12 19:17:15 INFO  Driver:22 - Application initialized. oooooooooooooooooooooooooooooooooooooooooooooooooooooooooooooooooooooooooooooooo
2020-10-12 19:17:15 INFO  Driver:30 - Guest entered main menu
2020-10-12 19:17:16 INFO  UserMenu:76 - Entering the login menu
2020-10-12 19:17:19 INFO  UserMenu:98 - Attempting to log in...
2020-10-12 19:17:21 INFO  UserMenu:102 - User successfully logged in
2020-10-12 19:17:21 INFO  Driver:32 - User_type 3 entered main menu
2020-10-12 19:17:24 INFO  UserMenu:117 - User entered the manager menu.
2020-10-12 19:17:33 INFO  UserMenu:151 - Manager is making an employee account...
2020-10-12 19:17:40 INFO  UserController:50 - Employee successfully created: employee4
2020-10-12 19:17:42 INFO  UserMenu:189 - Employee was successfully created.
2020-10-12 19:17:42 INFO  UserMenu:117 - User entered the manager menu.
2020-10-12 19:17:45 INFO  UserMenu:198 - User entered employee deletion menu.
2020-10-12 19:17:46 INFO  UserMenu:218 - Employee deleted car with ID #32
2020-10-12 19:17:49 INFO  UserMenu:117 - User entered the manager menu.
2020-10-12 19:17:55 INFO  UserMenu:198 - User entered employee deletion menu.
2020-10-12 19:17:57 INFO  UserMenu:218 - Employee deleted car with ID #31
2020-10-12 19:17:59 INFO  UserMenu:117 - User entered the manager menu.
2020-10-12 19:18:02 INFO  UserMenu:198 - User entered employee deletion menu.
2020-10-12 19:18:04 INFO  UserMenu:222 - Manager tried to delete an employee that does not exist!
2020-10-12 19:18:05 INFO  UserMenu:117 - User entered the manager menu.
2020-10-12 19:18:10 INFO  Driver:32 - User_type 3 entered main menu
2020-10-12 19:18:12 INFO  Driver:90 - User closed application. xxxxxxxxxxxxxxxxxxxxxxxxxxxxxxxxxxxxxxxxxxxxxxxxxxxxxxxxxxxxxxxxxxxxxxxxxxxxxxxxxxx
2020-10-12 19:18:29 INFO  Driver:22 - Application initialized. oooooooooooooooooooooooooooooooooooooooooooooooooooooooooooooooooooooooooooooooo
2020-10-12 19:18:29 INFO  Driver:30 - Guest entered main menu
2020-10-12 19:18:30 INFO  UserMenu:76 - Entering the login menu
2020-10-12 19:18:32 INFO  UserMenu:98 - Attempting to log in...
2020-10-12 19:18:33 INFO  UserMenu:108 - Login failed.
2020-10-12 19:18:34 INFO  UserMenu:76 - Entering the login menu
2020-10-12 19:18:37 INFO  UserMenu:98 - Attempting to log in...
2020-10-12 19:18:38 INFO  UserMenu:102 - User successfully logged in
2020-10-12 19:18:39 INFO  Driver:32 - User_type 1 entered main menu
2020-10-12 19:19:00 INFO  Driver:90 - User closed application. xxxxxxxxxxxxxxxxxxxxxxxxxxxxxxxxxxxxxxxxxxxxxxxxxxxxxxxxxxxxxxxxxxxxxxxxxxxxxxxxxxx
2020-10-12 21:11:56 INFO  Driver:22 - Application initialized. oooooooooooooooooooooooooooooooooooooooooooooooooooooooooooooooooooooooooooooooo
2020-10-12 21:11:56 INFO  Driver:30 - Guest entered main menu
2020-10-12 21:12:05 INFO  UserMenu:76 - Entering the login menu
2020-10-12 21:12:09 INFO  UserMenu:98 - Attempting to log in...
2020-10-12 21:12:10 INFO  UserMenu:102 - User successfully logged in
2020-10-12 21:12:11 INFO  Driver:32 - User_type 2 entered main menu
2020-10-12 21:12:13 INFO  CarLotMenu:102 - Entered the car lot as an employee
2020-10-12 21:14:07 INFO  CarLotMenu:192 - Employee is updating a car...
2020-10-12 21:14:15 INFO  CarLotMenu:226 - Car was found.
2020-10-12 21:15:45 INFO  Driver:22 - Application initialized. oooooooooooooooooooooooooooooooooooooooooooooooooooooooooooooooooooooooooooooooo
2020-10-12 21:15:45 INFO  Driver:30 - Guest entered main menu
2020-10-12 21:15:47 INFO  UserMenu:76 - Entering the login menu
2020-10-12 21:15:50 INFO  UserMenu:98 - Attempting to log in...
2020-10-12 21:15:53 INFO  UserMenu:102 - User successfully logged in
2020-10-12 21:15:54 INFO  Driver:32 - User_type 2 entered main menu
2020-10-12 21:16:04 INFO  CarLotMenu:102 - Entered the car lot as an employee
2020-10-12 21:16:06 INFO  CarLotMenu:193 - Employee is updating a car...
2020-10-12 21:16:10 INFO  CarLotMenu:223 - Car not found.
2020-10-12 21:16:11 INFO  CarLotMenu:102 - Entered the car lot as an employee
2020-10-12 21:16:18 INFO  CarLotMenu:193 - Employee is updating a car...
2020-10-12 21:16:20 INFO  CarLotMenu:227 - Car was found.
2020-10-12 21:16:28 INFO  CarLotMenu:235 - Employee exitted at car make input.
2020-10-12 21:16:28 INFO  CarLotMenu:102 - Entered the car lot as an employee
2020-10-12 21:16:30 INFO  CarLotMenu:137 - Employee left car lot
2020-10-12 21:16:30 INFO  Driver:32 - User_type 2 entered main menu
2020-10-12 21:16:31 INFO  Driver:90 - User closed application. xxxxxxxxxxxxxxxxxxxxxxxxxxxxxxxxxxxxxxxxxxxxxxxxxxxxxxxxxxxxxxxxxxxxxxxxxxxxxxxxxxx
2020-10-12 21:43:35 INFO  Driver:22 - Application initialized. oooooooooooooooooooooooooooooooooooooooooooooooooooooooooooooooooooooooooooooooo
2020-10-12 21:43:35 INFO  Driver:30 - Guest entered main menu
2020-10-12 21:43:50 INFO  UserMenu:76 - Entering the login menu
2020-10-12 21:43:53 INFO  UserMenu:98 - Attempting to log in...
2020-10-12 21:43:54 INFO  UserMenu:102 - User successfully logged in
2020-10-12 21:43:55 INFO  Driver:32 - User_type 2 entered main menu
2020-10-12 21:44:22 INFO  CarLotMenu:102 - Entered the car lot as an employee
2020-10-12 21:44:24 INFO  CarLotMenu:193 - Employee is updating a car...
2020-10-12 21:44:28 INFO  CarLotMenu:223 - Car not found.
2020-10-12 21:44:29 INFO  CarLotMenu:102 - Entered the car lot as an employee
2020-10-12 21:44:32 INFO  CarLotMenu:193 - Employee is updating a car...
2020-10-12 21:44:37 INFO  CarLotMenu:227 - Car was found.
2020-10-12 21:44:38 INFO  CarLotMenu:241 - Employee is updating a car...
2020-10-12 21:45:14 INFO  CarLotMenu:282 - Employee left while editing car. Changes not saved.
2020-10-12 21:45:14 INFO  CarLotMenu:102 - Entered the car lot as an employee
2020-10-12 21:45:16 INFO  CarLotMenu:193 - Employee is updating a car...
2020-10-12 21:45:19 INFO  CarLotMenu:227 - Car was found.
2020-10-12 21:45:19 INFO  CarLotMenu:241 - Employee is updating a car...
2020-10-12 21:45:32 INFO  CarLotMenu:285 - Invalid input, returning to beginning of updater.
2020-10-12 21:45:34 INFO  CarLotMenu:241 - Employee is updating a car...
2020-10-12 21:45:38 INFO  CarLotMenu:285 - Invalid input, returning to beginning of updater.
2020-10-12 21:45:39 INFO  CarLotMenu:241 - Employee is updating a car...
2020-10-12 21:45:59 INFO  CarLotMenu:241 - Employee is updating a car...
2020-10-12 21:46:08 INFO  CarLotMenu:241 - Employee is updating a car...
2020-10-12 21:59:16 INFO  Driver:22 - Application initialized. oooooooooooooooooooooooooooooooooooooooooooooooooooooooooooooooooooooooooooooooo
2020-10-12 21:59:16 INFO  Driver:30 - Guest entered main menu
2020-10-12 21:59:18 INFO  UserMenu:76 - Entering the login menu
2020-10-12 21:59:21 INFO  UserMenu:98 - Attempting to log in...
2020-10-12 21:59:22 INFO  UserMenu:102 - User successfully logged in
2020-10-12 21:59:23 INFO  Driver:32 - User_type 2 entered main menu
2020-10-12 21:59:27 INFO  CarLotMenu:102 - Entered the car lot as an employee
2020-10-12 21:59:29 INFO  CarLotMenu:193 - Employee is updating a car...
2020-10-12 21:59:33 INFO  CarLotMenu:227 - Car was found.
2020-10-12 21:59:34 INFO  CarLotMenu:241 - Employee is updating a car...
2020-10-12 21:59:41 INFO  CarLotMenu:241 - Employee is updating a car...
2020-10-12 21:59:50 ERROR CarDAO:144 - Error while updating car
2020-10-12 21:59:54 INFO  CarLotMenu:102 - Entered the car lot as an employee
2020-10-12 22:00:41 INFO  Driver:22 - Application initialized. oooooooooooooooooooooooooooooooooooooooooooooooooooooooooooooooooooooooooooooooo
2020-10-12 22:00:41 INFO  Driver:30 - Guest entered main menu
2020-10-12 22:00:57 INFO  Driver:22 - Application initialized. oooooooooooooooooooooooooooooooooooooooooooooooooooooooooooooooooooooooooooooooo
2020-10-12 22:00:57 INFO  Driver:30 - Guest entered main menu
2020-10-12 22:00:59 INFO  UserMenu:76 - Entering the login menu
2020-10-12 22:01:01 INFO  UserMenu:98 - Attempting to log in...
2020-10-12 22:01:03 INFO  UserMenu:102 - User successfully logged in
2020-10-12 22:01:03 INFO  Driver:32 - User_type 2 entered main menu
2020-10-12 22:01:05 INFO  CarLotMenu:102 - Entered the car lot as an employee
2020-10-12 22:01:06 INFO  CarLotMenu:193 - Employee is updating a car...
2020-10-12 22:01:08 INFO  CarLotMenu:227 - Car was found.
2020-10-12 22:01:09 INFO  CarLotMenu:241 - Employee is updating a car...
2020-10-12 22:01:13 INFO  CarLotMenu:241 - Employee is updating a car...
2020-10-12 22:01:16 ERROR CarDAO:144 - Error while updating car
2020-10-12 22:01:20 INFO  CarLotMenu:102 - Entered the car lot as an employee
2020-10-12 22:03:02 INFO  Driver:22 - Application initialized. oooooooooooooooooooooooooooooooooooooooooooooooooooooooooooooooooooooooooooooooo
2020-10-12 22:03:02 INFO  Driver:30 - Guest entered main menu
2020-10-12 22:03:03 INFO  UserMenu:76 - Entering the login menu
2020-10-12 22:03:09 INFO  UserMenu:98 - Attempting to log in...
2020-10-12 22:03:10 INFO  UserMenu:102 - User successfully logged in
2020-10-12 22:03:11 INFO  Driver:32 - User_type 2 entered main menu
2020-10-12 22:03:12 INFO  CarLotMenu:102 - Entered the car lot as an employee
2020-10-12 22:03:14 INFO  CarLotMenu:193 - Employee is updating a car...
2020-10-12 22:03:18 INFO  CarLotMenu:227 - Car was found.
2020-10-12 22:03:19 INFO  CarLotMenu:241 - Employee is updating a car...
2020-10-12 22:03:24 INFO  CarLotMenu:241 - Employee is updating a car...
2020-10-12 22:03:28 ERROR CarDAO:150 - Error while updating car
2020-10-12 22:03:32 INFO  CarLotMenu:102 - Entered the car lot as an employee
2020-10-12 22:05:11 INFO  Driver:22 - Application initialized. oooooooooooooooooooooooooooooooooooooooooooooooooooooooooooooooooooooooooooooooo
2020-10-12 22:05:11 INFO  Driver:30 - Guest entered main menu
2020-10-12 22:09:49 INFO  Driver:22 - Application initialized. oooooooooooooooooooooooooooooooooooooooooooooooooooooooooooooooooooooooooooooooo
2020-10-12 22:09:49 INFO  Driver:30 - Guest entered main menu
2020-10-12 22:09:50 INFO  UserMenu:76 - Entering the login menu
2020-10-12 22:09:52 INFO  UserMenu:98 - Attempting to log in...
2020-10-12 22:09:53 INFO  UserMenu:102 - User successfully logged in
2020-10-12 22:09:54 INFO  Driver:32 - User_type 2 entered main menu
2020-10-12 22:09:55 INFO  CarLotMenu:102 - Entered the car lot as an employee
2020-10-12 22:09:57 INFO  CarLotMenu:193 - Employee is updating a car...
2020-10-12 22:10:00 INFO  CarLotMenu:227 - Car was found.
2020-10-12 22:10:01 INFO  CarLotMenu:241 - Employee is updating a car...
2020-10-12 22:10:03 INFO  CarLotMenu:241 - Employee is updating a car...
2020-10-12 22:10:06 ERROR CarDAO:144 - Error while updating car
2020-10-12 22:10:10 INFO  CarLotMenu:102 - Entered the car lot as an employee
2020-10-12 22:10:38 INFO  Driver:22 - Application initialized. oooooooooooooooooooooooooooooooooooooooooooooooooooooooooooooooooooooooooooooooo
2020-10-12 22:10:38 INFO  Driver:30 - Guest entered main menu
2020-10-12 22:10:40 INFO  UserMenu:76 - Entering the login menu
2020-10-12 22:10:42 INFO  UserMenu:98 - Attempting to log in...
2020-10-12 22:10:43 INFO  UserMenu:102 - User successfully logged in
2020-10-12 22:10:44 INFO  Driver:32 - User_type 2 entered main menu
2020-10-12 22:10:45 INFO  CarLotMenu:102 - Entered the car lot as an employee
2020-10-12 22:10:48 INFO  CarLotMenu:193 - Employee is updating a car...
2020-10-12 22:10:50 INFO  CarLotMenu:227 - Car was found.
2020-10-12 22:10:51 INFO  CarLotMenu:241 - Employee is updating a car...
2020-10-12 22:10:54 INFO  CarLotMenu:241 - Employee is updating a car...
2020-10-12 22:10:59 INFO  CarLotMenu:102 - Entered the car lot as an employee
2020-10-12 22:11:21 INFO  Driver:22 - Application initialized. oooooooooooooooooooooooooooooooooooooooooooooooooooooooooooooooooooooooooooooooo
2020-10-12 22:11:21 INFO  Driver:30 - Guest entered main menu
2020-10-12 22:11:24 INFO  Driver:93 - Invalid input in main menu.
2020-10-12 22:11:25 INFO  Driver:30 - Guest entered main menu
2020-10-12 22:11:26 INFO  UserMenu:76 - Entering the login menu
2020-10-12 22:11:29 INFO  UserMenu:98 - Attempting to log in...
2020-10-12 22:11:31 INFO  UserMenu:102 - User successfully logged in
2020-10-12 22:11:32 INFO  Driver:32 - User_type 2 entered main menu
2020-10-12 22:12:26 INFO  CarLotMenu:102 - Entered the car lot as an employee
2020-10-12 22:12:27 INFO  CarLotMenu:193 - Employee is updating a car...
2020-10-12 22:12:29 INFO  CarLotMenu:227 - Car was found.
2020-10-12 22:12:30 INFO  CarLotMenu:241 - Employee is updating a car...
2020-10-12 22:12:32 INFO  CarLotMenu:241 - Employee is updating a car...
2020-10-12 22:12:37 INFO  CarLotMenu:102 - Entered the car lot as an employee
2020-10-12 22:12:55 INFO  CarLotMenu:193 - Employee is updating a car...
2020-10-12 22:12:57 INFO  CarLotMenu:227 - Car was found.
2020-10-12 22:12:58 INFO  CarLotMenu:241 - Employee is updating a car...
2020-10-12 22:16:30 INFO  Driver:22 - Application initialized. oooooooooooooooooooooooooooooooooooooooooooooooooooooooooooooooooooooooooooooooo
2020-10-12 22:16:30 INFO  Driver:30 - Guest entered main menu
2020-10-12 22:16:32 INFO  UserMenu:76 - Entering the login menu
2020-10-12 22:16:34 INFO  UserMenu:98 - Attempting to log in...
2020-10-12 22:16:35 INFO  UserMenu:102 - User successfully logged in
2020-10-12 22:16:36 INFO  Driver:32 - User_type 2 entered main menu
2020-10-12 22:16:38 INFO  CarLotMenu:102 - Entered the car lot as an employee
2020-10-12 22:16:39 INFO  CarLotMenu:193 - Employee is updating a car...
2020-10-12 22:16:43 INFO  CarLotMenu:223 - Car not found.
2020-10-12 22:16:43 INFO  CarLotMenu:102 - Entered the car lot as an employee
2020-10-12 22:16:45 INFO  CarLotMenu:140 - Invalid input at car lot
2020-10-12 22:16:46 INFO  CarLotMenu:102 - Entered the car lot as an employee
2020-10-12 22:16:48 INFO  CarLotMenu:193 - Employee is updating a car...
2020-10-12 22:16:49 INFO  CarLotMenu:227 - Car was found.
2020-10-12 22:16:50 INFO  CarLotMenu:241 - Employee is updating a car...
2020-10-12 22:16:57 INFO  CarLotMenu:270 - Employee exitted at car model input.
2020-10-12 22:16:57 INFO  CarLotMenu:102 - Entered the car lot as an employee
2020-10-12 22:16:59 INFO  CarLotMenu:193 - Employee is updating a car...
2020-10-12 22:17:00 INFO  CarLotMenu:227 - Car was found.
2020-10-12 22:17:01 INFO  CarLotMenu:241 - Employee is updating a car...
2020-10-12 22:17:04 INFO  CarLotMenu:280 - Employee entered a string in a number field
2020-10-12 22:17:05 INFO  CarLotMenu:102 - Entered the car lot as an employee
2020-10-12 22:17:08 INFO  CarLotMenu:193 - Employee is updating a car...
2020-10-12 22:17:09 INFO  CarLotMenu:227 - Car was found.
2020-10-12 22:17:10 INFO  CarLotMenu:241 - Employee is updating a car...
2020-10-12 22:17:13 INFO  CarLotMenu:290 - Employee exitted at car color input.
2020-10-12 22:17:13 INFO  CarLotMenu:102 - Entered the car lot as an employee
2020-10-12 22:17:23 INFO  CarLotMenu:193 - Employee is updating a car...
2020-10-12 22:17:25 INFO  CarLotMenu:227 - Car was found.
2020-10-12 22:17:26 INFO  CarLotMenu:241 - Employee is updating a car...
2020-10-12 22:17:28 INFO  CarLotMenu:299 - Employee exitted at car size input.
2020-10-12 22:17:28 INFO  CarLotMenu:102 - Entered the car lot as an employee
2020-10-12 22:17:50 INFO  CarLotMenu:193 - Employee is updating a car...
2020-10-12 22:17:51 INFO  CarLotMenu:227 - Car was found.
2020-10-12 22:17:52 INFO  CarLotMenu:241 - Employee is updating a car...
2020-10-12 22:17:55 INFO  CarLotMenu:290 - Employee exitted at car color input.
2020-10-12 22:17:55 INFO  CarLotMenu:102 - Entered the car lot as an employee
2020-10-12 22:17:59 INFO  CarLotMenu:193 - Employee is updating a car...
2020-10-12 22:18:04 INFO  CarLotMenu:227 - Car was found.
2020-10-12 22:18:05 INFO  CarLotMenu:241 - Employee is updating a car...
2020-10-12 22:18:13 INFO  CarLotMenu:241 - Employee is updating a car...
2020-10-12 22:18:16 INFO  CarLotMenu:241 - Employee is updating a car...
2020-10-12 22:18:18 INFO  CarLotMenu:280 - Employee entered a string in a number field
2020-10-12 22:18:19 INFO  CarLotMenu:102 - Entered the car lot as an employee
2020-10-12 22:19:00 INFO  Driver:22 - Application initialized. oooooooooooooooooooooooooooooooooooooooooooooooooooooooooooooooooooooooooooooooo
2020-10-12 22:19:00 INFO  Driver:30 - Guest entered main menu
2020-10-12 22:19:02 INFO  UserMenu:76 - Entering the login menu
2020-10-12 22:19:03 INFO  UserMenu:98 - Attempting to log in...
2020-10-12 22:19:05 INFO  UserMenu:102 - User successfully logged in
2020-10-12 22:19:06 INFO  Driver:32 - User_type 2 entered main menu
2020-10-12 22:19:07 INFO  CarLotMenu:102 - Entered the car lot as an employee
2020-10-12 22:19:08 INFO  CarLotMenu:193 - Employee is updating a car...
2020-10-12 22:19:10 INFO  CarLotMenu:227 - Car was found.
2020-10-12 22:19:10 INFO  CarLotMenu:241 - Employee is updating a car...
2020-10-12 22:19:17 INFO  CarLotMenu:280 - Employee entered a string in a number field
2020-10-12 22:19:19 INFO  CarLotMenu:241 - Employee is updating a car...
2020-10-12 22:19:49 INFO  CarLotMenu:280 - Employee entered a string in a number field
2020-10-12 22:19:50 INFO  CarLotMenu:241 - Employee is updating a car...
2020-10-12 22:20:00 INFO  CarLotMenu:241 - Employee is updating a car...
2020-10-12 22:20:02 INFO  CarLotMenu:241 - Employee is updating a car...
2020-10-12 22:20:06 INFO  CarLotMenu:280 - Employee entered a string in a number field
2020-10-12 22:20:07 INFO  CarLotMenu:241 - Employee is updating a car...
2020-10-12 22:20:11 INFO  CarLotMenu:241 - Employee is updating a car...
2020-10-12 22:20:14 INFO  CarLotMenu:241 - Employee is updating a car...
2020-10-12 22:20:19 INFO  CarLotMenu:241 - Employee is updating a car...
2020-10-12 22:20:26 INFO  CarLotMenu:102 - Entered the car lot as an employee
2020-10-12 22:23:17 INFO  Driver:22 - Application initialized. oooooooooooooooooooooooooooooooooooooooooooooooooooooooooooooooooooooooooooooooo
2020-10-12 22:23:17 INFO  Driver:30 - Guest entered main menu
2020-10-12 22:23:19 INFO  UserMenu:76 - Entering the login menu
2020-10-12 22:23:21 INFO  UserMenu:98 - Attempting to log in...
2020-10-12 22:23:22 INFO  UserMenu:102 - User successfully logged in
2020-10-12 22:23:23 INFO  Driver:32 - User_type 2 entered main menu
2020-10-12 22:23:24 INFO  CarLotMenu:102 - Entered the car lot as an employee
2020-10-12 22:23:28 INFO  CarLotMenu:193 - Employee is updating a car...
2020-10-12 22:23:33 INFO  CarLotMenu:227 - Car was found.
2020-10-12 22:23:33 INFO  CarLotMenu:241 - Employee is updating a car...
2020-10-12 22:23:42 INFO  CarLotMenu:265 - Employee altered the car's make.
2020-10-12 22:23:42 INFO  CarLotMenu:241 - Employee is updating a car...
2020-10-12 22:23:44 INFO  CarLotMenu:275 - Employee altered the car's model.
2020-10-12 22:23:44 INFO  CarLotMenu:241 - Employee is updating a car...
2020-10-12 22:23:47 INFO  CarLotMenu:297 - Employee altered the car's color.
2020-10-12 22:23:47 INFO  CarLotMenu:241 - Employee is updating a car...
2020-10-12 22:23:49 INFO  CarLotMenu:307 - Employee altered the car's size.
2020-10-12 22:23:49 INFO  CarLotMenu:241 - Employee is updating a car...
2020-10-12 22:24:07 INFO  CarLotMenu:282 - Employee entered a string in a number field
2020-10-12 22:24:08 INFO  CarLotMenu:241 - Employee is updating a car...
2020-10-12 22:24:12 INFO  CarLotMenu:287 - Employee altered the car's year.
2020-10-12 22:24:12 INFO  CarLotMenu:241 - Employee is updating a car...
2020-10-12 22:24:16 INFO  CarLotMenu:313 - Employee committed changes on car #14
2020-10-12 22:24:17 INFO  CarLotMenu:102 - Entered the car lot as an employee
2020-10-12 22:24:21 INFO  CarLotMenu:137 - Employee left car lot
2020-10-12 22:24:21 INFO  Driver:32 - User_type 2 entered main menu
2020-10-12 22:24:23 INFO  Driver:90 - User closed application. xxxxxxxxxxxxxxxxxxxxxxxxxxxxxxxxxxxxxxxxxxxxxxxxxxxxxxxxxxxxxxxxxxxxxxxxxxxxxxxxxxx
2020-10-12 22:31:16 INFO  Driver:22 - Application initialized. oooooooooooooooooooooooooooooooooooooooooooooooooooooooooooooooooooooooooooooooo
2020-10-12 22:31:16 INFO  Driver:30 - Guest entered main menu
2020-10-12 22:31:17 INFO  UserMenu:76 - Entering the login menu
2020-10-12 22:31:20 INFO  UserMenu:98 - Attempting to log in...
2020-10-12 22:31:21 INFO  UserMenu:102 - User successfully logged in
2020-10-12 22:31:22 INFO  Driver:32 - User_type 1 entered main menu
2020-10-12 22:31:23 INFO  CarLotMenu:63 - Entering the car lot as a customer
2020-10-12 22:31:25 INFO  CarLotMenu:368 - Customer is viewing their cars...
2020-10-12 22:31:27 INFO  CarLotMenu:396 - Invalid input.
2020-10-12 22:31:29 INFO  CarLotMenu:63 - Entering the car lot as a customer
2020-10-12 22:31:41 INFO  CarLotMenu:89 - Customer left car lot
2020-10-12 22:31:41 INFO  Driver:32 - User_type 1 entered main menu
2020-10-12 22:31:44 INFO  UserMenu:76 - Entering the login menu
2020-10-12 22:31:48 INFO  UserMenu:98 - Attempting to log in...
2020-10-12 22:31:49 INFO  UserMenu:102 - User successfully logged in
2020-10-12 22:31:49 INFO  Driver:32 - User_type 2 entered main menu
2020-10-12 22:31:59 INFO  CarLotMenu:102 - Entered the car lot as an employee
2020-10-12 22:32:09 INFO  CarLotMenu:405 - Employee is viewing all payments...
2020-10-12 22:32:11 INFO  CarLotMenu:424 - Invalid input.
2020-10-12 22:32:13 INFO  CarLotMenu:405 - Employee is viewing all payments...
2020-10-12 22:32:17 INFO  CarLotMenu:424 - Invalid input.
2020-10-12 22:32:19 INFO  CarLotMenu:405 - Employee is viewing all payments...
2020-10-12 22:32:20 INFO  CarLotMenu:420 - Employee left payment menu.
2020-10-12 22:32:20 INFO  CarLotMenu:102 - Entered the car lot as an employee
2020-10-12 22:32:23 INFO  CarLotMenu:137 - Employee left car lot
2020-10-12 22:32:23 INFO  Driver:32 - User_type 2 entered main menu
2020-10-12 22:32:24 INFO  Driver:90 - User closed application. xxxxxxxxxxxxxxxxxxxxxxxxxxxxxxxxxxxxxxxxxxxxxxxxxxxxxxxxxxxxxxxxxxxxxxxxxxxxxxxxxxx
2020-10-12 22:35:19 INFO  Driver:22 - Application initialized. oooooooooooooooooooooooooooooooooooooooooooooooooooooooooooooooooooooooooooooooo
2020-10-12 22:35:19 INFO  Driver:30 - Guest entered main menu
2020-10-12 22:35:21 INFO  UserMenu:76 - Entering the login menu
2020-10-12 22:35:23 INFO  UserMenu:98 - Attempting to log in...
2020-10-12 22:35:24 INFO  UserMenu:108 - Login failed.
2020-10-12 22:35:25 INFO  UserMenu:76 - Entering the login menu
2020-10-12 22:35:27 INFO  UserMenu:98 - Attempting to log in...
2020-10-12 22:35:28 INFO  UserMenu:102 - User successfully logged in
2020-10-12 22:35:29 INFO  Driver:32 - Customer entered main menu
2020-10-12 22:35:30 INFO  UserMenu:76 - Entering the login menu
2020-10-12 22:35:33 INFO  UserMenu:98 - Attempting to log in...
2020-10-12 22:35:34 INFO  UserMenu:102 - User successfully logged in
2020-10-12 22:35:35 INFO  Driver:34 - Employee entered main menu
2020-10-12 22:35:36 INFO  UserMenu:76 - Entering the login menu
2020-10-12 22:35:39 INFO  UserMenu:98 - Attempting to log in...
2020-10-12 22:35:40 INFO  UserMenu:102 - User successfully logged in
2020-10-12 22:35:41 INFO  Driver:36 - Manager entered main menu
2020-10-12 22:35:44 INFO  Driver:94 - User closed application. xxxxxxxxxxxxxxxxxxxxxxxxxxxxxxxxxxxxxxxxxxxxxxxxxxxxxxxxxxxxxxxxxxxxxxxxxxxxxxxxxxx
2020-10-13 10:04:33 INFO  Driver:22 - Application initialized. oooooooooooooooooooooooooooooooooooooooooooooooooooooooooooooooooooooooooooooooo
2020-10-13 10:04:33 INFO  Driver:30 - Guest entered main menu
2020-10-13 10:04:35 INFO  UserMenu:76 - Entering the login menu
2020-10-13 10:04:37 INFO  UserMenu:98 - Attempting to log in...
2020-10-13 10:04:38 INFO  UserMenu:102 - User successfully logged in
2020-10-13 10:04:39 INFO  Driver:32 - Customer entered main menu
2020-10-13 10:04:40 INFO  CarLotMenu:63 - Entering the car lot as a customer
2020-10-13 10:04:50 INFO  MoneyMenu:34 - Customer is making an offer...
2020-10-13 10:04:59 INFO  CarLotMenu:63 - Entering the car lot as a customer
2020-10-13 10:05:05 INFO  MoneyMenu:34 - Customer is making an offer...
2020-10-13 10:05:12 INFO  CarLotMenu:63 - Entering the car lot as a customer
2020-10-13 10:06:49 INFO  MoneyMenu:34 - Customer is making an offer...
2020-10-13 10:06:54 ERROR MoneyMenu:50 - Customer entered a string in a number field
2020-10-13 10:06:55 INFO  CarLotMenu:63 - Entering the car lot as a customer
2020-10-13 10:06:58 INFO  MoneyMenu:34 - Customer is making an offer...
2020-10-13 10:07:00 ERROR MoneyMenu:50 - Customer entered a string in a number field
2020-10-13 10:07:02 INFO  CarLotMenu:63 - Entering the car lot as a customer
2020-10-13 10:07:06 INFO  MoneyMenu:34 - Customer is making an offer...
2020-10-13 10:07:10 ERROR MoneyMenu:50 - Customer entered a string in a number field
2020-10-13 10:07:12 INFO  CarLotMenu:63 - Entering the car lot as a customer
2020-10-13 10:07:16 INFO  MoneyMenu:34 - Customer is making an offer...
2020-10-13 10:07:18 ERROR MoneyMenu:50 - Customer entered a string in a number field
2020-10-13 10:07:20 INFO  CarLotMenu:63 - Entering the car lot as a customer
2020-10-13 12:46:37 INFO  Driver:22 - Application initialized. oooooooooooooooooooooooooooooooooooooooooooooooooooooooooooooooooooooooooooooooo
2020-10-13 12:46:37 INFO  Driver:30 - Guest entered main menu
2020-10-13 12:46:50 INFO  UserMenu:76 - Entering the login menu
2020-10-13 12:46:53 INFO  UserMenu:98 - Attempting to log in...
2020-10-13 12:46:55 INFO  UserMenu:102 - User successfully logged in
2020-10-13 12:46:55 INFO  Driver:32 - Customer entered main menu
2020-10-13 12:47:00 INFO  CarLotMenu:63 - Entering the car lot as a customer
2020-10-13 12:47:09 INFO  MoneyMenu:34 - Customer is making an offer...
2020-10-13 12:47:21 INFO  MoneyMenu:74 - Car not found.
2020-10-13 12:47:21 INFO  CarLotMenu:63 - Entering the car lot as a customer
2020-10-13 12:48:04 INFO  CarLotMenu:92 - Invalid input at car lot
2020-10-13 12:48:06 INFO  CarLotMenu:63 - Entering the car lot as a customer
2020-10-13 12:48:09 INFO  MoneyMenu:34 - Customer is making an offer...
2020-10-13 12:48:32 INFO  MoneyMenu:78 - Car was found.
2020-10-13 12:48:33 INFO  CarLotMenu:63 - Entering the car lot as a customer
2020-10-13 12:48:38 INFO  MoneyMenu:34 - Customer is making an offer...
2020-10-13 12:48:45 INFO  MoneyMenu:78 - Car was found.
2020-10-13 12:48:46 INFO  CarLotMenu:63 - Entering the car lot as a customer
2020-10-13 12:49:01 INFO  CarLotMenu:89 - Customer left car lot
2020-10-13 12:49:01 INFO  Driver:32 - Customer entered main menu
2020-10-13 12:49:02 INFO  UserMenu:76 - Entering the login menu
2020-10-13 12:49:04 INFO  UserMenu:98 - Attempting to log in...
2020-10-13 12:49:05 INFO  UserMenu:102 - User successfully logged in
2020-10-13 12:49:06 INFO  Driver:32 - Customer entered main menu
2020-10-13 12:49:07 INFO  UserMenu:76 - Entering the login menu
2020-10-13 12:49:10 INFO  UserMenu:98 - Attempting to log in...
2020-10-13 12:49:11 INFO  UserMenu:102 - User successfully logged in
2020-10-13 12:49:12 INFO  Driver:34 - Employee entered main menu
2020-10-13 12:49:18 INFO  CarLotMenu:102 - Entered the car lot as an employee
2020-10-13 12:50:38 INFO  CarLotMenu:102 - Entered the car lot as an employee
2020-10-13 12:50:44 INFO  CarLotMenu:137 - Employee left car lot
2020-10-13 12:50:44 INFO  Driver:34 - Employee entered main menu
2020-10-13 12:50:46 INFO  UserMenu:76 - Entering the login menu
2020-10-13 12:50:48 INFO  UserMenu:98 - Attempting to log in...
2020-10-13 12:50:49 INFO  UserMenu:102 - User successfully logged in
2020-10-13 12:50:49 INFO  Driver:32 - Customer entered main menu
2020-10-13 12:50:51 INFO  CarLotMenu:63 - Entering the car lot as a customer
2020-10-13 12:50:59 INFO  CarLotMenu:368 - Customer is viewing their cars...
2020-10-13 12:51:30 INFO  CarLotMenu:392 - Customer left their owned car menu.
2020-10-13 12:51:30 INFO  CarLotMenu:63 - Entering the car lot as a customer
2020-10-13 12:51:31 INFO  CarLotMenu:89 - Customer left car lot
2020-10-13 12:51:31 INFO  Driver:32 - Customer entered main menu
2020-10-13 12:51:32 INFO  Driver:94 - User closed application. xxxxxxxxxxxxxxxxxxxxxxxxxxxxxxxxxxxxxxxxxxxxxxxxxxxxxxxxxxxxxxxxxxxxxxxxxxxxxxxxxxx
2020-10-13 13:15:06 INFO  Driver:22 - Application initialized. oooooooooooooooooooooooooooooooooooooooooooooooooooooooooooooooooooooooooooooooo
2020-10-13 13:15:06 INFO  Driver:30 - Guest entered main menu
2020-10-13 13:16:13 INFO  Driver:22 - Application initialized. oooooooooooooooooooooooooooooooooooooooooooooooooooooooooooooooooooooooooooooooo
2020-10-13 13:16:13 INFO  Driver:30 - Guest entered main menu
2020-10-13 13:16:24 INFO  UserMenu:76 - Entering the login menu
2020-10-13 13:16:26 INFO  UserMenu:98 - Attempting to log in...
2020-10-13 13:16:27 INFO  UserMenu:102 - User successfully logged in
2020-10-13 13:16:28 INFO  Driver:34 - Employee entered main menu
2020-10-13 13:17:02 INFO  CarLotMenu:102 - Entered the car lot as an employee
2020-10-13 13:17:04 INFO  MoneyMenu:103 - Employee is viewing all offers...
2020-10-13 13:17:07 INFO  MoneyMenu:191 - Employee is rejecting an offer...
2020-10-13 13:17:13 INFO  MoneyMenu:209 - Statement successfully passed to DB, no guarentee offer existed.
2020-10-13 13:17:14 INFO  MoneyMenu:103 - Employee is viewing all offers...
2020-10-13 14:14:48 INFO  Driver:22 - Application initialized. oooooooooooooooooooooooooooooooooooooooooooooooooooooooooooooooooooooooooooooooo
2020-10-13 14:14:48 INFO  Driver:30 - Guest entered main menu
2020-10-13 14:14:58 INFO  UserMenu:76 - Entering the login menu
2020-10-13 14:15:01 INFO  UserMenu:98 - Attempting to log in...
2020-10-13 14:15:03 INFO  UserMenu:102 - User successfully logged in
2020-10-13 14:15:03 INFO  Driver:34 - Employee entered main menu
2020-10-13 14:15:04 INFO  CarLotMenu:102 - Entered the car lot as an employee
2020-10-13 14:15:12 INFO  MoneyMenu:103 - Employee is viewing all offers...
2020-10-13 14:15:23 INFO  MoneyMenu:126 - Employee left offer menu
2020-10-13 14:15:23 INFO  CarLotMenu:102 - Entered the car lot as an employee
2020-10-13 14:15:26 INFO  CarLotMenu:150 - Employee is creating a car...
2020-10-13 14:15:35 INFO  CarLotMenu:102 - Entered the car lot as an employee
2020-10-13 14:15:40 INFO  CarLotMenu:137 - Employee left car lot
2020-10-13 14:15:40 INFO  Driver:34 - Employee entered main menu
2020-10-13 14:15:42 INFO  UserMenu:76 - Entering the login menu
2020-10-13 14:15:45 INFO  UserMenu:98 - Attempting to log in...
2020-10-13 14:15:45 INFO  UserMenu:102 - User successfully logged in
2020-10-13 14:15:46 INFO  Driver:32 - Customer entered main menu
2020-10-13 14:16:50 INFO  Driver:22 - Application initialized. oooooooooooooooooooooooooooooooooooooooooooooooooooooooooooooooooooooooooooooooo
2020-10-13 14:16:50 INFO  Driver:30 - Guest entered main menu
2020-10-13 14:16:54 INFO  Driver:97 - Invalid input in main menu.
2020-10-13 14:16:55 INFO  Driver:30 - Guest entered main menu
2020-10-13 14:16:57 INFO  UserMenu:76 - Entering the login menu
2020-10-13 14:16:59 INFO  UserMenu:98 - Attempting to log in...
2020-10-13 14:17:01 INFO  UserMenu:102 - User successfully logged in
2020-10-13 14:17:01 INFO  Driver:32 - Customer entered main menu
2020-10-13 14:17:12 INFO  CarLotMenu:63 - Entering the car lot as a customer
2020-10-13 14:17:16 INFO  MoneyMenu:34 - Customer is making an offer...
2020-10-13 14:17:25 INFO  MoneyMenu:78 - Car was found.
2020-10-13 14:17:25 INFO  MoneyMenu:81 - Offer submitted by customer #1
2020-10-13 14:17:26 INFO  CarLotMenu:63 - Entering the car lot as a customer
2020-10-13 14:17:31 INFO  CarLotMenu:89 - Customer left car lot
2020-10-13 14:17:31 INFO  Driver:32 - Customer entered main menu
2020-10-13 14:17:32 INFO  UserMenu:76 - Entering the login menu
2020-10-13 14:17:37 INFO  UserMenu:98 - Attempting to log in...
2020-10-13 14:17:38 INFO  UserMenu:108 - Login failed.
2020-10-13 14:17:39 INFO  UserMenu:76 - Entering the login menu
2020-10-13 14:17:42 INFO  UserMenu:98 - Attempting to log in...
2020-10-13 14:17:43 INFO  UserMenu:102 - User successfully logged in
2020-10-13 14:17:44 INFO  Driver:32 - Customer entered main menu
2020-10-13 14:17:45 INFO  CarLotMenu:63 - Entering the car lot as a customer
2020-10-13 14:17:50 INFO  MoneyMenu:34 - Customer is making an offer...
2020-10-13 14:17:57 INFO  MoneyMenu:78 - Car was found.
2020-10-13 14:17:57 INFO  MoneyMenu:81 - Offer submitted by customer #26
2020-10-13 14:17:58 INFO  CarLotMenu:63 - Entering the car lot as a customer
2020-10-13 14:18:01 INFO  CarLotMenu:89 - Customer left car lot
2020-10-13 14:18:01 INFO  Driver:32 - Customer entered main menu
2020-10-13 14:18:04 INFO  Driver:97 - Invalid input in main menu.
2020-10-13 14:18:06 INFO  Driver:32 - Customer entered main menu
2020-10-13 14:18:07 INFO  UserMenu:76 - Entering the login menu
2020-10-13 14:18:13 INFO  UserMenu:98 - Attempting to log in...
2020-10-13 14:18:14 INFO  UserMenu:102 - User successfully logged in
2020-10-13 14:18:15 INFO  Driver:34 - Employee entered main menu
2020-10-13 14:18:31 INFO  CarLotMenu:102 - Entered the car lot as an employee
2020-10-13 14:18:35 INFO  CarLotMenu:405 - Employee is viewing all payments...
2020-10-13 14:18:44 INFO  CarLotMenu:420 - Employee left payment menu.
2020-10-13 14:18:44 INFO  CarLotMenu:102 - Entered the car lot as an employee
2020-10-13 14:19:05 INFO  MoneyMenu:103 - Employee is viewing all offers...
2020-10-13 14:19:43 INFO  MoneyMenu:139 - Employee plans on accepting offers...
2020-10-13 14:20:02 ERROR MoneyMenu:192 - Employee accepted an offer
2020-10-13 14:20:05 INFO  MoneyMenu:103 - Employee is viewing all offers...
2020-10-13 14:20:09 INFO  MoneyMenu:202 - Employee is rejecting an offer...
2020-10-13 14:20:11 INFO  MoneyMenu:220 - Statement successfully passed to DB, no guarentee offer existed.
2020-10-13 14:20:11 INFO  MoneyMenu:103 - Employee is viewing all offers...
2020-10-13 14:20:20 INFO  MoneyMenu:126 - Employee left offer menu
2020-10-13 14:20:20 INFO  CarLotMenu:102 - Entered the car lot as an employee
2020-10-13 14:41:26 INFO  Driver:22 - Application initialized. oooooooooooooooooooooooooooooooooooooooooooooooooooooooooooooooooooooooooooooooo
2020-10-13 14:41:26 INFO  Driver:30 - Guest entered main menu
2020-10-13 14:41:31 INFO  CarLotMenu:34 - Entering the car lot, not logged in
2020-10-13 14:41:44 INFO  CarLotMenu:53 - Invalid input at car lot
2020-10-13 14:41:46 INFO  CarLotMenu:34 - Entering the car lot, not logged in
2020-10-13 14:41:48 INFO  CarLotMenu:49 - Guest exitted the lot
2020-10-13 14:41:48 INFO  Driver:30 - Guest entered main menu
2020-10-13 14:42:05 INFO  Driver:22 - Application initialized. oooooooooooooooooooooooooooooooooooooooooooooooooooooooooooooooooooooooooooooooo
2020-10-13 14:42:05 INFO  Driver:30 - Guest entered main menu
2020-10-13 14:42:06 INFO  Driver:97 - Invalid input in main menu.
2020-10-13 14:42:07 INFO  Driver:30 - Guest entered main menu
2020-10-13 14:42:09 INFO  UserMenu:76 - Entering the login menu
2020-10-13 14:42:11 INFO  UserMenu:98 - Attempting to log in...
2020-10-13 14:42:13 INFO  UserMenu:102 - User successfully logged in
2020-10-13 14:42:13 INFO  Driver:32 - Customer entered main menu
2020-10-13 14:42:15 INFO  CarLotMenu:63 - Entering the car lot as a customer
2020-10-13 14:44:22 INFO  CarLotMenu:89 - Customer left car lot
2020-10-13 14:44:22 INFO  Driver:32 - Customer entered main menu
2020-10-13 14:52:02 INFO  Driver:94 - User closed application. xxxxxxxxxxxxxxxxxxxxxxxxxxxxxxxxxxxxxxxxxxxxxxxxxxxxxxxxxxxxxxxxxxxxxxxxxxxxxxxxxxx
2020-10-13 15:43:21 INFO  Driver:22 - Application initialized. oooooooooooooooooooooooooooooooooooooooooooooooooooooooooooooooooooooooooooooooo
2020-10-13 15:43:21 INFO  Driver:30 - Guest entered main menu
2020-10-13 15:43:23 INFO  UserMenu:76 - Entering the login menu
2020-10-13 15:43:26 INFO  UserMenu:98 - Attempting to log in...
2020-10-13 15:43:27 INFO  UserMenu:102 - User successfully logged in
2020-10-13 15:43:28 INFO  Driver:34 - Employee entered main menu
2020-10-13 15:43:29 INFO  CarLotMenu:99 - Entered the car lot as an employee
2020-10-13 15:43:33 INFO  MoneyMenu:105 - Employee is viewing all offers...
2020-10-13 15:43:36 INFO  MoneyMenu:141 - Employee plans on accepting offers...
2020-10-13 15:43:41 ERROR MoneyMenu:194 - Employee accepted an offer
2020-10-13 15:43:44 INFO  MoneyMenu:105 - Employee is viewing all offers...
2020-10-13 15:43:46 INFO  MoneyMenu:128 - Employee left offer menu
2020-10-13 15:43:46 INFO  CarLotMenu:99 - Entered the car lot as an employee
2020-10-13 15:43:47 INFO  CarLotMenu:134 - Employee left car lot
2020-10-13 15:43:47 INFO  Driver:34 - Employee entered main menu
2020-10-13 15:43:48 INFO  UserMenu:76 - Entering the login menu
2020-10-13 15:43:50 INFO  UserMenu:98 - Attempting to log in...
2020-10-13 15:43:51 INFO  UserMenu:102 - User successfully logged in
2020-10-13 15:43:52 INFO  Driver:32 - Customer entered main menu
2020-10-13 15:43:53 INFO  CarLotMenu:63 - Entering the car lot as a customer
2020-10-13 15:43:55 INFO  CarLotMenu:365 - Customer is viewing their cars...
2020-10-13 15:44:18 INFO  CarLotMenu:397 - Invalid input.
2020-10-13 15:44:19 INFO  CarLotMenu:365 - Customer is viewing their cars...
2020-10-13 15:44:21 INFO  CarLotMenu:397 - Invalid input.
2020-10-13 15:44:22 INFO  CarLotMenu:365 - Customer is viewing their cars...
2020-10-13 15:44:24 INFO  CarLotMenu:63 - Entering the car lot as a customer
2020-10-13 15:44:26 INFO  MoneyMenu:34 - Customer is making an offer...
2020-10-13 15:44:31 INFO  MoneyMenu:40 - Customer exitted at ID entry
2020-10-13 15:44:31 INFO  CarLotMenu:63 - Entering the car lot as a customer
2020-10-13 15:44:33 INFO  CarLotMenu:86 - Customer left car lot
2020-10-13 15:44:33 INFO  Driver:32 - Customer entered main menu
2020-10-13 15:44:34 INFO  Driver:94 - User closed application. xxxxxxxxxxxxxxxxxxxxxxxxxxxxxxxxxxxxxxxxxxxxxxxxxxxxxxxxxxxxxxxxxxxxxxxxxxxxxxxxxxx
2020-10-13 15:46:15 INFO  Driver:22 - Application initialized. oooooooooooooooooooooooooooooooooooooooooooooooooooooooooooooooooooooooooooooooo
2020-10-13 15:46:15 INFO  Driver:30 - Guest entered main menu
2020-10-13 15:46:16 INFO  UserMenu:76 - Entering the login menu
2020-10-13 15:46:18 INFO  UserMenu:98 - Attempting to log in...
2020-10-13 15:46:20 INFO  UserMenu:102 - User successfully logged in
2020-10-13 15:46:20 INFO  Driver:32 - Customer entered main menu
2020-10-13 15:46:21 INFO  CarLotMenu:63 - Entering the car lot as a customer
2020-10-13 15:46:23 INFO  CarLotMenu:365 - Customer is viewing their cars...
2020-10-13 15:48:05 INFO  Driver:22 - Application initialized. oooooooooooooooooooooooooooooooooooooooooooooooooooooooooooooooooooooooooooooooo
2020-10-13 15:48:05 INFO  Driver:30 - Guest entered main menu
2020-10-13 15:48:07 INFO  UserMenu:76 - Entering the login menu
2020-10-13 15:48:08 INFO  UserMenu:98 - Attempting to log in...
2020-10-13 15:48:09 INFO  UserMenu:102 - User successfully logged in
2020-10-13 15:48:10 INFO  Driver:32 - Customer entered main menu
2020-10-13 15:48:11 INFO  CarLotMenu:63 - Entering the car lot as a customer
2020-10-13 15:48:13 INFO  CarLotMenu:365 - Customer is viewing their cars...
2020-10-13 16:08:46 INFO  Driver:22 - Application initialized. oooooooooooooooooooooooooooooooooooooooooooooooooooooooooooooooooooooooooooooooo
2020-10-13 16:08:46 INFO  Driver:30 - Guest entered main menu
2020-10-13 16:08:48 INFO  UserMenu:76 - Entering the login menu
2020-10-13 16:08:50 INFO  UserMenu:98 - Attempting to log in...
2020-10-13 16:08:51 INFO  UserMenu:102 - User successfully logged in
2020-10-13 16:08:52 INFO  Driver:32 - Customer entered main menu
2020-10-13 16:08:57 INFO  CarLotMenu:63 - Entering the car lot as a customer
2020-10-13 16:09:00 INFO  CarLotMenu:365 - Customer is viewing their cars...
2020-10-13 16:09:04 INFO  CarLotMenu:389 - Customer left their owned car menu.
2020-10-13 16:09:04 INFO  CarLotMenu:63 - Entering the car lot as a customer
2020-10-13 16:09:06 INFO  CarLotMenu:365 - Customer is viewing their cars...
2020-10-13 16:09:07 INFO  CarLotMenu:396 - Invalid input.
2020-10-13 16:09:08 INFO  CarLotMenu:365 - Customer is viewing their cars...
2020-10-13 16:09:10 INFO  MoneyMenu:89 - Customer is making a payment...
2020-10-13 16:09:12 ERROR MoneyMenu:107 - Customer entered a string in a number field
2020-10-13 16:09:14 INFO  MoneyMenu:160 - Employee is viewing all offers...
2020-10-13 16:10:03 INFO  Driver:22 - Application initialized. oooooooooooooooooooooooooooooooooooooooooooooooooooooooooooooooooooooooooooooooo
2020-10-13 16:10:03 INFO  Driver:30 - Guest entered main menu
2020-10-13 16:10:04 INFO  UserMenu:76 - Entering the login menu
2020-10-13 16:10:06 INFO  UserMenu:98 - Attempting to log in...
2020-10-13 16:10:07 INFO  UserMenu:102 - User successfully logged in
2020-10-13 16:10:08 INFO  Driver:32 - Customer entered main menu
2020-10-13 16:10:09 INFO  CarLotMenu:63 - Entering the car lot as a customer
2020-10-13 16:10:14 INFO  CarLotMenu:365 - Customer is viewing their cars...
2020-10-13 16:10:17 INFO  MoneyMenu:89 - Customer is making a payment...
2020-10-13 16:10:18 ERROR MoneyMenu:107 - Customer entered a string in a number field
2020-10-13 16:10:19 INFO  CarLotMenu:63 - Entering the car lot as a customer
2020-10-13 16:10:25 INFO  CarLotMenu:365 - Customer is viewing their cars...
2020-10-13 16:11:06 INFO  Driver:22 - Application initialized. oooooooooooooooooooooooooooooooooooooooooooooooooooooooooooooooooooooooooooooooo
2020-10-13 16:11:06 INFO  Driver:30 - Guest entered main menu
2020-10-13 16:11:07 INFO  UserMenu:76 - Entering the login menu
2020-10-13 16:11:10 INFO  UserMenu:98 - Attempting to log in...
2020-10-13 16:11:11 INFO  UserMenu:102 - User successfully logged in
2020-10-13 16:11:12 INFO  Driver:32 - Customer entered main menu
2020-10-13 16:11:12 INFO  CarLotMenu:63 - Entering the car lot as a customer
2020-10-13 16:11:14 INFO  CarLotMenu:365 - Customer is viewing their cars...
2020-10-13 16:11:16 INFO  MoneyMenu:89 - Customer is making a payment...
2020-10-13 16:11:17 ERROR MoneyMenu:107 - Customer entered a string in a number field
2020-10-13 16:11:18 INFO  CarLotMenu:365 - Customer is viewing their cars...
2020-10-13 16:11:20 INFO  MoneyMenu:89 - Customer is making a payment...
2020-10-13 16:11:32 INFO  MoneyMenu:138 - Offer not found
2020-10-13 16:11:32 INFO  CarLotMenu:365 - Customer is viewing their cars...
2020-10-13 16:11:41 INFO  MoneyMenu:89 - Customer is making a payment...
2020-10-13 16:11:46 INFO  MoneyMenu:138 - Offer not found
2020-10-13 16:11:46 INFO  CarLotMenu:365 - Customer is viewing their cars...
2020-10-13 16:14:36 INFO  MoneyMenu:89 - Customer is making a payment...
2020-10-13 16:14:44 INFO  MoneyMenu:131 - Offer found
2020-10-13 16:14:44 ERROR MoneyDAO:120 - Error while making payment
2020-10-13 16:14:46 INFO  MoneyMenu:150 - Payment successfully sent to DB.
2020-10-13 16:14:48 INFO  CarLotMenu:365 - Customer is viewing their cars...
2020-10-13 16:14:58 INFO  MoneyMenu:89 - Customer is making a payment...
2020-10-13 16:15:01 INFO  MoneyMenu:131 - Offer found
2020-10-13 16:15:01 ERROR MoneyDAO:120 - Error while making payment
2020-10-13 16:15:02 INFO  MoneyMenu:150 - Payment successfully sent to DB.
2020-10-13 16:15:04 INFO  CarLotMenu:365 - Customer is viewing their cars...
2020-10-13 16:15:26 INFO  Driver:22 - Application initialized. oooooooooooooooooooooooooooooooooooooooooooooooooooooooooooooooooooooooooooooooo
2020-10-13 16:15:26 INFO  Driver:30 - Guest entered main menu
2020-10-13 16:15:27 INFO  UserMenu:76 - Entering the login menu
2020-10-13 16:15:29 INFO  UserMenu:98 - Attempting to log in...
2020-10-13 16:15:30 INFO  UserMenu:102 - User successfully logged in
2020-10-13 16:15:31 INFO  Driver:32 - Customer entered main menu
2020-10-13 16:15:32 INFO  CarLotMenu:63 - Entering the car lot as a customer
2020-10-13 16:15:34 INFO  CarLotMenu:365 - Customer is viewing their cars...
2020-10-13 16:15:36 INFO  MoneyMenu:89 - Customer is making a payment...
2020-10-13 16:15:41 INFO  MoneyMenu:131 - Offer found
2020-10-13 16:15:41 ERROR MoneyDAO:121 - Error while making payment
2020-10-13 16:15:43 INFO  MoneyMenu:150 - Payment successfully sent to DB.
2020-10-13 16:15:44 INFO  CarLotMenu:365 - Customer is viewing their cars...
2020-10-13 16:15:57 INFO  Driver:22 - Application initialized. oooooooooooooooooooooooooooooooooooooooooooooooooooooooooooooooooooooooooooooooo
2020-10-13 16:15:57 INFO  Driver:30 - Guest entered main menu
2020-10-13 16:15:59 INFO  UserMenu:76 - Entering the login menu
2020-10-13 16:16:00 INFO  UserMenu:98 - Attempting to log in...
2020-10-13 16:16:01 INFO  UserMenu:102 - User successfully logged in
2020-10-13 16:16:02 INFO  Driver:32 - Customer entered main menu
2020-10-13 16:16:03 INFO  CarLotMenu:63 - Entering the car lot as a customer
2020-10-13 16:16:05 INFO  CarLotMenu:365 - Customer is viewing their cars...
2020-10-13 16:16:06 INFO  MoneyMenu:89 - Customer is making a payment...
2020-10-13 16:16:11 INFO  MoneyMenu:131 - Offer found
2020-10-13 16:16:11 ERROR MoneyDAO:121 - Error while making payment
2020-10-13 16:16:12 INFO  MoneyMenu:150 - Payment successfully sent to DB.
2020-10-13 16:16:14 INFO  CarLotMenu:365 - Customer is viewing their cars...
2020-10-13 16:16:38 INFO  Driver:22 - Application initialized. oooooooooooooooooooooooooooooooooooooooooooooooooooooooooooooooooooooooooooooooo
2020-10-13 16:16:38 INFO  Driver:30 - Guest entered main menu
2020-10-13 16:16:40 INFO  Driver:97 - Invalid input in main menu.
2020-10-13 16:16:41 INFO  Driver:30 - Guest entered main menu
2020-10-13 16:16:42 INFO  UserMenu:76 - Entering the login menu
2020-10-13 16:16:44 INFO  UserMenu:98 - Attempting to log in...
2020-10-13 16:16:45 INFO  UserMenu:102 - User successfully logged in
2020-10-13 16:16:46 INFO  Driver:32 - Customer entered main menu
2020-10-13 16:16:46 INFO  CarLotMenu:63 - Entering the car lot as a customer
2020-10-13 16:16:50 INFO  CarLotMenu:89 - Invalid input at car lot
2020-10-13 16:16:51 INFO  CarLotMenu:63 - Entering the car lot as a customer
2020-10-13 16:16:52 INFO  CarLotMenu:365 - Customer is viewing their cars...
2020-10-13 16:16:56 INFO  MoneyMenu:89 - Customer is making a payment...
2020-10-13 16:17:03 INFO  MoneyMenu:131 - Offer found
2020-10-13 16:17:03 INFO  MoneyMenu:150 - Payment successfully sent to DB.
2020-10-13 16:17:05 INFO  CarLotMenu:365 - Customer is viewing their cars...
2020-10-13 16:17:27 INFO  MoneyMenu:89 - Customer is making a payment...
2020-10-13 16:17:35 ERROR MoneyMenu:122 - Customer entered a string in a number field
2020-10-13 16:17:37 INFO  CarLotMenu:365 - Customer is viewing their cars...
2020-10-13 16:17:39 INFO  MoneyMenu:89 - Customer is making a payment...
2020-10-13 16:17:46 INFO  MoneyMenu:138 - Offer not found
2020-10-13 16:17:46 INFO  CarLotMenu:365 - Customer is viewing their cars...
2020-10-13 16:18:07 INFO  Driver:22 - Application initialized. oooooooooooooooooooooooooooooooooooooooooooooooooooooooooooooooooooooooooooooooo
2020-10-13 16:18:07 INFO  Driver:30 - Guest entered main menu
2020-10-13 16:18:11 INFO  UserMenu:76 - Entering the login menu
2020-10-13 16:18:13 INFO  UserMenu:98 - Attempting to log in...
2020-10-13 16:18:14 INFO  UserMenu:102 - User successfully logged in
2020-10-13 16:18:15 INFO  Driver:32 - Customer entered main menu
2020-10-13 16:18:17 INFO  CarLotMenu:63 - Entering the car lot as a customer
2020-10-13 16:18:18 INFO  CarLotMenu:365 - Customer is viewing their cars...
2020-10-13 16:18:22 INFO  MoneyMenu:89 - Customer is making a payment...
2020-10-13 16:18:28 INFO  MoneyMenu:131 - Offer found
2020-10-13 16:18:28 INFO  MoneyMenu:150 - Payment successfully sent to DB.
2020-10-13 16:18:30 INFO  CarLotMenu:365 - Customer is viewing their cars...
2020-10-13 16:19:08 INFO  Driver:22 - Application initialized. oooooooooooooooooooooooooooooooooooooooooooooooooooooooooooooooooooooooooooooooo
2020-10-13 16:19:08 INFO  Driver:30 - Guest entered main menu
2020-10-13 16:19:09 INFO  UserMenu:76 - Entering the login menu
2020-10-13 16:19:11 INFO  UserMenu:98 - Attempting to log in...
2020-10-13 16:19:12 INFO  UserMenu:102 - User successfully logged in
2020-10-13 16:19:13 INFO  Driver:32 - Customer entered main menu
2020-10-13 16:19:13 INFO  CarLotMenu:63 - Entering the car lot as a customer
2020-10-13 16:19:13 INFO  CarLotMenu:89 - Invalid input at car lot
2020-10-13 16:19:14 INFO  CarLotMenu:63 - Entering the car lot as a customer
2020-10-13 16:19:16 INFO  CarLotMenu:365 - Customer is viewing their cars...
2020-10-13 16:19:21 INFO  MoneyMenu:89 - Customer is making a payment...
2020-10-13 16:19:37 INFO  MoneyMenu:131 - Offer found
2020-10-13 16:19:38 INFO  MoneyMenu:150 - Payment successfully sent to DB.
2020-10-13 16:19:39 INFO  CarLotMenu:365 - Customer is viewing their cars...
2020-10-13 17:58:39 INFO  Driver:22 - Application initialized. oooooooooooooooooooooooooooooooooooooooooooooooooooooooooooooooooooooooooooooooo
2020-10-13 17:58:39 INFO  Driver:30 - Guest entered main menu
2020-10-13 17:58:44 INFO  UserMenu:76 - Entering the login menu
2020-10-13 17:59:39 INFO  Driver:22 - Application initialized. oooooooooooooooooooooooooooooooooooooooooooooooooooooooooooooooooooooooooooooooo
2020-10-13 17:59:39 INFO  Driver:30 - Guest entered main menu
2020-10-13 17:59:45 INFO  UserMenu:76 - Entering the login menu
2020-10-13 18:01:40 INFO  Driver:22 - Application initialized. oooooooooooooooooooooooooooooooooooooooooooooooooooooooooooooooooooooooooooooooo
2020-10-13 18:01:40 INFO  Driver:30 - Guest entered main menu
2020-10-13 18:01:48 INFO  UserMenu:76 - Entering the login menu
2020-10-13 18:01:50 INFO  UserMenu:98 - Attempting to log in...
2020-10-13 18:01:51 INFO  UserMenu:102 - User successfully logged in
2020-10-13 18:01:52 INFO  Driver:32 - Customer entered main menu
2020-10-13 18:01:54 INFO  CarLotMenu:63 - Entering the car lot as a customer
2020-10-13 18:02:00 INFO  CarLotMenu:365 - Customer is viewing their cars...
2020-10-13 18:03:38 INFO  Driver:22 - Application initialized. oooooooooooooooooooooooooooooooooooooooooooooooooooooooooooooooooooooooooooooooo
2020-10-13 18:03:38 INFO  Driver:30 - Guest entered main menu
2020-10-13 18:05:15 INFO  UserMenu:76 - Entering the login menu
2020-10-13 18:05:17 INFO  UserMenu:98 - Attempting to log in...
2020-10-13 18:05:18 INFO  UserMenu:102 - User successfully logged in
2020-10-13 18:05:19 INFO  Driver:32 - Customer entered main menu
2020-10-13 18:05:20 INFO  CarLotMenu:63 - Entering the car lot as a customer
2020-10-13 18:51:40 INFO  Driver:22 - Application initialized. oooooooooooooooooooooooooooooooooooooooooooooooooooooooooooooooooooooooooooooooo
2020-10-13 18:51:40 INFO  Driver:30 - Guest entered main menu
2020-10-13 18:51:43 INFO  UserMenu:76 - Entering the login menu
2020-10-13 18:51:44 INFO  UserMenu:98 - Attempting to log in...
2020-10-13 18:51:45 INFO  UserMenu:102 - User successfully logged in
2020-10-13 18:51:46 INFO  Driver:32 - Customer entered main menu
2020-10-13 18:51:47 INFO  CarLotMenu:63 - Entering the car lot as a customer
2020-10-13 18:51:49 INFO  CarLotMenu:365 - Customer is viewing their cars...
2020-10-13 20:57:56 INFO  CarLotMenu:393 - Customer left their owned car menu.
2020-10-13 20:57:56 INFO  CarLotMenu:63 - Entering the car lot as a customer
2020-10-13 20:57:57 INFO  CarLotMenu:86 - Customer left car lot
2020-10-13 20:57:57 INFO  Driver:32 - Customer entered main menu
2020-10-13 20:57:59 INFO  Driver:94 - User closed application. xxxxxxxxxxxxxxxxxxxxxxxxxxxxxxxxxxxxxxxxxxxxxxxxxxxxxxxxxxxxxxxxxxxxxxxxxxxxxxxxxxx
2020-10-13 21:13:50 INFO  Driver:22 - Application initialized. oooooooooooooooooooooooooooooooooooooooooooooooooooooooooooooooooooooooooooooooo
2020-10-13 21:13:50 INFO  Driver:30 - Guest entered main menu
2020-10-13 21:13:56 INFO  UserMenu:76 - Entering the login menu
2020-10-13 21:14:00 INFO  UserMenu:98 - Attempting to log in...
2020-10-13 21:14:01 INFO  UserMenu:102 - User successfully logged in
2020-10-13 21:14:02 INFO  Driver:34 - Employee entered main menu
2020-10-13 21:14:10 INFO  CarLotMenu:99 - Entered the car lot as an employee
2020-10-13 21:14:20 INFO  CarLotMenu:333 - Employee is deleting a car...
2020-10-13 21:14:21 ERROR CarDAO:124 - The only way you're seeing this is an error with the connection.
2020-10-13 21:14:21 INFO  CarLotMenu:354 - Employee tried to delete a car that does not exist!
2020-10-13 21:14:22 INFO  CarLotMenu:99 - Entered the car lot as an employee
2020-10-13 21:14:49 INFO  Driver:22 - Application initialized. oooooooooooooooooooooooooooooooooooooooooooooooooooooooooooooooooooooooooooooooo
2020-10-13 21:14:49 INFO  Driver:30 - Guest entered main menu
2020-10-13 21:14:51 INFO  UserMenu:76 - Entering the login menu
2020-10-13 21:14:53 INFO  UserMenu:98 - Attempting to log in...
2020-10-13 21:14:54 INFO  UserMenu:102 - User successfully logged in
2020-10-13 21:14:55 INFO  Driver:34 - Employee entered main menu
2020-10-13 21:14:56 INFO  CarLotMenu:99 - Entered the car lot as an employee
2020-10-13 21:14:58 INFO  CarLotMenu:333 - Employee is deleting a car...
2020-10-13 21:15:01 INFO  CarLotMenu:354 - Employee tried to delete a car that does not exist!
2020-10-13 21:15:02 INFO  CarLotMenu:99 - Entered the car lot as an employee
2020-10-13 21:15:41 INFO  Driver:22 - Application initialized. oooooooooooooooooooooooooooooooooooooooooooooooooooooooooooooooooooooooooooooooo
2020-10-13 21:15:41 INFO  Driver:30 - Guest entered main menu
2020-10-13 21:15:44 INFO  UserMenu:76 - Entering the login menu
2020-10-13 21:15:46 INFO  UserMenu:98 - Attempting to log in...
2020-10-13 21:15:47 INFO  UserMenu:102 - User successfully logged in
2020-10-13 21:15:48 INFO  Driver:34 - Employee entered main menu
2020-10-13 21:15:53 INFO  CarLotMenu:99 - Entered the car lot as an employee
2020-10-13 21:15:55 INFO  CarLotMenu:147 - Employee is creating a car...
2020-10-13 21:15:59 ERROR CarDAO:108 - Error creating car, likely duplicate
2020-10-13 21:16:01 INFO  CarLotMenu:99 - Entered the car lot as an employee
2020-10-13 21:22:52 INFO  Driver:22 - Application initialized. oooooooooooooooooooooooooooooooooooooooooooooooooooooooooooooooooooooooooooooooo
2020-10-13 21:22:52 INFO  Driver:30 - Guest entered main menu
2020-10-13 21:22:54 INFO  UserMenu:76 - Entering the login menu
2020-10-13 21:22:59 INFO  UserMenu:98 - Attempting to log in...
2020-10-13 21:23:00 INFO  UserMenu:102 - User successfully logged in
2020-10-13 21:23:01 INFO  Driver:34 - Employee entered main menu
2020-10-13 21:23:03 INFO  CarLotMenu:99 - Entered the car lot as an employee
2020-10-13 21:23:05 INFO  CarLotMenu:333 - Employee is deleting a car...
2020-10-13 21:23:06 INFO  CarLotMenu:354 - Employee tried to delete a car that does not exist!
2020-10-13 21:23:08 INFO  CarLotMenu:99 - Entered the car lot as an employee
2020-10-13 21:30:19 INFO  Driver:22 - Application initialized. oooooooooooooooooooooooooooooooooooooooooooooooooooooooooooooooooooooooooooooooo
2020-10-13 21:30:19 INFO  Driver:30 - Guest entered main menu
2020-10-13 21:30:22 INFO  UserMenu:76 - Entering the login menu
2020-10-13 21:30:25 INFO  UserMenu:98 - Attempting to log in...
2020-10-13 21:30:26 INFO  UserMenu:102 - User successfully logged in
2020-10-13 21:30:27 INFO  Driver:34 - Employee entered main menu
2020-10-13 21:30:28 INFO  CarLotMenu:99 - Entered the car lot as an employee
2020-10-13 21:30:32 INFO  CarLotMenu:147 - Employee is creating a car...
2020-10-13 21:30:35 INFO  CarLotMenu:99 - Entered the car lot as an employee
2020-10-13 21:30:38 INFO  CarLotMenu:333 - Employee is deleting a car...
2020-10-13 21:30:42 INFO  CarLotMenu:359 - Employee deleted car with ID #6
2020-10-13 21:30:44 INFO  CarLotMenu:99 - Entered the car lot as an employee
2020-10-13 21:30:47 INFO  CarLotMenu:333 - Employee is deleting a car...
2020-10-13 21:30:49 INFO  CarLotMenu:359 - Employee deleted car with ID #1
2020-10-13 21:30:51 INFO  CarLotMenu:99 - Entered the car lot as an employee
2020-10-13 21:30:54 INFO  CarLotMenu:190 - Employee is updating a car...
2020-10-13 21:30:55 INFO  CarLotMenu:224 - Car was found.
2020-10-13 21:30:56 INFO  CarLotMenu:238 - Employee is updating a car...
2020-10-13 21:31:10 INFO  CarLotMenu:272 - Employee altered the car's model.
2020-10-13 21:31:10 INFO  CarLotMenu:238 - Employee is updating a car...
2020-10-13 21:31:16 INFO  CarLotMenu:294 - Employee altered the car's color.
2020-10-13 21:31:16 INFO  CarLotMenu:238 - Employee is updating a car...
2020-10-13 21:31:22 INFO  CarLotMenu:310 - Employee committed changes on car #2
2020-10-13 21:31:23 INFO  CarLotMenu:99 - Entered the car lot as an employee
2020-10-13 21:31:25 INFO  CarLotMenu:134 - Employee left car lot
2020-10-13 21:31:25 INFO  Driver:34 - Employee entered main menu
2020-10-13 21:31:27 INFO  Driver:94 - User closed application. xxxxxxxxxxxxxxxxxxxxxxxxxxxxxxxxxxxxxxxxxxxxxxxxxxxxxxxxxxxxxxxxxxxxxxxxxxxxxxxxxxx
2020-10-13 22:00:39 INFO  Driver:22 - Application initialized. oooooooooooooooooooooooooooooooooooooooooooooooooooooooooooooooooooooooooooooooo
2020-10-13 22:00:39 INFO  Driver:30 - Guest entered main menu
2020-10-13 22:00:51 INFO  Driver:97 - Invalid input in main menu.
2020-10-13 22:00:52 INFO  Driver:30 - Guest entered main menu
2020-10-13 22:00:52 INFO  UserMenu:76 - Entering the login menu
2020-10-13 22:00:55 INFO  UserMenu:98 - Attempting to log in...
2020-10-13 22:00:57 INFO  UserMenu:102 - User successfully logged in
2020-10-13 22:00:57 INFO  Driver:32 - Customer entered main menu
2020-10-13 22:01:36 INFO  CarLotMenu:63 - Entering the car lot as a customer
2020-10-13 22:01:43 INFO  CarLotMenu:374 - Customer is viewing their cars...
2020-10-13 22:01:46 INFO  CarLotMenu:402 - Customer left their owned car menu.
2020-10-13 22:01:46 INFO  CarLotMenu:63 - Entering the car lot as a customer
2020-10-13 22:01:48 INFO  CarLotMenu:86 - Customer left car lot
2020-10-13 22:01:48 INFO  Driver:32 - Customer entered main menu
2020-10-13 22:01:50 INFO  Driver:94 - User closed application. xxxxxxxxxxxxxxxxxxxxxxxxxxxxxxxxxxxxxxxxxxxxxxxxxxxxxxxxxxxxxxxxxxxxxxxxxxxxxxxxxxx
2020-10-13 22:02:47 INFO  Driver:22 - Application initialized. oooooooooooooooooooooooooooooooooooooooooooooooooooooooooooooooooooooooooooooooo
2020-10-13 22:02:47 INFO  Driver:30 - Guest entered main menu
2020-10-13 22:02:49 INFO  UserMenu:76 - Entering the login menu
2020-10-13 22:02:51 INFO  UserMenu:98 - Attempting to log in...
2020-10-13 22:02:52 INFO  UserMenu:102 - User successfully logged in
2020-10-13 22:02:53 INFO  Driver:32 - Customer entered main menu
2020-10-13 22:02:55 INFO  CarLotMenu:63 - Entering the car lot as a customer
2020-10-13 22:03:09 INFO  CarLotMenu:374 - Customer is viewing their cars...
2020-10-13 22:03:13 INFO  CarLotMenu:402 - Customer left their owned car menu.
2020-10-13 22:03:13 INFO  CarLotMenu:63 - Entering the car lot as a customer
2020-10-13 22:03:38 INFO  MoneyMenu:31 - Customer is making an offer...
2020-10-13 22:03:52 INFO  MoneyMenu:75 - Car was found.
2020-10-13 22:03:52 INFO  MoneyMenu:78 - Offer submitted by customer #1
2020-10-13 22:03:53 INFO  CarLotMenu:63 - Entering the car lot as a customer
2020-10-13 22:04:15 INFO  MoneyMenu:31 - Customer is making an offer...
2020-10-13 22:04:43 INFO  MoneyMenu:75 - Car was found.
2020-10-13 22:04:43 INFO  MoneyMenu:78 - Offer submitted by customer #1
2020-10-13 22:04:45 INFO  CarLotMenu:63 - Entering the car lot as a customer
2020-10-13 22:04:47 INFO  MoneyMenu:31 - Customer is making an offer...
2020-10-13 22:04:58 INFO  MoneyMenu:75 - Car was found.
2020-10-13 22:04:58 INFO  MoneyMenu:78 - Offer submitted by customer #1
2020-10-13 22:04:59 INFO  CarLotMenu:63 - Entering the car lot as a customer
2020-10-13 22:05:03 INFO  CarLotMenu:86 - Customer left car lot
2020-10-13 22:05:03 INFO  Driver:32 - Customer entered main menu
2020-10-13 22:06:26 INFO  UserMenu:76 - Entering the login menu
2020-10-13 22:06:29 INFO  UserMenu:98 - Attempting to log in...
2020-10-13 22:06:30 INFO  UserMenu:102 - User successfully logged in
2020-10-13 22:06:31 INFO  Driver:34 - Employee entered main menu
2020-10-13 22:06:55 INFO  CarLotMenu:99 - Entered the car lot as an employee
2020-10-13 22:07:04 INFO  MoneyMenu:157 - Employee is viewing all offers...
2020-10-13 22:08:53 INFO  MoneyMenu:193 - Employee plans on accepting offers...
2020-10-13 22:08:56 INFO  MoneyMenu:213 - Employee searched for a record that does not exist
2020-10-13 22:08:56 INFO  MoneyMenu:157 - Employee is viewing all offers...
2020-10-13 22:09:38 INFO  MoneyMenu:193 - Employee plans on accepting offers...
2020-10-13 22:09:42 INFO  MoneyMenu:246 - Employee accepted an offer
2020-10-13 22:09:44 INFO  MoneyMenu:157 - Employee is viewing all offers...
2020-10-13 22:09:51 INFO  MoneyMenu:193 - Employee plans on accepting offers...
2020-10-13 22:09:53 INFO  MoneyMenu:246 - Employee accepted an offer
2020-10-13 22:09:55 INFO  MoneyMenu:157 - Employee is viewing all offers...
2020-10-13 22:10:01 INFO  MoneyMenu:193 - Employee plans on accepting offers...
2020-10-13 22:10:02 INFO  MoneyMenu:246 - Employee accepted an offer
2020-10-13 22:10:05 INFO  MoneyMenu:157 - Employee is viewing all offers...
2020-10-13 22:10:12 INFO  MoneyMenu:193 - Employee plans on accepting offers...
2020-10-13 22:10:13 INFO  MoneyMenu:246 - Employee accepted an offer
2020-10-13 22:10:16 INFO  MoneyMenu:157 - Employee is viewing all offers...
2020-10-13 22:10:17 INFO  MoneyMenu:193 - Employee plans on accepting offers...
2020-10-13 22:10:18 INFO  MoneyMenu:246 - Employee accepted an offer
2020-10-13 22:10:20 INFO  MoneyMenu:157 - Employee is viewing all offers...
2020-10-13 22:10:25 INFO  MoneyMenu:180 - Employee left offer menu
2020-10-13 22:10:25 INFO  CarLotMenu:99 - Entered the car lot as an employee
2020-10-13 22:10:58 INFO  CarLotMenu:147 - Employee is creating a car...
2020-10-13 22:11:21 INFO  CarLotMenu:99 - Entered the car lot as an employee
2020-10-13 22:11:42 INFO  CarLotMenu:147 - Employee is creating a car...
2020-10-13 22:11:45 INFO  CarLotMenu:99 - Entered the car lot as an employee
2020-10-13 22:11:50 INFO  CarLotMenu:333 - Employee is deleting a car...
2020-10-13 22:11:51 INFO  CarLotMenu:359 - Employee deleted car with ID #7
2020-10-13 22:11:54 INFO  CarLotMenu:99 - Entered the car lot as an employee
2020-10-13 22:13:28 INFO  CarLotMenu:147 - Employee is creating a car...
2020-10-13 22:13:32 INFO  CarLotMenu:99 - Entered the car lot as an employee
2020-10-13 22:14:15 INFO  CarLotMenu:190 - Employee is updating a car...
2020-10-13 22:14:19 INFO  CarLotMenu:224 - Car was found.
2020-10-13 22:14:20 INFO  CarLotMenu:238 - Employee is updating a car...
2020-10-13 22:14:35 INFO  CarLotMenu:262 - Employee altered the car's make.
2020-10-13 22:14:35 INFO  CarLotMenu:238 - Employee is updating a car...
2020-10-13 22:14:44 INFO  CarLotMenu:272 - Employee altered the car's model.
2020-10-13 22:14:44 INFO  CarLotMenu:238 - Employee is updating a car...
2020-10-13 22:14:49 INFO  CarLotMenu:284 - Employee altered the car's year.
2020-10-13 22:14:49 INFO  CarLotMenu:238 - Employee is updating a car...
2020-10-13 22:14:52 INFO  CarLotMenu:294 - Employee altered the car's color.
2020-10-13 22:14:52 INFO  CarLotMenu:238 - Employee is updating a car...
2020-10-13 22:14:55 INFO  CarLotMenu:304 - Employee altered the car's condition.
2020-10-13 22:14:55 INFO  CarLotMenu:238 - Employee is updating a car...
2020-10-13 22:14:59 INFO  CarLotMenu:310 - Employee committed changes on car #8
2020-10-13 22:15:00 INFO  CarLotMenu:99 - Entered the car lot as an employee
2020-10-13 22:15:04 INFO  CarLotMenu:333 - Employee is deleting a car...
2020-10-13 22:15:07 INFO  CarLotMenu:359 - Employee deleted car with ID #6
2020-10-13 22:15:09 INFO  CarLotMenu:99 - Entered the car lot as an employee
2020-10-13 22:15:22 INFO  CarLotMenu:418 - Employee is viewing all payments...
2020-10-13 22:15:38 INFO  CarLotMenu:433 - Employee left payment menu.
2020-10-13 22:15:38 INFO  CarLotMenu:99 - Entered the car lot as an employee
2020-10-13 22:15:53 INFO  CarLotMenu:134 - Employee left car lot
2020-10-13 22:15:53 INFO  Driver:34 - Employee entered main menu
2020-10-13 22:15:54 INFO  UserMenu:76 - Entering the login menu
2020-10-13 22:15:57 INFO  UserMenu:98 - Attempting to log in...
2020-10-13 22:15:58 INFO  UserMenu:102 - User successfully logged in
2020-10-13 22:15:58 INFO  Driver:32 - Customer entered main menu
2020-10-13 22:16:01 INFO  CarLotMenu:63 - Entering the car lot as a customer
2020-10-13 22:16:20 INFO  CarLotMenu:374 - Customer is viewing their cars...
2020-10-13 22:18:16 INFO  Driver:22 - Application initialized. oooooooooooooooooooooooooooooooooooooooooooooooooooooooooooooooooooooooooooooooo
2020-10-13 22:18:16 INFO  Driver:30 - Guest entered main menu
2020-10-13 22:18:17 INFO  UserMenu:76 - Entering the login menu
2020-10-13 22:18:19 INFO  UserMenu:98 - Attempting to log in...
2020-10-13 22:18:20 INFO  UserMenu:102 - User successfully logged in
2020-10-13 22:18:21 INFO  Driver:32 - Customer entered main menu
2020-10-13 22:18:25 INFO  CarLotMenu:63 - Entering the car lot as a customer
2020-10-13 22:18:26 INFO  CarLotMenu:374 - Customer is viewing their cars...
2020-10-13 22:18:45 INFO  Driver:22 - Application initialized. oooooooooooooooooooooooooooooooooooooooooooooooooooooooooooooooooooooooooooooooo
2020-10-13 22:18:45 INFO  Driver:30 - Guest entered main menu
2020-10-13 22:18:47 INFO  UserMenu:76 - Entering the login menu
2020-10-13 22:18:49 INFO  UserMenu:98 - Attempting to log in...
2020-10-13 22:18:50 INFO  UserMenu:102 - User successfully logged in
2020-10-13 22:18:51 INFO  Driver:32 - Customer entered main menu
2020-10-13 22:18:52 INFO  CarLotMenu:63 - Entering the car lot as a customer
2020-10-13 22:18:53 INFO  CarLotMenu:374 - Customer is viewing their cars...
2020-10-13 22:19:17 INFO  Driver:22 - Application initialized. oooooooooooooooooooooooooooooooooooooooooooooooooooooooooooooooooooooooooooooooo
2020-10-13 22:19:17 INFO  Driver:30 - Guest entered main menu
2020-10-13 22:19:18 INFO  UserMenu:76 - Entering the login menu
2020-10-13 22:19:20 INFO  UserMenu:98 - Attempting to log in...
2020-10-13 22:19:21 INFO  UserMenu:102 - User successfully logged in
2020-10-13 22:19:22 INFO  Driver:32 - Customer entered main menu
2020-10-13 22:19:23 INFO  CarLotMenu:63 - Entering the car lot as a customer
2020-10-13 22:19:24 INFO  CarLotMenu:374 - Customer is viewing their cars...
2020-10-13 22:20:15 INFO  MoneyMenu:86 - Customer is making a payment...
2020-10-13 22:20:22 INFO  MoneyMenu:128 - Offer found
2020-10-13 22:20:22 INFO  MoneyMenu:147 - Payment successfully sent to DB.
2020-10-13 22:20:24 INFO  CarLotMenu:374 - Customer is viewing their cars...
2020-10-13 22:20:34 INFO  MoneyMenu:86 - Customer is making a payment...
2020-10-13 22:20:38 INFO  MoneyMenu:128 - Offer found
2020-10-13 22:20:39 INFO  MoneyMenu:147 - Payment successfully sent to DB.
2020-10-13 22:20:40 INFO  CarLotMenu:374 - Customer is viewing their cars...
2020-10-13 22:21:21 INFO  MoneyMenu:86 - Customer is making a payment...
2020-10-13 22:21:26 INFO  MoneyMenu:128 - Offer found
2020-10-13 22:21:26 INFO  MoneyMenu:147 - Payment successfully sent to DB.
2020-10-13 22:21:28 INFO  CarLotMenu:374 - Customer is viewing their cars...
2020-10-13 22:21:35 INFO  MoneyMenu:86 - Customer is making a payment...
2020-10-13 22:21:40 INFO  MoneyMenu:128 - Offer found
2020-10-13 22:21:40 INFO  MoneyMenu:147 - Payment successfully sent to DB.
2020-10-13 22:21:42 INFO  CarLotMenu:374 - Customer is viewing their cars...
2020-10-13 22:21:51 INFO  MoneyMenu:86 - Customer is making a payment...
2020-10-13 22:21:56 INFO  MoneyMenu:128 - Offer found
2020-10-13 22:21:56 INFO  MoneyMenu:147 - Payment successfully sent to DB.
2020-10-13 22:21:58 INFO  CarLotMenu:374 - Customer is viewing their cars...
2020-10-13 22:22:51 INFO  MoneyMenu:86 - Customer is making a payment...
2020-10-13 22:22:53 INFO  MoneyMenu:128 - Offer found
2020-10-13 22:22:54 INFO  MoneyMenu:147 - Payment successfully sent to DB.
2020-10-13 22:22:55 INFO  CarLotMenu:374 - Customer is viewing their cars...
2020-10-13 22:23:35 INFO  MoneyMenu:86 - Customer is making a payment...
2020-10-13 22:23:48 INFO  MoneyMenu:128 - Offer found
2020-10-13 22:23:48 INFO  MoneyMenu:147 - Payment successfully sent to DB.
2020-10-13 22:23:50 INFO  CarLotMenu:374 - Customer is viewing their cars...
2020-10-13 22:24:23 INFO  MoneyMenu:86 - Customer is making a payment...
2020-10-13 22:24:26 INFO  MoneyMenu:128 - Offer found
2020-10-13 22:24:26 INFO  MoneyMenu:147 - Payment successfully sent to DB.
2020-10-13 22:24:28 INFO  CarLotMenu:374 - Customer is viewing their cars...
2020-10-13 22:25:28 INFO  CarLotMenu:402 - Customer left their owned car menu.
2020-10-13 22:25:28 INFO  CarLotMenu:63 - Entering the car lot as a customer
2020-10-13 22:25:30 INFO  CarLotMenu:86 - Customer left car lot
2020-10-13 22:25:30 INFO  Driver:32 - Customer entered main menu
2020-10-13 22:25:31 INFO  UserMenu:76 - Entering the login menu
2020-10-13 22:25:33 INFO  UserMenu:98 - Attempting to log in...
2020-10-13 22:25:34 INFO  UserMenu:102 - User successfully logged in
2020-10-13 22:25:35 INFO  Driver:36 - Manager entered main menu
2020-10-13 22:25:39 INFO  UserMenu:117 - User entered the manager menu.
2020-10-13 22:25:42 INFO  UserMenu:198 - User entered employee deletion menu.
2020-10-13 22:25:47 INFO  UserMenu:218 - Employee deleted car with ID #2
2020-10-13 22:25:50 INFO  UserMenu:117 - User entered the manager menu.
2020-10-13 22:26:48 INFO  Driver:22 - Application initialized. oooooooooooooooooooooooooooooooooooooooooooooooooooooooooooooooooooooooooooooooo
2020-10-13 22:26:48 INFO  Driver:30 - Guest entered main menu
2020-10-13 22:26:51 INFO  UserMenu:76 - Entering the login menu
2020-10-13 22:26:52 INFO  UserMenu:98 - Attempting to log in...
2020-10-13 22:26:54 INFO  UserMenu:102 - User successfully logged in
2020-10-13 22:26:54 INFO  Driver:36 - Manager entered main menu
2020-10-13 22:34:33 INFO  Driver:22 - Application initialized. oooooooooooooooooooooooooooooooooooooooooooooooooooooooooooooooooooooooooooooooo
2020-10-13 22:34:33 INFO  Driver:30 - Guest entered main menu
2020-10-13 22:35:02 INFO  UserMenu:28 - Entering the user registration menu
2020-10-13 22:35:06 INFO  UserController:36 - Customer successfully created: asd
2020-10-13 22:35:09 INFO  UserMenu:67 - Customer was successfully created.
2020-10-13 22:35:09 INFO  Driver:30 - Guest entered main menu
2020-10-13 22:35:10 INFO  UserMenu:76 - Entering the login menu
2020-10-13 22:35:11 INFO  UserMenu:98 - Attempting to log in...
2020-10-13 22:35:12 INFO  UserMenu:102 - User successfully logged in
2020-10-13 22:35:12 INFO  Driver:32 - Customer entered main menu
2020-10-13 22:35:14 INFO  CarLotMenu:63 - Entering the car lot as a customer
2020-10-13 22:35:15 INFO  CarLotMenu:374 - Customer is viewing their cars...
2020-10-13 22:38:45 INFO  Driver:22 - Application initialized. oooooooooooooooooooooooooooooooooooooooooooooooooooooooooooooooooooooooooooooooo
2020-10-13 22:38:45 INFO  Driver:30 - Guest entered main menu
2020-10-13 22:38:47 INFO  UserMenu:76 - Entering the login menu
2020-10-13 22:38:48 INFO  UserMenu:98 - Attempting to log in...
2020-10-13 22:38:50 INFO  UserMenu:102 - User successfully logged in
2020-10-13 22:38:50 INFO  Driver:32 - Customer entered main menu
2020-10-13 22:38:54 INFO  CarLotMenu:63 - Entering the car lot as a customer
2020-10-13 22:38:56 INFO  CarLotMenu:374 - Customer is viewing their cars...
2020-10-13 22:41:40 INFO  Driver:22 - Application initialized. oooooooooooooooooooooooooooooooooooooooooooooooooooooooooooooooooooooooooooooooo
2020-10-13 22:41:40 INFO  Driver:30 - Guest entered main menu
2020-10-13 22:41:41 INFO  UserMenu:76 - Entering the login menu
2020-10-13 22:41:43 INFO  UserMenu:98 - Attempting to log in...
2020-10-13 22:41:44 INFO  UserMenu:102 - User successfully logged in
2020-10-13 22:41:45 INFO  Driver:32 - Customer entered main menu
2020-10-13 22:41:53 INFO  CarLotMenu:64 - Entering the car lot as a customer
2020-10-13 22:41:55 INFO  CarLotMenu:375 - Customer is viewing their cars...
2020-10-13 22:43:03 INFO  MoneyMenu:86 - Customer is making a payment...
2020-10-13 22:43:06 INFO  MoneyMenu:128 - Offer found
2020-10-13 22:43:06 INFO  MoneyMenu:147 - Payment successfully sent to DB.
2020-10-13 22:43:08 INFO  CarLotMenu:375 - Customer is viewing their cars...
2020-10-13 22:43:14 INFO  MoneyMenu:86 - Customer is making a payment...
2020-10-13 22:43:17 INFO  MoneyMenu:128 - Offer found
2020-10-13 22:43:17 INFO  MoneyMenu:147 - Payment successfully sent to DB.
2020-10-13 22:43:18 INFO  CarLotMenu:375 - Customer is viewing their cars...
